2017-08-30 10:43:09 [ INFO] - org.springframework.context.support.ClassPathXmlApplicationContext : Refreshing org.springframework.context.support.ClassPathXmlApplicationContext@4ef16070: startup date [Wed Aug 30 10:43:09 CST 2017]; root of context hierarchy
  2017-08-30 10:43:09 [ INFO] - org.springframework.beans.factory.xml.XmlBeanDefinitionReader : Loading XML bean definitions from URL [file:/F:/java-neon/workspace/IntercomServer/target/classes/ApplicationContext.xml]
  2017-08-30 10:43:10 [ INFO] - org.springframework.context.support.PropertySourcesPlaceholderConfigurer : Loading properties file from class path resource [config.properties]
  2017-08-30 10:43:11 [ INFO] - com.mchange.v2.log.MLog : MLog clients using log4j logging.
  2017-08-30 10:43:11 [ INFO] - com.mchange.v2.c3p0.C3P0Registry : Initializing c3p0-0.9.1.2 [built 21-May-2007 15:04:56; debug? true; trace: 10]
  2017-08-30 10:43:12 [ INFO] - org.hibernate.annotations.common.Version : HCANN000001: Hibernate Commons Annotations {4.0.1.Final}
  2017-08-30 10:43:12 [ INFO] - org.hibernate.Version : HHH000412: Hibernate Core {4.1.0.Final}
  2017-08-30 10:43:12 [ INFO] - org.hibernate.cfg.Environment : HHH000206: hibernate.properties not found
  2017-08-30 10:43:12 [ INFO] - org.hibernate.cfg.Environment : HHH000021: Bytecode provider name : javassist
  2017-08-30 10:43:12 [ INFO] - org.hibernate.cfg.Configuration : HHH000044: Configuring from URL: file:/F:/java-neon/workspace/IntercomServer/target/classes/hibernate.cfg.xml
  2017-08-30 10:43:12 [ INFO] - org.hibernate.cfg.Configuration : HHH000041: Configured SessionFactory: null
  2017-08-30 10:43:12 [ INFO] - com.mchange.v2.c3p0.impl.AbstractPoolBackedDataSource : Initializing c3p0 pool... com.mchange.v2.c3p0.ComboPooledDataSource [ acquireIncrement -> 5, acquireRetryAttempts -> 30, acquireRetryDelay -> 1000, autoCommitOnClose -> false, automaticTestTable -> null, breakAfterAcquireFailure -> false, checkoutTimeout -> 0, connectionCustomizerClassName -> null, connectionTesterClassName -> com.mchange.v2.c3p0.impl.DefaultConnectionTester, dataSourceName -> 2sozv79qdlnp6r1j2xbr6|ac1c16d, debugUnreturnedConnectionStackTraces -> false, description -> null, driverClass -> com.mysql.jdbc.Driver, factoryClassLocation -> null, forceIgnoreUnresolvedTransactions -> false, identityToken -> 2sozv79qdlnp6r1j2xbr6|ac1c16d, idleConnectionTestPeriod -> 0, initialPoolSize -> 3, jdbcUrl -> jdbc:mysql://120.55.162.188:3306/IntercomData?useUnicode=true&characterEncoding=UTF8, maxAdministrativeTaskTime -> 0, maxConnectionAge -> 0, maxIdleTime -> 20, maxIdleTimeExcessConnections -> 0, maxPoolSize -> 1000, maxStatements -> 8, maxStatementsPerConnection -> 5, minPoolSize -> 3, numHelperThreads -> 3, numThreadsAwaitingCheckoutDefaultUser -> 0, preferredTestQuery -> null, properties -> {user=******, password=******}, propertyCycle -> 0, testConnectionOnCheckin -> false, testConnectionOnCheckout -> false, unreturnedConnectionTimeout -> 0, usesTraditionalReflectiveProxies -> false ]
  2017-08-30 10:43:13 [ INFO] - org.hibernate.dialect.Dialect : HHH000400: Using dialect: org.hibernate.dialect.MySQL5InnoDBDialect
  2017-08-30 10:43:13 [ INFO] - org.hibernate.engine.jdbc.internal.LobCreatorBuilder : HHH000423: Disabling contextual LOB creation as JDBC driver reported JDBC version [3] less than 4
  2017-08-30 10:43:13 [ INFO] - org.hibernate.engine.transaction.internal.TransactionFactoryInitiator : HHH000399: Using default transaction strategy (direct JDBC transactions)
  2017-08-30 10:43:13 [ INFO] - org.hibernate.hql.internal.ast.ASTQueryTranslatorFactory : HHH000397: Using ASTQueryTranslatorFactory
  2017-08-30 10:43:13 [ INFO] - org.hibernate.tool.hbm2ddl.SchemaUpdate : HHH000228: Running hbm2ddl schema update
  2017-08-30 10:43:13 [ INFO] - org.hibernate.tool.hbm2ddl.SchemaUpdate : HHH000102: Fetching database metadata
  2017-08-30 10:43:13 [ INFO] - org.hibernate.tool.hbm2ddl.SchemaUpdate : HHH000396: Updating schema
  2017-08-30 10:43:14 [ INFO] - org.hibernate.tool.hbm2ddl.TableMetadata : HHH000261: Table found: IntercomData.groupInfo
  2017-08-30 10:43:14 [ INFO] - org.hibernate.tool.hbm2ddl.TableMetadata : HHH000037: Columns: [id, name, owner]
  2017-08-30 10:43:14 [ INFO] - org.hibernate.tool.hbm2ddl.TableMetadata : HHH000108: Foreign keys: []
  2017-08-30 10:43:14 [ INFO] - org.hibernate.tool.hbm2ddl.TableMetadata : HHH000126: Indexes: [primary]
  2017-08-30 10:43:14 [ INFO] - org.hibernate.tool.hbm2ddl.TableMetadata : HHH000261: Table found: IntercomData.groupMember
  2017-08-30 10:43:14 [ INFO] - org.hibernate.tool.hbm2ddl.TableMetadata : HHH000037: Columns: [id, username, grade, groupid]
  2017-08-30 10:43:14 [ INFO] - org.hibernate.tool.hbm2ddl.TableMetadata : HHH000108: Foreign keys: [id, username]
  2017-08-30 10:43:14 [ INFO] - org.hibernate.tool.hbm2ddl.TableMetadata : HHH000126: Indexes: [username_idx, id_idx, primary]
  2017-08-30 10:43:14 [ INFO] - org.hibernate.tool.hbm2ddl.TableMetadata : HHH000261: Table found: IntercomData.user
  2017-08-30 10:43:14 [ INFO] - org.hibernate.tool.hbm2ddl.TableMetadata : HHH000037: Columns: [id, username, nickname, password]
  2017-08-30 10:43:14 [ INFO] - org.hibernate.tool.hbm2ddl.TableMetadata : HHH000108: Foreign keys: []
  2017-08-30 10:43:14 [ INFO] - org.hibernate.tool.hbm2ddl.TableMetadata : HHH000126: Indexes: [uid_unique, primary]
  2017-08-30 10:43:14 [ INFO] - org.hibernate.tool.hbm2ddl.SchemaUpdate : HHH000232: Schema update complete
  2017-08-30 10:43:14 [ INFO] - org.springframework.orm.hibernate4.HibernateTransactionManager : Using DataSource [com.mchange.v2.c3p0.ComboPooledDataSource [ acquireIncrement -> 5, acquireRetryAttempts -> 30, acquireRetryDelay -> 1000, autoCommitOnClose -> false, automaticTestTable -> null, breakAfterAcquireFailure -> false, checkoutTimeout -> 0, connectionCustomizerClassName -> null, connectionTesterClassName -> com.mchange.v2.c3p0.impl.DefaultConnectionTester, dataSourceName -> 2sozv79qdlnp6r1j2xbr6|ac1c16d, debugUnreturnedConnectionStackTraces -> false, description -> null, driverClass -> com.mysql.jdbc.Driver, factoryClassLocation -> null, forceIgnoreUnresolvedTransactions -> false, identityToken -> 2sozv79qdlnp6r1j2xbr6|ac1c16d, idleConnectionTestPeriod -> 0, initialPoolSize -> 3, jdbcUrl -> jdbc:mysql://120.55.162.188:3306/IntercomData?useUnicode=true&characterEncoding=UTF8, maxAdministrativeTaskTime -> 0, maxConnectionAge -> 0, maxIdleTime -> 20, maxIdleTimeExcessConnections -> 0, maxPoolSize -> 1000, maxStatements -> 8, maxStatementsPerConnection -> 5, minPoolSize -> 3, numHelperThreads -> 3, numThreadsAwaitingCheckoutDefaultUser -> 0, preferredTestQuery -> null, properties -> {user=******, password=******}, propertyCycle -> 0, testConnectionOnCheckin -> false, testConnectionOnCheckout -> false, unreturnedConnectionTimeout -> 0, usesTraditionalReflectiveProxies -> false ]] of Hibernate SessionFactory for HibernateTransactionManager
  2017-08-30 10:43:14 [ INFO] - sz.lzh.conversation.config.Configure : 读取了本地配置文件：F:\java-neon\workspace\IntercomServer\conf\config.properties
  2017-08-30 10:43:25 [ INFO] - net.easyits.tcp.connect.TcpAcceptor : 端口【6666】开始监听
  2017-08-30 10:43:25 [ INFO] - net.easyits.tcp.connect.TcpAcceptor : 端口【6000】开始监听
  2017-08-30 10:43:25 [ INFO] - net.easyits.tcp.connect.TcpAcceptor : 端口【6001】开始监听
  2017-08-30 10:43:25 [ INFO] - net.easyits.tcp.connect.TcpAcceptor : 端口【110】开始监听
  2017-08-30 11:20:00 [ INFO] - org.springframework.context.support.ClassPathXmlApplicationContext : Refreshing org.springframework.context.support.ClassPathXmlApplicationContext@4ef16070: startup date [Wed Aug 30 11:20:00 CST 2017]; root of context hierarchy
  2017-08-30 11:20:00 [ INFO] - org.springframework.beans.factory.xml.XmlBeanDefinitionReader : Loading XML bean definitions from URL [file:/F:/java-neon/workspace/IntercomServer/target/classes/ApplicationContext.xml]
  2017-08-30 11:20:01 [ INFO] - org.springframework.context.support.PropertySourcesPlaceholderConfigurer : Loading properties file from class path resource [config.properties]
  2017-08-30 11:20:01 [ INFO] - com.mchange.v2.log.MLog : MLog clients using log4j logging.
  2017-08-30 11:20:01 [ INFO] - com.mchange.v2.c3p0.C3P0Registry : Initializing c3p0-0.9.1.2 [built 21-May-2007 15:04:56; debug? true; trace: 10]
  2017-08-30 13:55:58 [ INFO] - org.springframework.context.support.ClassPathXmlApplicationContext : Refreshing org.springframework.context.support.ClassPathXmlApplicationContext@4ef16070: startup date [Wed Aug 30 13:55:58 CST 2017]; root of context hierarchy
  2017-08-30 13:55:58 [ INFO] - org.springframework.beans.factory.xml.XmlBeanDefinitionReader : Loading XML bean definitions from URL [file:/F:/java-neon/workspace/IntercomServer/target/classes/ApplicationContext.xml]
  2017-08-30 13:55:59 [ INFO] - org.springframework.context.support.PropertySourcesPlaceholderConfigurer : Loading properties file from class path resource [config.properties]
  2017-08-30 13:55:59 [ INFO] - com.mchange.v2.log.MLog : MLog clients using log4j logging.
  2017-08-30 13:56:00 [ INFO] - com.mchange.v2.c3p0.C3P0Registry : Initializing c3p0-0.9.1.2 [built 21-May-2007 15:04:56; debug? true; trace: 10]
  2017-08-30 13:56:00 [ INFO] - org.hibernate.annotations.common.Version : HCANN000001: Hibernate Commons Annotations {4.0.1.Final}
  2017-08-30 13:56:00 [ INFO] - org.hibernate.Version : HHH000412: Hibernate Core {4.1.0.Final}
  2017-08-30 13:56:00 [ INFO] - org.hibernate.cfg.Environment : HHH000206: hibernate.properties not found
  2017-08-30 13:56:00 [ INFO] - org.hibernate.cfg.Environment : HHH000021: Bytecode provider name : javassist
  2017-08-30 13:56:00 [ INFO] - org.hibernate.cfg.Configuration : HHH000044: Configuring from URL: file:/F:/java-neon/workspace/IntercomServer/target/classes/hibernate.cfg.xml
  2017-08-30 13:56:00 [ INFO] - org.hibernate.cfg.Configuration : HHH000041: Configured SessionFactory: null
  2017-08-30 13:56:00 [ INFO] - com.mchange.v2.c3p0.impl.AbstractPoolBackedDataSource : Initializing c3p0 pool... com.mchange.v2.c3p0.ComboPooledDataSource [ acquireIncrement -> 5, acquireRetryAttempts -> 30, acquireRetryDelay -> 1000, autoCommitOnClose -> false, automaticTestTable -> null, breakAfterAcquireFailure -> false, checkoutTimeout -> 0, connectionCustomizerClassName -> null, connectionTesterClassName -> com.mchange.v2.c3p0.impl.DefaultConnectionTester, dataSourceName -> 2sozv79qdsjnfw8tqlqn|ac1c16d, debugUnreturnedConnectionStackTraces -> false, description -> null, driverClass -> com.mysql.jdbc.Driver, factoryClassLocation -> null, forceIgnoreUnresolvedTransactions -> false, identityToken -> 2sozv79qdsjnfw8tqlqn|ac1c16d, idleConnectionTestPeriod -> 0, initialPoolSize -> 3, jdbcUrl -> jdbc:mysql://120.55.162.188:3306/IntercomData?useUnicode=true&characterEncoding=UTF8, maxAdministrativeTaskTime -> 0, maxConnectionAge -> 0, maxIdleTime -> 20, maxIdleTimeExcessConnections -> 0, maxPoolSize -> 1000, maxStatements -> 8, maxStatementsPerConnection -> 5, minPoolSize -> 3, numHelperThreads -> 3, numThreadsAwaitingCheckoutDefaultUser -> 0, preferredTestQuery -> null, properties -> {user=******, password=******}, propertyCycle -> 0, testConnectionOnCheckin -> false, testConnectionOnCheckout -> false, unreturnedConnectionTimeout -> 0, usesTraditionalReflectiveProxies -> false ]
  2017-08-30 13:56:01 [ INFO] - org.hibernate.dialect.Dialect : HHH000400: Using dialect: org.hibernate.dialect.MySQL5InnoDBDialect
  2017-08-30 13:56:01 [ INFO] - org.hibernate.engine.jdbc.internal.LobCreatorBuilder : HHH000423: Disabling contextual LOB creation as JDBC driver reported JDBC version [3] less than 4
  2017-08-30 13:56:01 [ INFO] - org.hibernate.engine.transaction.internal.TransactionFactoryInitiator : HHH000399: Using default transaction strategy (direct JDBC transactions)
  2017-08-30 13:56:01 [ INFO] - org.hibernate.hql.internal.ast.ASTQueryTranslatorFactory : HHH000397: Using ASTQueryTranslatorFactory
  2017-08-30 13:56:01 [ INFO] - org.hibernate.tool.hbm2ddl.SchemaUpdate : HHH000228: Running hbm2ddl schema update
  2017-08-30 13:56:01 [ INFO] - org.hibernate.tool.hbm2ddl.SchemaUpdate : HHH000102: Fetching database metadata
  2017-08-30 13:56:01 [ INFO] - org.hibernate.tool.hbm2ddl.SchemaUpdate : HHH000396: Updating schema
  2017-08-30 13:56:01 [ INFO] - org.hibernate.tool.hbm2ddl.TableMetadata : HHH000261: Table found: IntercomData.groupInfo
  2017-08-30 13:56:01 [ INFO] - org.hibernate.tool.hbm2ddl.TableMetadata : HHH000037: Columns: [id, name, owner]
  2017-08-30 13:56:01 [ INFO] - org.hibernate.tool.hbm2ddl.TableMetadata : HHH000108: Foreign keys: []
  2017-08-30 13:56:01 [ INFO] - org.hibernate.tool.hbm2ddl.TableMetadata : HHH000126: Indexes: [primary]
  2017-08-30 13:56:02 [ INFO] - org.hibernate.tool.hbm2ddl.TableMetadata : HHH000261: Table found: IntercomData.groupMember
  2017-08-30 13:56:02 [ INFO] - org.hibernate.tool.hbm2ddl.TableMetadata : HHH000037: Columns: [id, username, grade, groupid]
  2017-08-30 13:56:02 [ INFO] - org.hibernate.tool.hbm2ddl.TableMetadata : HHH000108: Foreign keys: [id, username]
  2017-08-30 13:56:02 [ INFO] - org.hibernate.tool.hbm2ddl.TableMetadata : HHH000126: Indexes: [username_idx, id_idx, primary]
  2017-08-30 13:56:02 [ INFO] - org.hibernate.tool.hbm2ddl.TableMetadata : HHH000261: Table found: IntercomData.user
  2017-08-30 13:56:02 [ INFO] - org.hibernate.tool.hbm2ddl.TableMetadata : HHH000037: Columns: [id, username, nickname, password]
  2017-08-30 13:56:02 [ INFO] - org.hibernate.tool.hbm2ddl.TableMetadata : HHH000108: Foreign keys: []
  2017-08-30 13:56:02 [ INFO] - org.hibernate.tool.hbm2ddl.TableMetadata : HHH000126: Indexes: [uid_unique, primary]
  2017-08-30 13:56:02 [ INFO] - org.hibernate.tool.hbm2ddl.SchemaUpdate : HHH000232: Schema update complete
  2017-08-30 13:56:02 [ INFO] - org.springframework.orm.hibernate4.HibernateTransactionManager : Using DataSource [com.mchange.v2.c3p0.ComboPooledDataSource [ acquireIncrement -> 5, acquireRetryAttempts -> 30, acquireRetryDelay -> 1000, autoCommitOnClose -> false, automaticTestTable -> null, breakAfterAcquireFailure -> false, checkoutTimeout -> 0, connectionCustomizerClassName -> null, connectionTesterClassName -> com.mchange.v2.c3p0.impl.DefaultConnectionTester, dataSourceName -> 2sozv79qdsjnfw8tqlqn|ac1c16d, debugUnreturnedConnectionStackTraces -> false, description -> null, driverClass -> com.mysql.jdbc.Driver, factoryClassLocation -> null, forceIgnoreUnresolvedTransactions -> false, identityToken -> 2sozv79qdsjnfw8tqlqn|ac1c16d, idleConnectionTestPeriod -> 0, initialPoolSize -> 3, jdbcUrl -> jdbc:mysql://120.55.162.188:3306/IntercomData?useUnicode=true&characterEncoding=UTF8, maxAdministrativeTaskTime -> 0, maxConnectionAge -> 0, maxIdleTime -> 20, maxIdleTimeExcessConnections -> 0, maxPoolSize -> 1000, maxStatements -> 8, maxStatementsPerConnection -> 5, minPoolSize -> 3, numHelperThreads -> 3, numThreadsAwaitingCheckoutDefaultUser -> 0, preferredTestQuery -> null, properties -> {user=******, password=******}, propertyCycle -> 0, testConnectionOnCheckin -> false, testConnectionOnCheckout -> false, unreturnedConnectionTimeout -> 0, usesTraditionalReflectiveProxies -> false ]] of Hibernate SessionFactory for HibernateTransactionManager
  2017-08-30 13:56:02 [ INFO] - sz.lzh.conversation.config.Configure : 读取了本地配置文件：F:\java-neon\workspace\IntercomServer\conf\config.properties
  2017-08-30 13:56:10 [ INFO] - net.easyits.tcp.connect.TcpAcceptor : 端口【6666】开始监听
  2017-08-30 13:56:10 [ INFO] - net.easyits.tcp.connect.TcpAcceptor : 端口【6000】开始监听
  2017-08-30 13:56:10 [ INFO] - net.easyits.tcp.connect.TcpAcceptor : 端口【6001】开始监听
  2017-08-30 13:56:10 [ INFO] - net.easyits.tcp.connect.TcpAcceptor : 端口【110】开始监听
  2017-08-30 14:33:49 [ WARN] - io.netty.channel.DefaultChannelPipeline : An exceptionCaught() event was fired, and it reached at the tail of the pipeline. It usually means the last handler in the pipeline did not handle the exception.
  java.io.IOException: 远程主机强迫关闭了一个现有的连接。
	at sun.nio.ch.SocketDispatcher.read0(Native Method)
	at sun.nio.ch.SocketDispatcher.read(Unknown Source)
	at sun.nio.ch.IOUtil.readIntoNativeBuffer(Unknown Source)
	at sun.nio.ch.IOUtil.read(Unknown Source)
	at sun.nio.ch.SocketChannelImpl.read(Unknown Source)
	at io.netty.buffer.PooledUnsafeDirectByteBuf.setBytes(PooledUnsafeDirectByteBuf.java:288)
	at io.netty.buffer.AbstractByteBuf.writeBytes(AbstractByteBuf.java:1100)
	at io.netty.channel.socket.nio.NioSocketChannel.doReadBytes(NioSocketChannel.java:366)
	at io.netty.channel.nio.AbstractNioByteChannel$NioByteUnsafe.read(AbstractNioByteChannel.java:118)
	at io.netty.channel.nio.NioEventLoop.processSelectedKey(NioEventLoop.java:651)
	at io.netty.channel.nio.NioEventLoop.processSelectedKeysOptimized(NioEventLoop.java:574)
	at io.netty.channel.nio.NioEventLoop.processSelectedKeys(NioEventLoop.java:488)
	at io.netty.channel.nio.NioEventLoop.run(NioEventLoop.java:450)
	at io.netty.util.concurrent.SingleThreadEventExecutor$5.run(SingleThreadEventExecutor.java:873)
	at io.netty.util.concurrent.DefaultThreadFactory$DefaultRunnableDecorator.run(DefaultThreadFactory.java:144)
	at java.lang.Thread.run(Unknown Source)
2017-08-30 14:35:22 [ INFO] - org.springframework.context.support.ClassPathXmlApplicationContext : Refreshing org.springframework.context.support.ClassPathXmlApplicationContext@48f2818d: startup date [Wed Aug 30 14:35:22 CST 2017]; root of context hierarchy
  2017-08-30 14:35:22 [ INFO] - org.springframework.beans.factory.xml.XmlBeanDefinitionReader : Loading XML bean definitions from URL [file:/F:/java-neon/workspace/IntercomServer/target/classes/ApplicationContext.xml]
  2017-08-30 14:35:23 [ INFO] - org.springframework.context.support.PropertySourcesPlaceholderConfigurer : Loading properties file from class path resource [config.properties]
  2017-08-30 14:35:23 [ INFO] - com.mchange.v2.log.MLog : MLog clients using log4j logging.
  2017-08-30 14:35:23 [ INFO] - com.mchange.v2.c3p0.C3P0Registry : Initializing c3p0-0.9.1.2 [built 21-May-2007 15:04:56; debug? true; trace: 10]
  2017-08-30 14:35:23 [ INFO] - org.hibernate.annotations.common.Version : HCANN000001: Hibernate Commons Annotations {4.0.1.Final}
  2017-08-30 14:35:23 [ INFO] - org.hibernate.Version : HHH000412: Hibernate Core {4.1.0.Final}
  2017-08-30 14:35:23 [ INFO] - org.hibernate.cfg.Environment : HHH000206: hibernate.properties not found
  2017-08-30 14:35:23 [ INFO] - org.hibernate.cfg.Environment : HHH000021: Bytecode provider name : javassist
  2017-08-30 14:35:23 [ INFO] - org.hibernate.cfg.Configuration : HHH000044: Configuring from URL: file:/F:/java-neon/workspace/IntercomServer/target/classes/hibernate.cfg.xml
  2017-08-30 14:35:23 [ INFO] - org.hibernate.cfg.Configuration : HHH000041: Configured SessionFactory: null
  2017-08-30 14:35:23 [ INFO] - com.mchange.v2.c3p0.impl.AbstractPoolBackedDataSource : Initializing c3p0 pool... com.mchange.v2.c3p0.ComboPooledDataSource [ acquireIncrement -> 5, acquireRetryAttempts -> 30, acquireRetryDelay -> 1000, autoCommitOnClose -> false, automaticTestTable -> null, breakAfterAcquireFailure -> false, checkoutTimeout -> 0, connectionCustomizerClassName -> null, connectionTesterClassName -> com.mchange.v2.c3p0.impl.DefaultConnectionTester, dataSourceName -> 2sozv79qdtyb2nwzzxtc|ac1c16d, debugUnreturnedConnectionStackTraces -> false, description -> null, driverClass -> com.mysql.jdbc.Driver, factoryClassLocation -> null, forceIgnoreUnresolvedTransactions -> false, identityToken -> 2sozv79qdtyb2nwzzxtc|ac1c16d, idleConnectionTestPeriod -> 0, initialPoolSize -> 3, jdbcUrl -> jdbc:mysql://120.55.162.188:3306/IntercomData?useUnicode=true&characterEncoding=UTF8, maxAdministrativeTaskTime -> 0, maxConnectionAge -> 0, maxIdleTime -> 20, maxIdleTimeExcessConnections -> 0, maxPoolSize -> 1000, maxStatements -> 8, maxStatementsPerConnection -> 5, minPoolSize -> 3, numHelperThreads -> 3, numThreadsAwaitingCheckoutDefaultUser -> 0, preferredTestQuery -> null, properties -> {user=******, password=******}, propertyCycle -> 0, testConnectionOnCheckin -> false, testConnectionOnCheckout -> false, unreturnedConnectionTimeout -> 0, usesTraditionalReflectiveProxies -> false ]
  2017-08-30 14:35:24 [ INFO] - org.hibernate.dialect.Dialect : HHH000400: Using dialect: org.hibernate.dialect.MySQL5InnoDBDialect
  2017-08-30 14:35:24 [ INFO] - org.hibernate.engine.jdbc.internal.LobCreatorBuilder : HHH000423: Disabling contextual LOB creation as JDBC driver reported JDBC version [3] less than 4
  2017-08-30 14:35:24 [ INFO] - org.hibernate.engine.transaction.internal.TransactionFactoryInitiator : HHH000399: Using default transaction strategy (direct JDBC transactions)
  2017-08-30 14:35:24 [ INFO] - org.hibernate.hql.internal.ast.ASTQueryTranslatorFactory : HHH000397: Using ASTQueryTranslatorFactory
  2017-08-30 14:35:24 [ INFO] - org.hibernate.tool.hbm2ddl.SchemaUpdate : HHH000228: Running hbm2ddl schema update
  2017-08-30 14:35:24 [ INFO] - org.hibernate.tool.hbm2ddl.SchemaUpdate : HHH000102: Fetching database metadata
  2017-08-30 14:35:24 [ INFO] - org.hibernate.tool.hbm2ddl.SchemaUpdate : HHH000396: Updating schema
  2017-08-30 14:35:24 [ INFO] - org.hibernate.tool.hbm2ddl.TableMetadata : HHH000261: Table found: IntercomData.groupInfo
  2017-08-30 14:35:24 [ INFO] - org.hibernate.tool.hbm2ddl.TableMetadata : HHH000037: Columns: [id, name, owner]
  2017-08-30 14:35:24 [ INFO] - org.hibernate.tool.hbm2ddl.TableMetadata : HHH000108: Foreign keys: []
  2017-08-30 14:35:24 [ INFO] - org.hibernate.tool.hbm2ddl.TableMetadata : HHH000126: Indexes: [primary]
  2017-08-30 14:35:24 [ INFO] - org.hibernate.tool.hbm2ddl.TableMetadata : HHH000261: Table found: IntercomData.groupMember
  2017-08-30 14:35:24 [ INFO] - org.hibernate.tool.hbm2ddl.TableMetadata : HHH000037: Columns: [id, username, grade, groupid]
  2017-08-30 14:35:24 [ INFO] - org.hibernate.tool.hbm2ddl.TableMetadata : HHH000108: Foreign keys: [id, username]
  2017-08-30 14:35:24 [ INFO] - org.hibernate.tool.hbm2ddl.TableMetadata : HHH000126: Indexes: [username_idx, id_idx, primary]
  2017-08-30 14:35:25 [ INFO] - org.hibernate.tool.hbm2ddl.TableMetadata : HHH000261: Table found: IntercomData.user
  2017-08-30 14:35:25 [ INFO] - org.hibernate.tool.hbm2ddl.TableMetadata : HHH000037: Columns: [id, username, nickname, password]
  2017-08-30 14:35:25 [ INFO] - org.hibernate.tool.hbm2ddl.TableMetadata : HHH000108: Foreign keys: []
  2017-08-30 14:35:25 [ INFO] - org.hibernate.tool.hbm2ddl.TableMetadata : HHH000126: Indexes: [uid_unique, primary]
  2017-08-30 14:35:25 [ INFO] - org.hibernate.tool.hbm2ddl.SchemaUpdate : HHH000232: Schema update complete
  2017-08-30 14:35:25 [ INFO] - org.springframework.orm.hibernate4.HibernateTransactionManager : Using DataSource [com.mchange.v2.c3p0.ComboPooledDataSource [ acquireIncrement -> 5, acquireRetryAttempts -> 30, acquireRetryDelay -> 1000, autoCommitOnClose -> false, automaticTestTable -> null, breakAfterAcquireFailure -> false, checkoutTimeout -> 0, connectionCustomizerClassName -> null, connectionTesterClassName -> com.mchange.v2.c3p0.impl.DefaultConnectionTester, dataSourceName -> 2sozv79qdtyb2nwzzxtc|ac1c16d, debugUnreturnedConnectionStackTraces -> false, description -> null, driverClass -> com.mysql.jdbc.Driver, factoryClassLocation -> null, forceIgnoreUnresolvedTransactions -> false, identityToken -> 2sozv79qdtyb2nwzzxtc|ac1c16d, idleConnectionTestPeriod -> 0, initialPoolSize -> 3, jdbcUrl -> jdbc:mysql://120.55.162.188:3306/IntercomData?useUnicode=true&characterEncoding=UTF8, maxAdministrativeTaskTime -> 0, maxConnectionAge -> 0, maxIdleTime -> 20, maxIdleTimeExcessConnections -> 0, maxPoolSize -> 1000, maxStatements -> 8, maxStatementsPerConnection -> 5, minPoolSize -> 3, numHelperThreads -> 3, numThreadsAwaitingCheckoutDefaultUser -> 0, preferredTestQuery -> null, properties -> {user=******, password=******}, propertyCycle -> 0, testConnectionOnCheckin -> false, testConnectionOnCheckout -> false, unreturnedConnectionTimeout -> 0, usesTraditionalReflectiveProxies -> false ]] of Hibernate SessionFactory for HibernateTransactionManager
  2017-08-30 14:35:25 [ INFO] - sz.lzh.conversation.config.Configure : 读取了本地配置文件：F:\java-neon\workspace\IntercomServer\conf\config.properties
  2017-08-30 14:35:33 [ INFO] - net.easyits.tcp.connect.TcpAcceptor : 端口【6666】开始监听
  2017-08-30 14:35:33 [ INFO] - net.easyits.tcp.connect.TcpAcceptor : 端口【6000】开始监听
  2017-08-30 14:35:33 [ INFO] - net.easyits.tcp.connect.TcpAcceptor : 端口【6001】开始监听
  2017-08-30 14:35:33 [ INFO] - net.easyits.tcp.connect.TcpAcceptor : 端口【110】开始监听
  2017-08-30 14:44:33 [ INFO] - org.springframework.context.support.ClassPathXmlApplicationContext : Refreshing org.springframework.context.support.ClassPathXmlApplicationContext@4ef16070: startup date [Wed Aug 30 14:44:33 CST 2017]; root of context hierarchy
  2017-08-30 14:44:33 [ INFO] - org.springframework.beans.factory.xml.XmlBeanDefinitionReader : Loading XML bean definitions from URL [file:/F:/java-neon/workspace/IntercomServer/target/classes/ApplicationContext.xml]
  2017-08-30 14:44:34 [ INFO] - org.springframework.context.support.PropertySourcesPlaceholderConfigurer : Loading properties file from class path resource [config.properties]
  2017-08-30 14:44:34 [ INFO] - com.mchange.v2.log.MLog : MLog clients using log4j logging.
  2017-08-30 14:44:34 [ INFO] - com.mchange.v2.c3p0.C3P0Registry : Initializing c3p0-0.9.1.2 [built 21-May-2007 15:04:56; debug? true; trace: 10]
  2017-08-30 14:44:34 [ INFO] - org.hibernate.annotations.common.Version : HCANN000001: Hibernate Commons Annotations {4.0.1.Final}
  2017-08-30 14:44:34 [ INFO] - org.hibernate.Version : HHH000412: Hibernate Core {4.1.0.Final}
  2017-08-30 14:44:34 [ INFO] - org.hibernate.cfg.Environment : HHH000206: hibernate.properties not found
  2017-08-30 14:44:34 [ INFO] - org.hibernate.cfg.Environment : HHH000021: Bytecode provider name : javassist
  2017-08-30 14:44:34 [ INFO] - org.hibernate.cfg.Configuration : HHH000044: Configuring from URL: file:/F:/java-neon/workspace/IntercomServer/target/classes/hibernate.cfg.xml
  2017-08-30 14:44:34 [ INFO] - org.hibernate.cfg.Configuration : HHH000041: Configured SessionFactory: null
  2017-08-30 14:44:34 [ INFO] - com.mchange.v2.c3p0.impl.AbstractPoolBackedDataSource : Initializing c3p0 pool... com.mchange.v2.c3p0.ComboPooledDataSource [ acquireIncrement -> 5, acquireRetryAttempts -> 30, acquireRetryDelay -> 1000, autoCommitOnClose -> false, automaticTestTable -> null, breakAfterAcquireFailure -> false, checkoutTimeout -> 0, connectionCustomizerClassName -> null, connectionTesterClassName -> com.mchange.v2.c3p0.impl.DefaultConnectionTester, dataSourceName -> 2sozv79qdua4adv18j43|8c202ae, debugUnreturnedConnectionStackTraces -> false, description -> null, driverClass -> com.mysql.jdbc.Driver, factoryClassLocation -> null, forceIgnoreUnresolvedTransactions -> false, identityToken -> 2sozv79qdua4adv18j43|8c202ae, idleConnectionTestPeriod -> 0, initialPoolSize -> 3, jdbcUrl -> jdbc:mysql://120.55.162.188:3306/IntercomData?useUnicode=true&characterEncoding=UTF8, maxAdministrativeTaskTime -> 0, maxConnectionAge -> 0, maxIdleTime -> 20, maxIdleTimeExcessConnections -> 0, maxPoolSize -> 1000, maxStatements -> 8, maxStatementsPerConnection -> 5, minPoolSize -> 3, numHelperThreads -> 3, numThreadsAwaitingCheckoutDefaultUser -> 0, preferredTestQuery -> null, properties -> {user=******, password=******}, propertyCycle -> 0, testConnectionOnCheckin -> false, testConnectionOnCheckout -> false, unreturnedConnectionTimeout -> 0, usesTraditionalReflectiveProxies -> false ]
  2017-08-30 14:44:35 [ INFO] - org.hibernate.dialect.Dialect : HHH000400: Using dialect: org.hibernate.dialect.MySQL5InnoDBDialect
  2017-08-30 14:44:35 [ INFO] - org.hibernate.engine.jdbc.internal.LobCreatorBuilder : HHH000423: Disabling contextual LOB creation as JDBC driver reported JDBC version [3] less than 4
  2017-08-30 14:44:35 [ INFO] - org.hibernate.engine.transaction.internal.TransactionFactoryInitiator : HHH000399: Using default transaction strategy (direct JDBC transactions)
  2017-08-30 14:44:35 [ INFO] - org.hibernate.hql.internal.ast.ASTQueryTranslatorFactory : HHH000397: Using ASTQueryTranslatorFactory
  2017-08-30 14:44:35 [ INFO] - org.hibernate.tool.hbm2ddl.SchemaUpdate : HHH000228: Running hbm2ddl schema update
  2017-08-30 14:44:35 [ INFO] - org.hibernate.tool.hbm2ddl.SchemaUpdate : HHH000102: Fetching database metadata
  2017-08-30 14:44:35 [ INFO] - org.hibernate.tool.hbm2ddl.SchemaUpdate : HHH000396: Updating schema
  2017-08-30 14:44:35 [ INFO] - org.hibernate.tool.hbm2ddl.TableMetadata : HHH000261: Table found: IntercomData.groupInfo
  2017-08-30 14:44:35 [ INFO] - org.hibernate.tool.hbm2ddl.TableMetadata : HHH000037: Columns: [id, name, owner]
  2017-08-30 14:44:35 [ INFO] - org.hibernate.tool.hbm2ddl.TableMetadata : HHH000108: Foreign keys: []
  2017-08-30 14:44:35 [ INFO] - org.hibernate.tool.hbm2ddl.TableMetadata : HHH000126: Indexes: [primary]
  2017-08-30 14:44:36 [ INFO] - org.hibernate.tool.hbm2ddl.TableMetadata : HHH000261: Table found: IntercomData.groupMember
  2017-08-30 14:44:36 [ INFO] - org.hibernate.tool.hbm2ddl.TableMetadata : HHH000037: Columns: [id, username, grade, groupid]
  2017-08-30 14:44:36 [ INFO] - org.hibernate.tool.hbm2ddl.TableMetadata : HHH000108: Foreign keys: [id, username]
  2017-08-30 14:44:36 [ INFO] - org.hibernate.tool.hbm2ddl.TableMetadata : HHH000126: Indexes: [username_idx, id_idx, primary]
  2017-08-30 14:44:36 [ INFO] - org.hibernate.tool.hbm2ddl.TableMetadata : HHH000261: Table found: IntercomData.user
  2017-08-30 14:44:36 [ INFO] - org.hibernate.tool.hbm2ddl.TableMetadata : HHH000037: Columns: [id, username, nickname, password]
  2017-08-30 14:44:36 [ INFO] - org.hibernate.tool.hbm2ddl.TableMetadata : HHH000108: Foreign keys: []
  2017-08-30 14:44:36 [ INFO] - org.hibernate.tool.hbm2ddl.TableMetadata : HHH000126: Indexes: [uid_unique, primary]
  2017-08-30 14:44:36 [ INFO] - org.hibernate.tool.hbm2ddl.SchemaUpdate : HHH000232: Schema update complete
  2017-08-30 14:44:36 [ INFO] - org.springframework.orm.hibernate4.HibernateTransactionManager : Using DataSource [com.mchange.v2.c3p0.ComboPooledDataSource [ acquireIncrement -> 5, acquireRetryAttempts -> 30, acquireRetryDelay -> 1000, autoCommitOnClose -> false, automaticTestTable -> null, breakAfterAcquireFailure -> false, checkoutTimeout -> 0, connectionCustomizerClassName -> null, connectionTesterClassName -> com.mchange.v2.c3p0.impl.DefaultConnectionTester, dataSourceName -> 2sozv79qdua4adv18j43|8c202ae, debugUnreturnedConnectionStackTraces -> false, description -> null, driverClass -> com.mysql.jdbc.Driver, factoryClassLocation -> null, forceIgnoreUnresolvedTransactions -> false, identityToken -> 2sozv79qdua4adv18j43|8c202ae, idleConnectionTestPeriod -> 0, initialPoolSize -> 3, jdbcUrl -> jdbc:mysql://120.55.162.188:3306/IntercomData?useUnicode=true&characterEncoding=UTF8, maxAdministrativeTaskTime -> 0, maxConnectionAge -> 0, maxIdleTime -> 20, maxIdleTimeExcessConnections -> 0, maxPoolSize -> 1000, maxStatements -> 8, maxStatementsPerConnection -> 5, minPoolSize -> 3, numHelperThreads -> 3, numThreadsAwaitingCheckoutDefaultUser -> 0, preferredTestQuery -> null, properties -> {user=******, password=******}, propertyCycle -> 0, testConnectionOnCheckin -> false, testConnectionOnCheckout -> false, unreturnedConnectionTimeout -> 0, usesTraditionalReflectiveProxies -> false ]] of Hibernate SessionFactory for HibernateTransactionManager
  2017-08-30 14:44:36 [ INFO] - sz.lzh.conversation.config.Configure : 读取了本地配置文件：F:\java-neon\workspace\IntercomServer\conf\config.properties
  2017-08-30 14:44:44 [ INFO] - net.easyits.tcp.connect.TcpAcceptor : 端口【6666】开始监听
  2017-08-30 14:44:44 [ INFO] - net.easyits.tcp.connect.TcpAcceptor : 端口【6000】开始监听
  2017-08-30 14:44:44 [ INFO] - net.easyits.tcp.connect.TcpAcceptor : 端口【6001】开始监听
  2017-08-30 14:44:44 [ INFO] - net.easyits.tcp.connect.TcpAcceptor : 端口【110】开始监听
  