2017-08-21 09:51:22 [ INFO] - org.springframework.context.support.ClassPathXmlApplicationContext : Refreshing org.springframework.context.support.ClassPathXmlApplicationContext@4ef16070: startup date [Mon Aug 21 09:51:22 CST 2017]; root of context hierarchy
  2017-08-21 09:51:22 [ INFO] - org.springframework.beans.factory.xml.XmlBeanDefinitionReader : Loading XML bean definitions from URL [file:/F:/java-neon/workspace/IntercomServer/target/classes/ApplicationContext.xml]
  2017-08-21 09:51:24 [ INFO] - org.springframework.context.support.PropertySourcesPlaceholderConfigurer : Loading properties file from class path resource [config.properties]
  2017-08-21 09:51:25 [ INFO] - com.mchange.v2.log.MLog : MLog clients using log4j logging.
  2017-08-21 09:51:25 [ INFO] - com.mchange.v2.c3p0.C3P0Registry : Initializing c3p0-0.9.1.2 [built 21-May-2007 15:04:56; debug? true; trace: 10]
  2017-08-21 09:51:25 [ INFO] - org.hibernate.annotations.common.Version : HCANN000001: Hibernate Commons Annotations {4.0.1.Final}
  2017-08-21 09:51:25 [ INFO] - org.hibernate.Version : HHH000412: Hibernate Core {4.1.0.Final}
  2017-08-21 09:51:25 [ INFO] - org.hibernate.cfg.Environment : HHH000206: hibernate.properties not found
  2017-08-21 09:51:25 [ INFO] - org.hibernate.cfg.Environment : HHH000021: Bytecode provider name : javassist
  2017-08-21 09:51:25 [ INFO] - org.hibernate.cfg.Configuration : HHH000044: Configuring from URL: file:/F:/java-neon/workspace/IntercomServer/target/classes/hibernate.cfg.xml
  2017-08-21 09:51:25 [ INFO] - org.hibernate.cfg.Configuration : HHH000041: Configured SessionFactory: null
  2017-08-21 09:51:25 [ INFO] - com.mchange.v2.c3p0.impl.AbstractPoolBackedDataSource : Initializing c3p0 pool... com.mchange.v2.c3p0.ComboPooledDataSource [ acquireIncrement -> 5, acquireRetryAttempts -> 30, acquireRetryDelay -> 1000, autoCommitOnClose -> false, automaticTestTable -> null, breakAfterAcquireFailure -> false, checkoutTimeout -> 0, connectionCustomizerClassName -> null, connectionTesterClassName -> com.mchange.v2.c3p0.impl.DefaultConnectionTester, dataSourceName -> 2sozv79qougcfr6gcxd|3609075a, debugUnreturnedConnectionStackTraces -> false, description -> null, driverClass -> com.mysql.jdbc.Driver, factoryClassLocation -> null, forceIgnoreUnresolvedTransactions -> false, identityToken -> 2sozv79qougcfr6gcxd|3609075a, idleConnectionTestPeriod -> 0, initialPoolSize -> 3, jdbcUrl -> jdbc:mysql://120.55.162.188:3306/IntercomData?useUnicode=true&characterEncoding=UTF8, maxAdministrativeTaskTime -> 0, maxConnectionAge -> 0, maxIdleTime -> 20, maxIdleTimeExcessConnections -> 0, maxPoolSize -> 1000, maxStatements -> 8, maxStatementsPerConnection -> 5, minPoolSize -> 3, numHelperThreads -> 3, numThreadsAwaitingCheckoutDefaultUser -> 0, preferredTestQuery -> null, properties -> {user=******, password=******}, propertyCycle -> 0, testConnectionOnCheckin -> false, testConnectionOnCheckout -> false, unreturnedConnectionTimeout -> 0, usesTraditionalReflectiveProxies -> false ]
  2017-08-21 09:51:26 [ INFO] - org.hibernate.dialect.Dialect : HHH000400: Using dialect: org.hibernate.dialect.MySQL5InnoDBDialect
  2017-08-21 09:51:26 [ INFO] - org.hibernate.engine.jdbc.internal.LobCreatorBuilder : HHH000423: Disabling contextual LOB creation as JDBC driver reported JDBC version [3] less than 4
  2017-08-21 09:51:26 [ INFO] - org.hibernate.engine.transaction.internal.TransactionFactoryInitiator : HHH000399: Using default transaction strategy (direct JDBC transactions)
  2017-08-21 09:51:26 [ INFO] - org.hibernate.hql.internal.ast.ASTQueryTranslatorFactory : HHH000397: Using ASTQueryTranslatorFactory
  2017-08-21 09:51:26 [ INFO] - org.hibernate.tool.hbm2ddl.SchemaUpdate : HHH000228: Running hbm2ddl schema update
  2017-08-21 09:51:26 [ INFO] - org.hibernate.tool.hbm2ddl.SchemaUpdate : HHH000102: Fetching database metadata
  2017-08-21 09:51:26 [ INFO] - org.hibernate.tool.hbm2ddl.SchemaUpdate : HHH000396: Updating schema
  2017-08-21 09:51:26 [ INFO] - org.hibernate.tool.hbm2ddl.TableMetadata : HHH000261: Table found: IntercomData.groupInfo
  2017-08-21 09:51:26 [ INFO] - org.hibernate.tool.hbm2ddl.TableMetadata : HHH000037: Columns: [id, name, owner]
  2017-08-21 09:51:26 [ INFO] - org.hibernate.tool.hbm2ddl.TableMetadata : HHH000108: Foreign keys: []
  2017-08-21 09:51:26 [ INFO] - org.hibernate.tool.hbm2ddl.TableMetadata : HHH000126: Indexes: [primary]
  2017-08-21 09:51:27 [ INFO] - org.hibernate.tool.hbm2ddl.TableMetadata : HHH000261: Table found: IntercomData.groupMember
  2017-08-21 09:51:27 [ INFO] - org.hibernate.tool.hbm2ddl.TableMetadata : HHH000037: Columns: [id, username, grade, groupid]
  2017-08-21 09:51:27 [ INFO] - org.hibernate.tool.hbm2ddl.TableMetadata : HHH000108: Foreign keys: [id, username]
  2017-08-21 09:51:27 [ INFO] - org.hibernate.tool.hbm2ddl.TableMetadata : HHH000126: Indexes: [username_idx, id_idx, primary]
  2017-08-21 09:51:27 [ INFO] - org.hibernate.tool.hbm2ddl.TableMetadata : HHH000261: Table found: IntercomData.user
  2017-08-21 09:51:27 [ INFO] - org.hibernate.tool.hbm2ddl.TableMetadata : HHH000037: Columns: [id, username, nickname, password]
  2017-08-21 09:51:27 [ INFO] - org.hibernate.tool.hbm2ddl.TableMetadata : HHH000108: Foreign keys: []
  2017-08-21 09:51:27 [ INFO] - org.hibernate.tool.hbm2ddl.TableMetadata : HHH000126: Indexes: [uid_unique, primary]
  2017-08-21 09:51:27 [ INFO] - org.hibernate.tool.hbm2ddl.SchemaUpdate : HHH000232: Schema update complete
  2017-08-21 09:51:27 [ INFO] - org.springframework.orm.hibernate4.HibernateTransactionManager : Using DataSource [com.mchange.v2.c3p0.ComboPooledDataSource [ acquireIncrement -> 5, acquireRetryAttempts -> 30, acquireRetryDelay -> 1000, autoCommitOnClose -> false, automaticTestTable -> null, breakAfterAcquireFailure -> false, checkoutTimeout -> 0, connectionCustomizerClassName -> null, connectionTesterClassName -> com.mchange.v2.c3p0.impl.DefaultConnectionTester, dataSourceName -> 2sozv79qougcfr6gcxd|3609075a, debugUnreturnedConnectionStackTraces -> false, description -> null, driverClass -> com.mysql.jdbc.Driver, factoryClassLocation -> null, forceIgnoreUnresolvedTransactions -> false, identityToken -> 2sozv79qougcfr6gcxd|3609075a, idleConnectionTestPeriod -> 0, initialPoolSize -> 3, jdbcUrl -> jdbc:mysql://120.55.162.188:3306/IntercomData?useUnicode=true&characterEncoding=UTF8, maxAdministrativeTaskTime -> 0, maxConnectionAge -> 0, maxIdleTime -> 20, maxIdleTimeExcessConnections -> 0, maxPoolSize -> 1000, maxStatements -> 8, maxStatementsPerConnection -> 5, minPoolSize -> 3, numHelperThreads -> 3, numThreadsAwaitingCheckoutDefaultUser -> 0, preferredTestQuery -> null, properties -> {user=******, password=******}, propertyCycle -> 0, testConnectionOnCheckin -> false, testConnectionOnCheckout -> false, unreturnedConnectionTimeout -> 0, usesTraditionalReflectiveProxies -> false ]] of Hibernate SessionFactory for HibernateTransactionManager
  2017-08-21 09:51:27 [ INFO] - sz.lzh.conversation.config.Configure : 读取了本地配置文件：F:\java-neon\workspace\IntercomServer\conf\config.properties
  2017-08-21 09:51:44 [ INFO] - net.easyits.tcp.connect.TcpAcceptor : 端口【6666】开始监听
  2017-08-21 09:51:44 [ INFO] - net.easyits.tcp.connect.TcpAcceptor : 端口【6000】开始监听
  2017-08-21 09:51:44 [ INFO] - net.easyits.tcp.connect.TcpAcceptor : 端口【6001】开始监听
  2017-08-21 09:51:44 [ INFO] - net.easyits.tcp.connect.TcpAcceptor : 端口【110】开始监听
  2017-08-21 10:00:03 [ INFO] - org.springframework.context.support.ClassPathXmlApplicationContext : Refreshing org.springframework.context.support.ClassPathXmlApplicationContext@c4d95c7: startup date [Mon Aug 21 10:00:03 CST 2017]; root of context hierarchy
  2017-08-21 10:00:03 [ INFO] - org.springframework.beans.factory.xml.XmlBeanDefinitionReader : Loading XML bean definitions from URL [file:/F:/java-neon/workspace/IntercomServer/target/classes/ApplicationContext.xml]
  2017-08-21 10:00:04 [ INFO] - org.springframework.context.support.PropertySourcesPlaceholderConfigurer : Loading properties file from class path resource [config.properties]
  2017-08-21 10:00:04 [ INFO] - com.mchange.v2.log.MLog : MLog clients using log4j logging.
  2017-08-21 10:00:04 [ INFO] - com.mchange.v2.c3p0.C3P0Registry : Initializing c3p0-0.9.1.2 [built 21-May-2007 15:04:56; debug? true; trace: 10]
  2017-08-21 10:00:04 [ INFO] - org.hibernate.annotations.common.Version : HCANN000001: Hibernate Commons Annotations {4.0.1.Final}
  2017-08-21 10:00:04 [ INFO] - org.hibernate.Version : HHH000412: Hibernate Core {4.1.0.Final}
  2017-08-21 10:00:04 [ INFO] - org.hibernate.cfg.Environment : HHH000206: hibernate.properties not found
  2017-08-21 10:00:04 [ INFO] - org.hibernate.cfg.Environment : HHH000021: Bytecode provider name : javassist
  2017-08-21 10:00:04 [ INFO] - org.hibernate.cfg.Configuration : HHH000044: Configuring from URL: file:/F:/java-neon/workspace/IntercomServer/target/classes/hibernate.cfg.xml
  2017-08-21 10:00:05 [ INFO] - org.hibernate.cfg.Configuration : HHH000041: Configured SessionFactory: null
  2017-08-21 10:00:05 [ INFO] - com.mchange.v2.c3p0.impl.AbstractPoolBackedDataSource : Initializing c3p0 pool... com.mchange.v2.c3p0.ComboPooledDataSource [ acquireIncrement -> 5, acquireRetryAttempts -> 30, acquireRetryDelay -> 1000, autoCommitOnClose -> false, automaticTestTable -> null, breakAfterAcquireFailure -> false, checkoutTimeout -> 0, connectionCustomizerClassName -> null, connectionTesterClassName -> com.mchange.v2.c3p0.impl.DefaultConnectionTester, dataSourceName -> 2sozv79qp5l6p1vgp685|3681e09f, debugUnreturnedConnectionStackTraces -> false, description -> null, driverClass -> com.mysql.jdbc.Driver, factoryClassLocation -> null, forceIgnoreUnresolvedTransactions -> false, identityToken -> 2sozv79qp5l6p1vgp685|3681e09f, idleConnectionTestPeriod -> 0, initialPoolSize -> 3, jdbcUrl -> jdbc:mysql://120.55.162.188:3306/IntercomData?useUnicode=true&characterEncoding=UTF8, maxAdministrativeTaskTime -> 0, maxConnectionAge -> 0, maxIdleTime -> 20, maxIdleTimeExcessConnections -> 0, maxPoolSize -> 1000, maxStatements -> 8, maxStatementsPerConnection -> 5, minPoolSize -> 3, numHelperThreads -> 3, numThreadsAwaitingCheckoutDefaultUser -> 0, preferredTestQuery -> null, properties -> {user=******, password=******}, propertyCycle -> 0, testConnectionOnCheckin -> false, testConnectionOnCheckout -> false, unreturnedConnectionTimeout -> 0, usesTraditionalReflectiveProxies -> false ]
  2017-08-21 10:00:05 [ INFO] - org.hibernate.dialect.Dialect : HHH000400: Using dialect: org.hibernate.dialect.MySQL5InnoDBDialect
  2017-08-21 10:00:05 [ INFO] - org.hibernate.engine.jdbc.internal.LobCreatorBuilder : HHH000423: Disabling contextual LOB creation as JDBC driver reported JDBC version [3] less than 4
  2017-08-21 10:00:05 [ INFO] - org.hibernate.engine.transaction.internal.TransactionFactoryInitiator : HHH000399: Using default transaction strategy (direct JDBC transactions)
  2017-08-21 10:00:05 [ INFO] - org.hibernate.hql.internal.ast.ASTQueryTranslatorFactory : HHH000397: Using ASTQueryTranslatorFactory
  2017-08-21 10:00:05 [ INFO] - org.hibernate.tool.hbm2ddl.SchemaUpdate : HHH000228: Running hbm2ddl schema update
  2017-08-21 10:00:05 [ INFO] - org.hibernate.tool.hbm2ddl.SchemaUpdate : HHH000102: Fetching database metadata
  2017-08-21 10:00:05 [ INFO] - org.hibernate.tool.hbm2ddl.SchemaUpdate : HHH000396: Updating schema
  2017-08-21 10:00:06 [ INFO] - org.hibernate.tool.hbm2ddl.TableMetadata : HHH000261: Table found: IntercomData.groupInfo
  2017-08-21 10:00:06 [ INFO] - org.hibernate.tool.hbm2ddl.TableMetadata : HHH000037: Columns: [id, name, owner]
  2017-08-21 10:00:06 [ INFO] - org.hibernate.tool.hbm2ddl.TableMetadata : HHH000108: Foreign keys: []
  2017-08-21 10:00:06 [ INFO] - org.hibernate.tool.hbm2ddl.TableMetadata : HHH000126: Indexes: [primary]
  2017-08-21 10:00:06 [ INFO] - org.hibernate.tool.hbm2ddl.TableMetadata : HHH000261: Table found: IntercomData.groupMember
  2017-08-21 10:00:06 [ INFO] - org.hibernate.tool.hbm2ddl.TableMetadata : HHH000037: Columns: [id, username, grade, groupid]
  2017-08-21 10:00:06 [ INFO] - org.hibernate.tool.hbm2ddl.TableMetadata : HHH000108: Foreign keys: [id, username]
  2017-08-21 10:00:06 [ INFO] - org.hibernate.tool.hbm2ddl.TableMetadata : HHH000126: Indexes: [username_idx, id_idx, primary]
  2017-08-21 10:00:06 [ INFO] - org.hibernate.tool.hbm2ddl.TableMetadata : HHH000261: Table found: IntercomData.user
  2017-08-21 10:00:06 [ INFO] - org.hibernate.tool.hbm2ddl.TableMetadata : HHH000037: Columns: [id, username, nickname, password]
  2017-08-21 10:00:06 [ INFO] - org.hibernate.tool.hbm2ddl.TableMetadata : HHH000108: Foreign keys: []
  2017-08-21 10:00:06 [ INFO] - org.hibernate.tool.hbm2ddl.TableMetadata : HHH000126: Indexes: [uid_unique, primary]
  2017-08-21 10:00:06 [ INFO] - org.hibernate.tool.hbm2ddl.SchemaUpdate : HHH000232: Schema update complete
  2017-08-21 10:00:06 [ INFO] - org.springframework.orm.hibernate4.HibernateTransactionManager : Using DataSource [com.mchange.v2.c3p0.ComboPooledDataSource [ acquireIncrement -> 5, acquireRetryAttempts -> 30, acquireRetryDelay -> 1000, autoCommitOnClose -> false, automaticTestTable -> null, breakAfterAcquireFailure -> false, checkoutTimeout -> 0, connectionCustomizerClassName -> null, connectionTesterClassName -> com.mchange.v2.c3p0.impl.DefaultConnectionTester, dataSourceName -> 2sozv79qp5l6p1vgp685|3681e09f, debugUnreturnedConnectionStackTraces -> false, description -> null, driverClass -> com.mysql.jdbc.Driver, factoryClassLocation -> null, forceIgnoreUnresolvedTransactions -> false, identityToken -> 2sozv79qp5l6p1vgp685|3681e09f, idleConnectionTestPeriod -> 0, initialPoolSize -> 3, jdbcUrl -> jdbc:mysql://120.55.162.188:3306/IntercomData?useUnicode=true&characterEncoding=UTF8, maxAdministrativeTaskTime -> 0, maxConnectionAge -> 0, maxIdleTime -> 20, maxIdleTimeExcessConnections -> 0, maxPoolSize -> 1000, maxStatements -> 8, maxStatementsPerConnection -> 5, minPoolSize -> 3, numHelperThreads -> 3, numThreadsAwaitingCheckoutDefaultUser -> 0, preferredTestQuery -> null, properties -> {user=******, password=******}, propertyCycle -> 0, testConnectionOnCheckin -> false, testConnectionOnCheckout -> false, unreturnedConnectionTimeout -> 0, usesTraditionalReflectiveProxies -> false ]] of Hibernate SessionFactory for HibernateTransactionManager
  2017-08-21 10:00:06 [ INFO] - sz.lzh.conversation.config.Configure : 读取了本地配置文件：F:\java-neon\workspace\IntercomServer\conf\config.properties
  2017-08-21 10:00:19 [ INFO] - net.easyits.tcp.connect.TcpAcceptor : 端口【6666】开始监听
  2017-08-21 10:00:19 [ INFO] - net.easyits.tcp.connect.TcpAcceptor : 端口【6000】开始监听
  2017-08-21 10:00:19 [ INFO] - net.easyits.tcp.connect.TcpAcceptor : 端口【6001】开始监听
  2017-08-21 10:00:19 [ INFO] - net.easyits.tcp.connect.TcpAcceptor : 端口【110】开始监听
  2017-08-21 10:04:26 [ INFO] - org.springframework.context.support.ClassPathXmlApplicationContext : Refreshing org.springframework.context.support.ClassPathXmlApplicationContext@4ef16070: startup date [Mon Aug 21 10:04:26 CST 2017]; root of context hierarchy
  2017-08-21 10:04:26 [ INFO] - org.springframework.beans.factory.xml.XmlBeanDefinitionReader : Loading XML bean definitions from URL [file:/F:/java-neon/workspace/IntercomServer/target/classes/ApplicationContext.xml]
  2017-08-21 10:04:26 [ INFO] - org.springframework.context.support.PropertySourcesPlaceholderConfigurer : Loading properties file from class path resource [config.properties]
  2017-08-21 10:04:27 [ INFO] - com.mchange.v2.log.MLog : MLog clients using log4j logging.
  2017-08-21 10:04:27 [ INFO] - com.mchange.v2.c3p0.C3P0Registry : Initializing c3p0-0.9.1.2 [built 21-May-2007 15:04:56; debug? true; trace: 10]
  2017-08-21 10:04:27 [ INFO] - org.hibernate.annotations.common.Version : HCANN000001: Hibernate Commons Annotations {4.0.1.Final}
  2017-08-21 10:04:27 [ INFO] - org.hibernate.Version : HHH000412: Hibernate Core {4.1.0.Final}
  2017-08-21 10:04:27 [ INFO] - org.hibernate.cfg.Environment : HHH000206: hibernate.properties not found
  2017-08-21 10:04:27 [ INFO] - org.hibernate.cfg.Environment : HHH000021: Bytecode provider name : javassist
  2017-08-21 10:04:27 [ INFO] - org.hibernate.cfg.Configuration : HHH000044: Configuring from URL: file:/F:/java-neon/workspace/IntercomServer/target/classes/hibernate.cfg.xml
  2017-08-21 10:04:27 [ INFO] - org.hibernate.cfg.Configuration : HHH000041: Configured SessionFactory: null
  2017-08-21 10:04:27 [ INFO] - com.mchange.v2.c3p0.impl.AbstractPoolBackedDataSource : Initializing c3p0 pool... com.mchange.v2.c3p0.ComboPooledDataSource [ acquireIncrement -> 5, acquireRetryAttempts -> 30, acquireRetryDelay -> 1000, autoCommitOnClose -> false, automaticTestTable -> null, breakAfterAcquireFailure -> false, checkoutTimeout -> 0, connectionCustomizerClassName -> null, connectionTesterClassName -> com.mchange.v2.c3p0.impl.DefaultConnectionTester, dataSourceName -> 2sozv79qpb7slr04cue|2b75718c, debugUnreturnedConnectionStackTraces -> false, description -> null, driverClass -> com.mysql.jdbc.Driver, factoryClassLocation -> null, forceIgnoreUnresolvedTransactions -> false, identityToken -> 2sozv79qpb7slr04cue|2b75718c, idleConnectionTestPeriod -> 0, initialPoolSize -> 3, jdbcUrl -> jdbc:mysql://120.55.162.188:3306/IntercomData?useUnicode=true&characterEncoding=UTF8, maxAdministrativeTaskTime -> 0, maxConnectionAge -> 0, maxIdleTime -> 20, maxIdleTimeExcessConnections -> 0, maxPoolSize -> 1000, maxStatements -> 8, maxStatementsPerConnection -> 5, minPoolSize -> 3, numHelperThreads -> 3, numThreadsAwaitingCheckoutDefaultUser -> 0, preferredTestQuery -> null, properties -> {user=******, password=******}, propertyCycle -> 0, testConnectionOnCheckin -> false, testConnectionOnCheckout -> false, unreturnedConnectionTimeout -> 0, usesTraditionalReflectiveProxies -> false ]
  2017-08-21 10:04:28 [ INFO] - org.hibernate.dialect.Dialect : HHH000400: Using dialect: org.hibernate.dialect.MySQL5InnoDBDialect
  2017-08-21 10:04:28 [ INFO] - org.hibernate.engine.jdbc.internal.LobCreatorBuilder : HHH000423: Disabling contextual LOB creation as JDBC driver reported JDBC version [3] less than 4
  2017-08-21 10:04:28 [ INFO] - org.hibernate.engine.transaction.internal.TransactionFactoryInitiator : HHH000399: Using default transaction strategy (direct JDBC transactions)
  2017-08-21 10:04:28 [ INFO] - org.hibernate.hql.internal.ast.ASTQueryTranslatorFactory : HHH000397: Using ASTQueryTranslatorFactory
  2017-08-21 10:04:28 [ INFO] - org.hibernate.tool.hbm2ddl.SchemaUpdate : HHH000228: Running hbm2ddl schema update
  2017-08-21 10:04:28 [ INFO] - org.hibernate.tool.hbm2ddl.SchemaUpdate : HHH000102: Fetching database metadata
  2017-08-21 10:04:28 [ INFO] - org.hibernate.tool.hbm2ddl.SchemaUpdate : HHH000396: Updating schema
  2017-08-21 10:04:28 [ INFO] - org.hibernate.tool.hbm2ddl.TableMetadata : HHH000261: Table found: IntercomData.groupInfo
  2017-08-21 10:04:28 [ INFO] - org.hibernate.tool.hbm2ddl.TableMetadata : HHH000037: Columns: [id, name, owner]
  2017-08-21 10:04:28 [ INFO] - org.hibernate.tool.hbm2ddl.TableMetadata : HHH000108: Foreign keys: []
  2017-08-21 10:04:28 [ INFO] - org.hibernate.tool.hbm2ddl.TableMetadata : HHH000126: Indexes: [primary]
  2017-08-21 10:04:29 [ INFO] - org.hibernate.tool.hbm2ddl.TableMetadata : HHH000261: Table found: IntercomData.groupMember
  2017-08-21 10:04:29 [ INFO] - org.hibernate.tool.hbm2ddl.TableMetadata : HHH000037: Columns: [id, username, grade, groupid]
  2017-08-21 10:04:29 [ INFO] - org.hibernate.tool.hbm2ddl.TableMetadata : HHH000108: Foreign keys: [id, username]
  2017-08-21 10:04:29 [ INFO] - org.hibernate.tool.hbm2ddl.TableMetadata : HHH000126: Indexes: [username_idx, id_idx, primary]
  2017-08-21 10:04:29 [ INFO] - org.hibernate.tool.hbm2ddl.TableMetadata : HHH000261: Table found: IntercomData.user
  2017-08-21 10:04:29 [ INFO] - org.hibernate.tool.hbm2ddl.TableMetadata : HHH000037: Columns: [id, username, nickname, password]
  2017-08-21 10:04:29 [ INFO] - org.hibernate.tool.hbm2ddl.TableMetadata : HHH000108: Foreign keys: []
  2017-08-21 10:04:29 [ INFO] - org.hibernate.tool.hbm2ddl.TableMetadata : HHH000126: Indexes: [uid_unique, primary]
  2017-08-21 10:04:29 [ INFO] - org.hibernate.tool.hbm2ddl.SchemaUpdate : HHH000232: Schema update complete
  2017-08-21 10:04:29 [ INFO] - org.springframework.orm.hibernate4.HibernateTransactionManager : Using DataSource [com.mchange.v2.c3p0.ComboPooledDataSource [ acquireIncrement -> 5, acquireRetryAttempts -> 30, acquireRetryDelay -> 1000, autoCommitOnClose -> false, automaticTestTable -> null, breakAfterAcquireFailure -> false, checkoutTimeout -> 0, connectionCustomizerClassName -> null, connectionTesterClassName -> com.mchange.v2.c3p0.impl.DefaultConnectionTester, dataSourceName -> 2sozv79qpb7slr04cue|2b75718c, debugUnreturnedConnectionStackTraces -> false, description -> null, driverClass -> com.mysql.jdbc.Driver, factoryClassLocation -> null, forceIgnoreUnresolvedTransactions -> false, identityToken -> 2sozv79qpb7slr04cue|2b75718c, idleConnectionTestPeriod -> 0, initialPoolSize -> 3, jdbcUrl -> jdbc:mysql://120.55.162.188:3306/IntercomData?useUnicode=true&characterEncoding=UTF8, maxAdministrativeTaskTime -> 0, maxConnectionAge -> 0, maxIdleTime -> 20, maxIdleTimeExcessConnections -> 0, maxPoolSize -> 1000, maxStatements -> 8, maxStatementsPerConnection -> 5, minPoolSize -> 3, numHelperThreads -> 3, numThreadsAwaitingCheckoutDefaultUser -> 0, preferredTestQuery -> null, properties -> {user=******, password=******}, propertyCycle -> 0, testConnectionOnCheckin -> false, testConnectionOnCheckout -> false, unreturnedConnectionTimeout -> 0, usesTraditionalReflectiveProxies -> false ]] of Hibernate SessionFactory for HibernateTransactionManager
  2017-08-21 10:04:29 [ INFO] - sz.lzh.conversation.config.Configure : 读取了本地配置文件：F:\java-neon\workspace\IntercomServer\conf\config.properties
  2017-08-21 10:04:43 [ INFO] - net.easyits.tcp.connect.TcpAcceptor : 端口【6666】开始监听
  2017-08-21 10:04:43 [ INFO] - net.easyits.tcp.connect.TcpAcceptor : 端口【6000】开始监听
  2017-08-21 10:04:43 [ INFO] - net.easyits.tcp.connect.TcpAcceptor : 端口【6001】开始监听
  2017-08-21 10:04:43 [ INFO] - net.easyits.tcp.connect.TcpAcceptor : 端口【110】开始监听
  2017-08-21 10:13:26 [ INFO] - org.springframework.context.support.ClassPathXmlApplicationContext : Refreshing org.springframework.context.support.ClassPathXmlApplicationContext@4ef16070: startup date [Mon Aug 21 10:13:26 CST 2017]; root of context hierarchy
  2017-08-21 10:13:26 [ INFO] - org.springframework.beans.factory.xml.XmlBeanDefinitionReader : Loading XML bean definitions from URL [file:/F:/java-neon/workspace/IntercomServer/target/classes/ApplicationContext.xml]
  2017-08-21 10:13:27 [ INFO] - org.springframework.context.support.PropertySourcesPlaceholderConfigurer : Loading properties file from class path resource [config.properties]
  2017-08-21 10:13:27 [ INFO] - com.mchange.v2.log.MLog : MLog clients using log4j logging.
  2017-08-21 10:13:28 [ INFO] - com.mchange.v2.c3p0.C3P0Registry : Initializing c3p0-0.9.1.2 [built 21-May-2007 15:04:56; debug? true; trace: 10]
  2017-08-21 10:13:28 [ INFO] - org.hibernate.annotations.common.Version : HCANN000001: Hibernate Commons Annotations {4.0.1.Final}
  2017-08-21 10:13:28 [ INFO] - org.hibernate.Version : HHH000412: Hibernate Core {4.1.0.Final}
  2017-08-21 10:13:28 [ INFO] - org.hibernate.cfg.Environment : HHH000206: hibernate.properties not found
  2017-08-21 10:13:28 [ INFO] - org.hibernate.cfg.Environment : HHH000021: Bytecode provider name : javassist
  2017-08-21 10:13:28 [ INFO] - org.hibernate.cfg.Configuration : HHH000044: Configuring from URL: file:/F:/java-neon/workspace/IntercomServer/target/classes/hibernate.cfg.xml
  2017-08-21 10:13:28 [ INFO] - org.hibernate.cfg.Configuration : HHH000041: Configured SessionFactory: null
  2017-08-21 10:13:28 [ INFO] - com.mchange.v2.c3p0.impl.AbstractPoolBackedDataSource : Initializing c3p0 pool... com.mchange.v2.c3p0.ComboPooledDataSource [ acquireIncrement -> 5, acquireRetryAttempts -> 30, acquireRetryDelay -> 1000, autoCommitOnClose -> false, automaticTestTable -> null, breakAfterAcquireFailure -> false, checkoutTimeout -> 0, connectionCustomizerClassName -> null, connectionTesterClassName -> com.mchange.v2.c3p0.impl.DefaultConnectionTester, dataSourceName -> 2sozv79qpmsv918k6a0k|2b71b49e, debugUnreturnedConnectionStackTraces -> false, description -> null, driverClass -> com.mysql.jdbc.Driver, factoryClassLocation -> null, forceIgnoreUnresolvedTransactions -> false, identityToken -> 2sozv79qpmsv918k6a0k|2b71b49e, idleConnectionTestPeriod -> 0, initialPoolSize -> 3, jdbcUrl -> jdbc:mysql://120.55.162.188:3306/IntercomData?useUnicode=true&characterEncoding=UTF8, maxAdministrativeTaskTime -> 0, maxConnectionAge -> 0, maxIdleTime -> 20, maxIdleTimeExcessConnections -> 0, maxPoolSize -> 1000, maxStatements -> 8, maxStatementsPerConnection -> 5, minPoolSize -> 3, numHelperThreads -> 3, numThreadsAwaitingCheckoutDefaultUser -> 0, preferredTestQuery -> null, properties -> {user=******, password=******}, propertyCycle -> 0, testConnectionOnCheckin -> false, testConnectionOnCheckout -> false, unreturnedConnectionTimeout -> 0, usesTraditionalReflectiveProxies -> false ]
  2017-08-21 10:13:29 [ INFO] - org.hibernate.dialect.Dialect : HHH000400: Using dialect: org.hibernate.dialect.MySQL5InnoDBDialect
  2017-08-21 10:13:29 [ INFO] - org.hibernate.engine.jdbc.internal.LobCreatorBuilder : HHH000423: Disabling contextual LOB creation as JDBC driver reported JDBC version [3] less than 4
  2017-08-21 10:13:29 [ INFO] - org.hibernate.engine.transaction.internal.TransactionFactoryInitiator : HHH000399: Using default transaction strategy (direct JDBC transactions)
  2017-08-21 10:13:29 [ INFO] - org.hibernate.hql.internal.ast.ASTQueryTranslatorFactory : HHH000397: Using ASTQueryTranslatorFactory
  2017-08-21 10:13:29 [ INFO] - org.hibernate.tool.hbm2ddl.SchemaUpdate : HHH000228: Running hbm2ddl schema update
  2017-08-21 10:13:29 [ INFO] - org.hibernate.tool.hbm2ddl.SchemaUpdate : HHH000102: Fetching database metadata
  2017-08-21 10:13:29 [ INFO] - org.hibernate.tool.hbm2ddl.SchemaUpdate : HHH000396: Updating schema
  2017-08-21 10:13:29 [ INFO] - org.hibernate.tool.hbm2ddl.TableMetadata : HHH000261: Table found: IntercomData.groupInfo
  2017-08-21 10:13:29 [ INFO] - org.hibernate.tool.hbm2ddl.TableMetadata : HHH000037: Columns: [id, name, owner]
  2017-08-21 10:13:29 [ INFO] - org.hibernate.tool.hbm2ddl.TableMetadata : HHH000108: Foreign keys: []
  2017-08-21 10:13:29 [ INFO] - org.hibernate.tool.hbm2ddl.TableMetadata : HHH000126: Indexes: [primary]
  2017-08-21 10:13:29 [ INFO] - org.hibernate.tool.hbm2ddl.TableMetadata : HHH000261: Table found: IntercomData.groupMember
  2017-08-21 10:13:29 [ INFO] - org.hibernate.tool.hbm2ddl.TableMetadata : HHH000037: Columns: [id, username, grade, groupid]
  2017-08-21 10:13:29 [ INFO] - org.hibernate.tool.hbm2ddl.TableMetadata : HHH000108: Foreign keys: [id, username]
  2017-08-21 10:13:29 [ INFO] - org.hibernate.tool.hbm2ddl.TableMetadata : HHH000126: Indexes: [username_idx, id_idx, primary]
  2017-08-21 10:13:30 [ INFO] - org.hibernate.tool.hbm2ddl.TableMetadata : HHH000261: Table found: IntercomData.user
  2017-08-21 10:13:30 [ INFO] - org.hibernate.tool.hbm2ddl.TableMetadata : HHH000037: Columns: [id, username, nickname, password]
  2017-08-21 10:13:30 [ INFO] - org.hibernate.tool.hbm2ddl.TableMetadata : HHH000108: Foreign keys: []
  2017-08-21 10:13:30 [ INFO] - org.hibernate.tool.hbm2ddl.TableMetadata : HHH000126: Indexes: [uid_unique, primary]
  2017-08-21 10:13:30 [ INFO] - org.hibernate.tool.hbm2ddl.SchemaUpdate : HHH000232: Schema update complete
  2017-08-21 10:13:30 [ INFO] - org.springframework.orm.hibernate4.HibernateTransactionManager : Using DataSource [com.mchange.v2.c3p0.ComboPooledDataSource [ acquireIncrement -> 5, acquireRetryAttempts -> 30, acquireRetryDelay -> 1000, autoCommitOnClose -> false, automaticTestTable -> null, breakAfterAcquireFailure -> false, checkoutTimeout -> 0, connectionCustomizerClassName -> null, connectionTesterClassName -> com.mchange.v2.c3p0.impl.DefaultConnectionTester, dataSourceName -> 2sozv79qpmsv918k6a0k|2b71b49e, debugUnreturnedConnectionStackTraces -> false, description -> null, driverClass -> com.mysql.jdbc.Driver, factoryClassLocation -> null, forceIgnoreUnresolvedTransactions -> false, identityToken -> 2sozv79qpmsv918k6a0k|2b71b49e, idleConnectionTestPeriod -> 0, initialPoolSize -> 3, jdbcUrl -> jdbc:mysql://120.55.162.188:3306/IntercomData?useUnicode=true&characterEncoding=UTF8, maxAdministrativeTaskTime -> 0, maxConnectionAge -> 0, maxIdleTime -> 20, maxIdleTimeExcessConnections -> 0, maxPoolSize -> 1000, maxStatements -> 8, maxStatementsPerConnection -> 5, minPoolSize -> 3, numHelperThreads -> 3, numThreadsAwaitingCheckoutDefaultUser -> 0, preferredTestQuery -> null, properties -> {user=******, password=******}, propertyCycle -> 0, testConnectionOnCheckin -> false, testConnectionOnCheckout -> false, unreturnedConnectionTimeout -> 0, usesTraditionalReflectiveProxies -> false ]] of Hibernate SessionFactory for HibernateTransactionManager
  2017-08-21 10:13:30 [ INFO] - sz.lzh.conversation.config.Configure : 读取了本地配置文件：F:\java-neon\workspace\IntercomServer\conf\config.properties
  2017-08-21 10:13:42 [ INFO] - net.easyits.tcp.connect.TcpAcceptor : 端口【6666】开始监听
  2017-08-21 10:13:42 [ INFO] - net.easyits.tcp.connect.TcpAcceptor : 端口【6000】开始监听
  2017-08-21 10:13:42 [ INFO] - net.easyits.tcp.connect.TcpAcceptor : 端口【6001】开始监听
  2017-08-21 10:13:42 [ INFO] - net.easyits.tcp.connect.TcpAcceptor : 端口【110】开始监听
  2017-08-21 10:23:12 [ INFO] - org.springframework.context.support.ClassPathXmlApplicationContext : Refreshing org.springframework.context.support.ClassPathXmlApplicationContext@c4d95c7: startup date [Mon Aug 21 10:23:12 CST 2017]; root of context hierarchy
  2017-08-21 10:23:12 [ INFO] - org.springframework.beans.factory.xml.XmlBeanDefinitionReader : Loading XML bean definitions from URL [file:/F:/java-neon/workspace/IntercomServer/target/classes/ApplicationContext.xml]
  2017-08-21 10:23:13 [ INFO] - org.springframework.context.support.PropertySourcesPlaceholderConfigurer : Loading properties file from class path resource [config.properties]
  2017-08-21 10:23:13 [ INFO] - com.mchange.v2.log.MLog : MLog clients using log4j logging.
  2017-08-21 10:23:13 [ INFO] - com.mchange.v2.c3p0.C3P0Registry : Initializing c3p0-0.9.1.2 [built 21-May-2007 15:04:56; debug? true; trace: 10]
  2017-08-21 10:23:13 [ INFO] - org.hibernate.annotations.common.Version : HCANN000001: Hibernate Commons Annotations {4.0.1.Final}
  2017-08-21 10:23:13 [ INFO] - org.hibernate.Version : HHH000412: Hibernate Core {4.1.0.Final}
  2017-08-21 10:23:13 [ INFO] - org.hibernate.cfg.Environment : HHH000206: hibernate.properties not found
  2017-08-21 10:23:13 [ INFO] - org.hibernate.cfg.Environment : HHH000021: Bytecode provider name : javassist
  2017-08-21 10:23:13 [ INFO] - org.hibernate.cfg.Configuration : HHH000044: Configuring from URL: file:/F:/java-neon/workspace/IntercomServer/target/classes/hibernate.cfg.xml
  2017-08-21 10:23:13 [ INFO] - org.hibernate.cfg.Configuration : HHH000041: Configured SessionFactory: null
  2017-08-21 10:23:13 [ INFO] - com.mchange.v2.c3p0.impl.AbstractPoolBackedDataSource : Initializing c3p0 pool... com.mchange.v2.c3p0.ComboPooledDataSource [ acquireIncrement -> 5, acquireRetryAttempts -> 30, acquireRetryDelay -> 1000, autoCommitOnClose -> false, automaticTestTable -> null, breakAfterAcquireFailure -> false, checkoutTimeout -> 0, connectionCustomizerClassName -> null, connectionTesterClassName -> com.mchange.v2.c3p0.impl.DefaultConnectionTester, dataSourceName -> 2sozv79qpzcpsxdteub|7b6903c0, debugUnreturnedConnectionStackTraces -> false, description -> null, driverClass -> com.mysql.jdbc.Driver, factoryClassLocation -> null, forceIgnoreUnresolvedTransactions -> false, identityToken -> 2sozv79qpzcpsxdteub|7b6903c0, idleConnectionTestPeriod -> 0, initialPoolSize -> 3, jdbcUrl -> jdbc:mysql://120.55.162.188:3306/IntercomData?useUnicode=true&characterEncoding=UTF8, maxAdministrativeTaskTime -> 0, maxConnectionAge -> 0, maxIdleTime -> 20, maxIdleTimeExcessConnections -> 0, maxPoolSize -> 1000, maxStatements -> 8, maxStatementsPerConnection -> 5, minPoolSize -> 3, numHelperThreads -> 3, numThreadsAwaitingCheckoutDefaultUser -> 0, preferredTestQuery -> null, properties -> {user=******, password=******}, propertyCycle -> 0, testConnectionOnCheckin -> false, testConnectionOnCheckout -> false, unreturnedConnectionTimeout -> 0, usesTraditionalReflectiveProxies -> false ]
  2017-08-21 10:23:14 [ INFO] - org.hibernate.dialect.Dialect : HHH000400: Using dialect: org.hibernate.dialect.MySQL5InnoDBDialect
  2017-08-21 10:23:14 [ INFO] - org.hibernate.engine.jdbc.internal.LobCreatorBuilder : HHH000423: Disabling contextual LOB creation as JDBC driver reported JDBC version [3] less than 4
  2017-08-21 10:23:14 [ INFO] - org.hibernate.engine.transaction.internal.TransactionFactoryInitiator : HHH000399: Using default transaction strategy (direct JDBC transactions)
  2017-08-21 10:23:14 [ INFO] - org.hibernate.hql.internal.ast.ASTQueryTranslatorFactory : HHH000397: Using ASTQueryTranslatorFactory
  2017-08-21 10:23:14 [ INFO] - org.hibernate.tool.hbm2ddl.SchemaUpdate : HHH000228: Running hbm2ddl schema update
  2017-08-21 10:23:14 [ INFO] - org.hibernate.tool.hbm2ddl.SchemaUpdate : HHH000102: Fetching database metadata
  2017-08-21 10:23:14 [ INFO] - org.hibernate.tool.hbm2ddl.SchemaUpdate : HHH000396: Updating schema
  2017-08-21 10:23:15 [ INFO] - org.hibernate.tool.hbm2ddl.TableMetadata : HHH000261: Table found: IntercomData.groupInfo
  2017-08-21 10:23:15 [ INFO] - org.hibernate.tool.hbm2ddl.TableMetadata : HHH000037: Columns: [id, name, owner]
  2017-08-21 10:23:15 [ INFO] - org.hibernate.tool.hbm2ddl.TableMetadata : HHH000108: Foreign keys: []
  2017-08-21 10:23:15 [ INFO] - org.hibernate.tool.hbm2ddl.TableMetadata : HHH000126: Indexes: [primary]
  2017-08-21 10:23:15 [ INFO] - org.hibernate.tool.hbm2ddl.TableMetadata : HHH000261: Table found: IntercomData.groupMember
  2017-08-21 10:23:15 [ INFO] - org.hibernate.tool.hbm2ddl.TableMetadata : HHH000037: Columns: [id, username, grade, groupid]
  2017-08-21 10:23:15 [ INFO] - org.hibernate.tool.hbm2ddl.TableMetadata : HHH000108: Foreign keys: [id, username]
  2017-08-21 10:23:15 [ INFO] - org.hibernate.tool.hbm2ddl.TableMetadata : HHH000126: Indexes: [username_idx, id_idx, primary]
  2017-08-21 10:23:15 [ INFO] - org.hibernate.tool.hbm2ddl.TableMetadata : HHH000261: Table found: IntercomData.user
  2017-08-21 10:23:15 [ INFO] - org.hibernate.tool.hbm2ddl.TableMetadata : HHH000037: Columns: [id, username, nickname, password]
  2017-08-21 10:23:15 [ INFO] - org.hibernate.tool.hbm2ddl.TableMetadata : HHH000108: Foreign keys: []
  2017-08-21 10:23:15 [ INFO] - org.hibernate.tool.hbm2ddl.TableMetadata : HHH000126: Indexes: [uid_unique, primary]
  2017-08-21 10:23:15 [ INFO] - org.hibernate.tool.hbm2ddl.SchemaUpdate : HHH000232: Schema update complete
  2017-08-21 10:23:15 [ INFO] - org.springframework.orm.hibernate4.HibernateTransactionManager : Using DataSource [com.mchange.v2.c3p0.ComboPooledDataSource [ acquireIncrement -> 5, acquireRetryAttempts -> 30, acquireRetryDelay -> 1000, autoCommitOnClose -> false, automaticTestTable -> null, breakAfterAcquireFailure -> false, checkoutTimeout -> 0, connectionCustomizerClassName -> null, connectionTesterClassName -> com.mchange.v2.c3p0.impl.DefaultConnectionTester, dataSourceName -> 2sozv79qpzcpsxdteub|7b6903c0, debugUnreturnedConnectionStackTraces -> false, description -> null, driverClass -> com.mysql.jdbc.Driver, factoryClassLocation -> null, forceIgnoreUnresolvedTransactions -> false, identityToken -> 2sozv79qpzcpsxdteub|7b6903c0, idleConnectionTestPeriod -> 0, initialPoolSize -> 3, jdbcUrl -> jdbc:mysql://120.55.162.188:3306/IntercomData?useUnicode=true&characterEncoding=UTF8, maxAdministrativeTaskTime -> 0, maxConnectionAge -> 0, maxIdleTime -> 20, maxIdleTimeExcessConnections -> 0, maxPoolSize -> 1000, maxStatements -> 8, maxStatementsPerConnection -> 5, minPoolSize -> 3, numHelperThreads -> 3, numThreadsAwaitingCheckoutDefaultUser -> 0, preferredTestQuery -> null, properties -> {user=******, password=******}, propertyCycle -> 0, testConnectionOnCheckin -> false, testConnectionOnCheckout -> false, unreturnedConnectionTimeout -> 0, usesTraditionalReflectiveProxies -> false ]] of Hibernate SessionFactory for HibernateTransactionManager
  2017-08-21 10:23:15 [ INFO] - sz.lzh.conversation.config.Configure : 读取了本地配置文件：F:\java-neon\workspace\IntercomServer\conf\config.properties
  2017-08-21 10:23:28 [ INFO] - net.easyits.tcp.connect.TcpAcceptor : 端口【6666】开始监听
  2017-08-21 10:23:28 [ INFO] - net.easyits.tcp.connect.TcpAcceptor : 端口【6000】开始监听
  2017-08-21 10:23:28 [ INFO] - net.easyits.tcp.connect.TcpAcceptor : 端口【6001】开始监听
  2017-08-21 10:23:28 [ INFO] - net.easyits.tcp.connect.TcpAcceptor : 端口【110】开始监听
  2017-08-21 10:45:41 [ INFO] - org.springframework.context.support.ClassPathXmlApplicationContext : Refreshing org.springframework.context.support.ClassPathXmlApplicationContext@c4d95c7: startup date [Mon Aug 21 10:45:41 CST 2017]; root of context hierarchy
  2017-08-21 10:45:41 [ INFO] - org.springframework.beans.factory.xml.XmlBeanDefinitionReader : Loading XML bean definitions from URL [file:/F:/java-neon/workspace/IntercomServer/target/classes/ApplicationContext.xml]
  2017-08-21 10:45:42 [ INFO] - org.springframework.context.support.PropertySourcesPlaceholderConfigurer : Loading properties file from class path resource [config.properties]
  2017-08-21 10:45:42 [ INFO] - com.mchange.v2.log.MLog : MLog clients using log4j logging.
  2017-08-21 10:45:42 [ INFO] - com.mchange.v2.c3p0.C3P0Registry : Initializing c3p0-0.9.1.2 [built 21-May-2007 15:04:56; debug? true; trace: 10]
  2017-08-21 10:45:42 [ INFO] - org.hibernate.annotations.common.Version : HCANN000001: Hibernate Commons Annotations {4.0.1.Final}
  2017-08-21 10:45:42 [ INFO] - org.hibernate.Version : HHH000412: Hibernate Core {4.1.0.Final}
  2017-08-21 10:45:42 [ INFO] - org.hibernate.cfg.Environment : HHH000206: hibernate.properties not found
  2017-08-21 10:45:42 [ INFO] - org.hibernate.cfg.Environment : HHH000021: Bytecode provider name : javassist
  2017-08-21 10:45:42 [ INFO] - org.hibernate.cfg.Configuration : HHH000044: Configuring from URL: file:/F:/java-neon/workspace/IntercomServer/target/classes/hibernate.cfg.xml
  2017-08-21 10:45:42 [ INFO] - org.hibernate.cfg.Configuration : HHH000041: Configured SessionFactory: null
  2017-08-21 10:45:43 [ INFO] - com.mchange.v2.c3p0.impl.AbstractPoolBackedDataSource : Initializing c3p0 pool... com.mchange.v2.c3p0.ComboPooledDataSource [ acquireIncrement -> 5, acquireRetryAttempts -> 30, acquireRetryDelay -> 1000, autoCommitOnClose -> false, automaticTestTable -> null, breakAfterAcquireFailure -> false, checkoutTimeout -> 0, connectionCustomizerClassName -> null, connectionTesterClassName -> com.mchange.v2.c3p0.impl.DefaultConnectionTester, dataSourceName -> 2sozv79qqs9noxgumts|6c59cc22, debugUnreturnedConnectionStackTraces -> false, description -> null, driverClass -> com.mysql.jdbc.Driver, factoryClassLocation -> null, forceIgnoreUnresolvedTransactions -> false, identityToken -> 2sozv79qqs9noxgumts|6c59cc22, idleConnectionTestPeriod -> 0, initialPoolSize -> 3, jdbcUrl -> jdbc:mysql://120.55.162.188:3306/IntercomData?useUnicode=true&characterEncoding=UTF8, maxAdministrativeTaskTime -> 0, maxConnectionAge -> 0, maxIdleTime -> 20, maxIdleTimeExcessConnections -> 0, maxPoolSize -> 1000, maxStatements -> 8, maxStatementsPerConnection -> 5, minPoolSize -> 3, numHelperThreads -> 3, numThreadsAwaitingCheckoutDefaultUser -> 0, preferredTestQuery -> null, properties -> {user=******, password=******}, propertyCycle -> 0, testConnectionOnCheckin -> false, testConnectionOnCheckout -> false, unreturnedConnectionTimeout -> 0, usesTraditionalReflectiveProxies -> false ]
  2017-08-21 10:45:43 [ INFO] - org.hibernate.dialect.Dialect : HHH000400: Using dialect: org.hibernate.dialect.MySQL5InnoDBDialect
  2017-08-21 10:45:43 [ INFO] - org.hibernate.engine.jdbc.internal.LobCreatorBuilder : HHH000423: Disabling contextual LOB creation as JDBC driver reported JDBC version [3] less than 4
  2017-08-21 10:45:43 [ INFO] - org.hibernate.engine.transaction.internal.TransactionFactoryInitiator : HHH000399: Using default transaction strategy (direct JDBC transactions)
  2017-08-21 10:45:43 [ INFO] - org.hibernate.hql.internal.ast.ASTQueryTranslatorFactory : HHH000397: Using ASTQueryTranslatorFactory
  2017-08-21 10:45:43 [ INFO] - org.hibernate.tool.hbm2ddl.SchemaUpdate : HHH000228: Running hbm2ddl schema update
  2017-08-21 10:45:43 [ INFO] - org.hibernate.tool.hbm2ddl.SchemaUpdate : HHH000102: Fetching database metadata
  2017-08-21 10:45:43 [ INFO] - org.hibernate.tool.hbm2ddl.SchemaUpdate : HHH000396: Updating schema
  2017-08-21 10:45:43 [ INFO] - org.hibernate.tool.hbm2ddl.TableMetadata : HHH000261: Table found: IntercomData.groupInfo
  2017-08-21 10:45:43 [ INFO] - org.hibernate.tool.hbm2ddl.TableMetadata : HHH000037: Columns: [id, name, owner]
  2017-08-21 10:45:43 [ INFO] - org.hibernate.tool.hbm2ddl.TableMetadata : HHH000108: Foreign keys: []
  2017-08-21 10:45:43 [ INFO] - org.hibernate.tool.hbm2ddl.TableMetadata : HHH000126: Indexes: [primary]
  2017-08-21 10:45:43 [ INFO] - org.hibernate.tool.hbm2ddl.TableMetadata : HHH000261: Table found: IntercomData.groupMember
  2017-08-21 10:45:43 [ INFO] - org.hibernate.tool.hbm2ddl.TableMetadata : HHH000037: Columns: [id, username, grade, groupid]
  2017-08-21 10:45:43 [ INFO] - org.hibernate.tool.hbm2ddl.TableMetadata : HHH000108: Foreign keys: [id, username]
  2017-08-21 10:45:43 [ INFO] - org.hibernate.tool.hbm2ddl.TableMetadata : HHH000126: Indexes: [username_idx, id_idx, primary]
  2017-08-21 10:45:44 [ INFO] - org.hibernate.tool.hbm2ddl.TableMetadata : HHH000261: Table found: IntercomData.user
  2017-08-21 10:45:44 [ INFO] - org.hibernate.tool.hbm2ddl.TableMetadata : HHH000037: Columns: [id, username, nickname, password]
  2017-08-21 10:45:44 [ INFO] - org.hibernate.tool.hbm2ddl.TableMetadata : HHH000108: Foreign keys: []
  2017-08-21 10:45:44 [ INFO] - org.hibernate.tool.hbm2ddl.TableMetadata : HHH000126: Indexes: [uid_unique, primary]
  2017-08-21 10:45:44 [ INFO] - org.hibernate.tool.hbm2ddl.SchemaUpdate : HHH000232: Schema update complete
  2017-08-21 10:45:44 [ INFO] - org.springframework.orm.hibernate4.HibernateTransactionManager : Using DataSource [com.mchange.v2.c3p0.ComboPooledDataSource [ acquireIncrement -> 5, acquireRetryAttempts -> 30, acquireRetryDelay -> 1000, autoCommitOnClose -> false, automaticTestTable -> null, breakAfterAcquireFailure -> false, checkoutTimeout -> 0, connectionCustomizerClassName -> null, connectionTesterClassName -> com.mchange.v2.c3p0.impl.DefaultConnectionTester, dataSourceName -> 2sozv79qqs9noxgumts|6c59cc22, debugUnreturnedConnectionStackTraces -> false, description -> null, driverClass -> com.mysql.jdbc.Driver, factoryClassLocation -> null, forceIgnoreUnresolvedTransactions -> false, identityToken -> 2sozv79qqs9noxgumts|6c59cc22, idleConnectionTestPeriod -> 0, initialPoolSize -> 3, jdbcUrl -> jdbc:mysql://120.55.162.188:3306/IntercomData?useUnicode=true&characterEncoding=UTF8, maxAdministrativeTaskTime -> 0, maxConnectionAge -> 0, maxIdleTime -> 20, maxIdleTimeExcessConnections -> 0, maxPoolSize -> 1000, maxStatements -> 8, maxStatementsPerConnection -> 5, minPoolSize -> 3, numHelperThreads -> 3, numThreadsAwaitingCheckoutDefaultUser -> 0, preferredTestQuery -> null, properties -> {user=******, password=******}, propertyCycle -> 0, testConnectionOnCheckin -> false, testConnectionOnCheckout -> false, unreturnedConnectionTimeout -> 0, usesTraditionalReflectiveProxies -> false ]] of Hibernate SessionFactory for HibernateTransactionManager
  2017-08-21 10:45:44 [ INFO] - sz.lzh.conversation.config.Configure : 读取了本地配置文件：F:\java-neon\workspace\IntercomServer\conf\config.properties
  2017-08-21 10:45:52 [ INFO] - net.easyits.tcp.connect.TcpAcceptor : 端口【6666】开始监听
  2017-08-21 10:45:52 [ INFO] - net.easyits.tcp.connect.TcpAcceptor : 端口【6000】开始监听
  2017-08-21 10:45:52 [ INFO] - net.easyits.tcp.connect.TcpAcceptor : 端口【6001】开始监听
  2017-08-21 10:45:52 [ INFO] - net.easyits.tcp.connect.TcpAcceptor : 端口【110】开始监听
  2017-08-21 15:24:56 [ INFO] - org.springframework.context.support.ClassPathXmlApplicationContext : Refreshing org.springframework.context.support.ClassPathXmlApplicationContext@39a44220: startup date [Mon Aug 21 15:24:56 CST 2017]; root of context hierarchy
  2017-08-21 15:24:57 [ INFO] - org.springframework.beans.factory.xml.XmlBeanDefinitionReader : Loading XML bean definitions from URL [file:/F:/java-neon/workspace/IntercomServer/target/classes/ApplicationContext.xml]
  2017-08-21 15:24:57 [ INFO] - org.springframework.context.support.PropertySourcesPlaceholderConfigurer : Loading properties file from class path resource [config.properties]
  2017-08-21 15:24:58 [ INFO] - com.mchange.v2.log.MLog : MLog clients using log4j logging.
  2017-08-21 15:24:58 [ INFO] - com.mchange.v2.c3p0.C3P0Registry : Initializing c3p0-0.9.1.2 [built 21-May-2007 15:04:56; debug? true; trace: 10]
  2017-08-21 15:24:58 [ INFO] - org.hibernate.annotations.common.Version : HCANN000001: Hibernate Commons Annotations {4.0.1.Final}
  2017-08-21 15:24:58 [ INFO] - org.hibernate.Version : HHH000412: Hibernate Core {4.1.0.Final}
  2017-08-21 15:24:58 [ INFO] - org.hibernate.cfg.Environment : HHH000206: hibernate.properties not found
  2017-08-21 15:24:58 [ INFO] - org.hibernate.cfg.Environment : HHH000021: Bytecode provider name : javassist
  2017-08-21 15:24:58 [ INFO] - org.hibernate.cfg.Configuration : HHH000044: Configuring from URL: file:/F:/java-neon/workspace/IntercomServer/target/classes/hibernate.cfg.xml
  2017-08-21 15:24:59 [ INFO] - org.hibernate.cfg.Configuration : HHH000041: Configured SessionFactory: null
  2017-08-21 15:24:59 [ INFO] - com.mchange.v2.c3p0.impl.AbstractPoolBackedDataSource : Initializing c3p0 pool... com.mchange.v2.c3p0.ComboPooledDataSource [ acquireIncrement -> 5, acquireRetryAttempts -> 30, acquireRetryDelay -> 1000, autoCommitOnClose -> false, automaticTestTable -> null, breakAfterAcquireFailure -> false, checkoutTimeout -> 0, connectionCustomizerClassName -> null, connectionTesterClassName -> com.mchange.v2.c3p0.impl.DefaultConnectionTester, dataSourceName -> 2sozv79q10ree6gpqhk1|2b71b49e, debugUnreturnedConnectionStackTraces -> false, description -> null, driverClass -> com.mysql.jdbc.Driver, factoryClassLocation -> null, forceIgnoreUnresolvedTransactions -> false, identityToken -> 2sozv79q10ree6gpqhk1|2b71b49e, idleConnectionTestPeriod -> 0, initialPoolSize -> 3, jdbcUrl -> jdbc:mysql://120.55.162.188:3306/IntercomData?useUnicode=true&characterEncoding=UTF8, maxAdministrativeTaskTime -> 0, maxConnectionAge -> 0, maxIdleTime -> 20, maxIdleTimeExcessConnections -> 0, maxPoolSize -> 1000, maxStatements -> 8, maxStatementsPerConnection -> 5, minPoolSize -> 3, numHelperThreads -> 3, numThreadsAwaitingCheckoutDefaultUser -> 0, preferredTestQuery -> null, properties -> {user=******, password=******}, propertyCycle -> 0, testConnectionOnCheckin -> false, testConnectionOnCheckout -> false, unreturnedConnectionTimeout -> 0, usesTraditionalReflectiveProxies -> false ]
  2017-08-21 15:25:00 [ INFO] - org.hibernate.dialect.Dialect : HHH000400: Using dialect: org.hibernate.dialect.MySQL5InnoDBDialect
  2017-08-21 15:25:00 [ INFO] - org.hibernate.engine.jdbc.internal.LobCreatorBuilder : HHH000423: Disabling contextual LOB creation as JDBC driver reported JDBC version [3] less than 4
  2017-08-21 15:25:00 [ INFO] - org.hibernate.engine.transaction.internal.TransactionFactoryInitiator : HHH000399: Using default transaction strategy (direct JDBC transactions)
  2017-08-21 15:25:00 [ INFO] - org.hibernate.hql.internal.ast.ASTQueryTranslatorFactory : HHH000397: Using ASTQueryTranslatorFactory
  2017-08-21 15:25:02 [ INFO] - org.hibernate.tool.hbm2ddl.SchemaUpdate : HHH000228: Running hbm2ddl schema update
  2017-08-21 15:25:02 [ INFO] - org.hibernate.tool.hbm2ddl.SchemaUpdate : HHH000102: Fetching database metadata
  2017-08-21 15:25:02 [ INFO] - org.hibernate.tool.hbm2ddl.SchemaUpdate : HHH000396: Updating schema
  2017-08-21 15:25:02 [ INFO] - org.hibernate.tool.hbm2ddl.TableMetadata : HHH000261: Table found: IntercomData.groupInfo
  2017-08-21 15:25:02 [ INFO] - org.hibernate.tool.hbm2ddl.TableMetadata : HHH000037: Columns: [id, name, owner]
  2017-08-21 15:25:02 [ INFO] - org.hibernate.tool.hbm2ddl.TableMetadata : HHH000108: Foreign keys: []
  2017-08-21 15:25:02 [ INFO] - org.hibernate.tool.hbm2ddl.TableMetadata : HHH000126: Indexes: [primary]
  2017-08-21 15:25:02 [ INFO] - org.hibernate.tool.hbm2ddl.TableMetadata : HHH000261: Table found: IntercomData.groupMember
  2017-08-21 15:25:02 [ INFO] - org.hibernate.tool.hbm2ddl.TableMetadata : HHH000037: Columns: [id, username, grade, groupid]
  2017-08-21 15:25:02 [ INFO] - org.hibernate.tool.hbm2ddl.TableMetadata : HHH000108: Foreign keys: [id, username]
  2017-08-21 15:25:02 [ INFO] - org.hibernate.tool.hbm2ddl.TableMetadata : HHH000126: Indexes: [username_idx, id_idx, primary]
  2017-08-21 15:25:03 [ INFO] - org.hibernate.tool.hbm2ddl.TableMetadata : HHH000261: Table found: IntercomData.user
  2017-08-21 15:25:03 [ INFO] - org.hibernate.tool.hbm2ddl.TableMetadata : HHH000037: Columns: [id, username, nickname, password]
  2017-08-21 15:25:03 [ INFO] - org.hibernate.tool.hbm2ddl.TableMetadata : HHH000108: Foreign keys: []
  2017-08-21 15:25:03 [ INFO] - org.hibernate.tool.hbm2ddl.TableMetadata : HHH000126: Indexes: [uid_unique, primary]
  2017-08-21 15:25:03 [ INFO] - org.hibernate.tool.hbm2ddl.SchemaUpdate : HHH000232: Schema update complete
  2017-08-21 15:25:03 [ INFO] - org.springframework.orm.hibernate4.HibernateTransactionManager : Using DataSource [com.mchange.v2.c3p0.ComboPooledDataSource [ acquireIncrement -> 5, acquireRetryAttempts -> 30, acquireRetryDelay -> 1000, autoCommitOnClose -> false, automaticTestTable -> null, breakAfterAcquireFailure -> false, checkoutTimeout -> 0, connectionCustomizerClassName -> null, connectionTesterClassName -> com.mchange.v2.c3p0.impl.DefaultConnectionTester, dataSourceName -> 2sozv79q10ree6gpqhk1|2b71b49e, debugUnreturnedConnectionStackTraces -> false, description -> null, driverClass -> com.mysql.jdbc.Driver, factoryClassLocation -> null, forceIgnoreUnresolvedTransactions -> false, identityToken -> 2sozv79q10ree6gpqhk1|2b71b49e, idleConnectionTestPeriod -> 0, initialPoolSize -> 3, jdbcUrl -> jdbc:mysql://120.55.162.188:3306/IntercomData?useUnicode=true&characterEncoding=UTF8, maxAdministrativeTaskTime -> 0, maxConnectionAge -> 0, maxIdleTime -> 20, maxIdleTimeExcessConnections -> 0, maxPoolSize -> 1000, maxStatements -> 8, maxStatementsPerConnection -> 5, minPoolSize -> 3, numHelperThreads -> 3, numThreadsAwaitingCheckoutDefaultUser -> 0, preferredTestQuery -> null, properties -> {user=******, password=******}, propertyCycle -> 0, testConnectionOnCheckin -> false, testConnectionOnCheckout -> false, unreturnedConnectionTimeout -> 0, usesTraditionalReflectiveProxies -> false ]] of Hibernate SessionFactory for HibernateTransactionManager
  2017-08-21 15:25:03 [ INFO] - sz.lzh.conversation.config.Configure : 读取了本地配置文件：F:\java-neon\workspace\IntercomServer\conf\config.properties
  2017-08-21 15:25:22 [ INFO] - net.easyits.tcp.connect.TcpAcceptor : 端口【6666】开始监听
  2017-08-21 15:25:22 [ INFO] - net.easyits.tcp.connect.TcpAcceptor : 端口【6000】开始监听
  2017-08-21 15:25:22 [ INFO] - net.easyits.tcp.connect.TcpAcceptor : 端口【6001】开始监听
  2017-08-21 15:25:22 [ INFO] - net.easyits.tcp.connect.TcpAcceptor : 端口【110】开始监听
  2017-08-21 16:21:32 [ WARN] - io.netty.channel.DefaultChannelPipeline : An exceptionCaught() event was fired, and it reached at the tail of the pipeline. It usually means the last handler in the pipeline did not handle the exception.
  java.io.IOException: 远程主机强迫关闭了一个现有的连接。
	at sun.nio.ch.SocketDispatcher.read0(Native Method)
	at sun.nio.ch.SocketDispatcher.read(Unknown Source)
	at sun.nio.ch.IOUtil.readIntoNativeBuffer(Unknown Source)
	at sun.nio.ch.IOUtil.read(Unknown Source)
	at sun.nio.ch.SocketChannelImpl.read(Unknown Source)
	at io.netty.buffer.PooledUnsafeDirectByteBuf.setBytes(PooledUnsafeDirectByteBuf.java:288)
	at io.netty.buffer.AbstractByteBuf.writeBytes(AbstractByteBuf.java:1100)
	at io.netty.channel.socket.nio.NioSocketChannel.doReadBytes(NioSocketChannel.java:366)
	at io.netty.channel.nio.AbstractNioByteChannel$NioByteUnsafe.read(AbstractNioByteChannel.java:118)
	at io.netty.channel.nio.NioEventLoop.processSelectedKey(NioEventLoop.java:651)
	at io.netty.channel.nio.NioEventLoop.processSelectedKeysOptimized(NioEventLoop.java:574)
	at io.netty.channel.nio.NioEventLoop.processSelectedKeys(NioEventLoop.java:488)
	at io.netty.channel.nio.NioEventLoop.run(NioEventLoop.java:450)
	at io.netty.util.concurrent.SingleThreadEventExecutor$5.run(SingleThreadEventExecutor.java:873)
	at io.netty.util.concurrent.DefaultThreadFactory$DefaultRunnableDecorator.run(DefaultThreadFactory.java:144)
	at java.lang.Thread.run(Unknown Source)
2017-08-21 17:10:07 [ INFO] - org.springframework.context.support.ClassPathXmlApplicationContext : Refreshing org.springframework.context.support.ClassPathXmlApplicationContext@32ddb49a: startup date [Mon Aug 21 17:10:07 CST 2017]; root of context hierarchy
  2017-08-21 17:10:07 [ INFO] - org.springframework.beans.factory.xml.XmlBeanDefinitionReader : Loading XML bean definitions from URL [file:/F:/java-neon/workspace/IntercomServer/target/classes/ApplicationContext.xml]
  2017-08-21 17:10:08 [ INFO] - org.springframework.context.support.PropertySourcesPlaceholderConfigurer : Loading properties file from class path resource [config.properties]
  2017-08-21 17:10:08 [ INFO] - com.mchange.v2.log.MLog : MLog clients using log4j logging.
  2017-08-21 17:10:08 [ INFO] - com.mchange.v2.c3p0.C3P0Registry : Initializing c3p0-0.9.1.2 [built 21-May-2007 15:04:56; debug? true; trace: 10]
  2017-08-21 17:10:08 [ INFO] - org.hibernate.annotations.common.Version : HCANN000001: Hibernate Commons Annotations {4.0.1.Final}
  2017-08-21 17:10:08 [ INFO] - org.hibernate.Version : HHH000412: Hibernate Core {4.1.0.Final}
  2017-08-21 17:10:08 [ INFO] - org.hibernate.cfg.Environment : HHH000206: hibernate.properties not found
  2017-08-21 17:10:08 [ INFO] - org.hibernate.cfg.Environment : HHH000021: Bytecode provider name : javassist
  2017-08-21 17:10:08 [ INFO] - org.hibernate.cfg.Configuration : HHH000044: Configuring from URL: file:/F:/java-neon/workspace/IntercomServer/target/classes/hibernate.cfg.xml
  2017-08-21 17:10:08 [ INFO] - org.hibernate.cfg.Configuration : HHH000041: Configured SessionFactory: null
  2017-08-21 17:10:09 [ INFO] - com.mchange.v2.c3p0.impl.AbstractPoolBackedDataSource : Initializing c3p0 pool... com.mchange.v2.c3p0.ComboPooledDataSource [ acquireIncrement -> 5, acquireRetryAttempts -> 30, acquireRetryDelay -> 1000, autoCommitOnClose -> false, automaticTestTable -> null, breakAfterAcquireFailure -> false, checkoutTimeout -> 0, connectionCustomizerClassName -> null, connectionTesterClassName -> com.mchange.v2.c3p0.impl.DefaultConnectionTester, dataSourceName -> 2sozv79q14inla1w7zdlw|5f0c24f7, debugUnreturnedConnectionStackTraces -> false, description -> null, driverClass -> com.mysql.jdbc.Driver, factoryClassLocation -> null, forceIgnoreUnresolvedTransactions -> false, identityToken -> 2sozv79q14inla1w7zdlw|5f0c24f7, idleConnectionTestPeriod -> 0, initialPoolSize -> 3, jdbcUrl -> jdbc:mysql://120.55.162.188:3306/IntercomData?useUnicode=true&characterEncoding=UTF8, maxAdministrativeTaskTime -> 0, maxConnectionAge -> 0, maxIdleTime -> 20, maxIdleTimeExcessConnections -> 0, maxPoolSize -> 1000, maxStatements -> 8, maxStatementsPerConnection -> 5, minPoolSize -> 3, numHelperThreads -> 3, numThreadsAwaitingCheckoutDefaultUser -> 0, preferredTestQuery -> null, properties -> {user=******, password=******}, propertyCycle -> 0, testConnectionOnCheckin -> false, testConnectionOnCheckout -> false, unreturnedConnectionTimeout -> 0, usesTraditionalReflectiveProxies -> false ]
  2017-08-21 17:10:09 [ INFO] - org.hibernate.dialect.Dialect : HHH000400: Using dialect: org.hibernate.dialect.MySQL5InnoDBDialect
  2017-08-21 17:10:09 [ INFO] - org.hibernate.engine.jdbc.internal.LobCreatorBuilder : HHH000423: Disabling contextual LOB creation as JDBC driver reported JDBC version [3] less than 4
  2017-08-21 17:10:09 [ INFO] - org.hibernate.engine.transaction.internal.TransactionFactoryInitiator : HHH000399: Using default transaction strategy (direct JDBC transactions)
  2017-08-21 17:10:09 [ INFO] - org.hibernate.hql.internal.ast.ASTQueryTranslatorFactory : HHH000397: Using ASTQueryTranslatorFactory
  2017-08-21 17:10:09 [ INFO] - org.hibernate.tool.hbm2ddl.SchemaUpdate : HHH000228: Running hbm2ddl schema update
  2017-08-21 17:10:09 [ INFO] - org.hibernate.tool.hbm2ddl.SchemaUpdate : HHH000102: Fetching database metadata
  2017-08-21 17:10:09 [ INFO] - org.hibernate.tool.hbm2ddl.SchemaUpdate : HHH000396: Updating schema
  2017-08-21 17:10:10 [ INFO] - org.hibernate.tool.hbm2ddl.TableMetadata : HHH000261: Table found: IntercomData.groupInfo
  2017-08-21 17:10:10 [ INFO] - org.hibernate.tool.hbm2ddl.TableMetadata : HHH000037: Columns: [id, name, owner]
  2017-08-21 17:10:10 [ INFO] - org.hibernate.tool.hbm2ddl.TableMetadata : HHH000108: Foreign keys: []
  2017-08-21 17:10:10 [ INFO] - org.hibernate.tool.hbm2ddl.TableMetadata : HHH000126: Indexes: [primary]
  2017-08-21 17:10:10 [ INFO] - org.hibernate.tool.hbm2ddl.TableMetadata : HHH000261: Table found: IntercomData.groupMember
  2017-08-21 17:10:10 [ INFO] - org.hibernate.tool.hbm2ddl.TableMetadata : HHH000037: Columns: [id, username, grade, groupid]
  2017-08-21 17:10:10 [ INFO] - org.hibernate.tool.hbm2ddl.TableMetadata : HHH000108: Foreign keys: [id, username]
  2017-08-21 17:10:10 [ INFO] - org.hibernate.tool.hbm2ddl.TableMetadata : HHH000126: Indexes: [username_idx, id_idx, primary]
  2017-08-21 17:10:10 [ INFO] - org.hibernate.tool.hbm2ddl.TableMetadata : HHH000261: Table found: IntercomData.user
  2017-08-21 17:10:10 [ INFO] - org.hibernate.tool.hbm2ddl.TableMetadata : HHH000037: Columns: [id, username, nickname, password]
  2017-08-21 17:10:10 [ INFO] - org.hibernate.tool.hbm2ddl.TableMetadata : HHH000108: Foreign keys: []
  2017-08-21 17:10:10 [ INFO] - org.hibernate.tool.hbm2ddl.TableMetadata : HHH000126: Indexes: [uid_unique, primary]
  2017-08-21 17:10:10 [ INFO] - org.hibernate.tool.hbm2ddl.SchemaUpdate : HHH000232: Schema update complete
  2017-08-21 17:10:41 [ INFO] - org.springframework.orm.hibernate4.HibernateTransactionManager : Using DataSource [com.mchange.v2.c3p0.ComboPooledDataSource [ acquireIncrement -> 5, acquireRetryAttempts -> 30, acquireRetryDelay -> 1000, autoCommitOnClose -> false, automaticTestTable -> null, breakAfterAcquireFailure -> false, checkoutTimeout -> 0, connectionCustomizerClassName -> null, connectionTesterClassName -> com.mchange.v2.c3p0.impl.DefaultConnectionTester, dataSourceName -> 2sozv79q14inla1w7zdlw|5f0c24f7, debugUnreturnedConnectionStackTraces -> false, description -> null, driverClass -> com.mysql.jdbc.Driver, factoryClassLocation -> null, forceIgnoreUnresolvedTransactions -> false, identityToken -> 2sozv79q14inla1w7zdlw|5f0c24f7, idleConnectionTestPeriod -> 0, initialPoolSize -> 3, jdbcUrl -> jdbc:mysql://120.55.162.188:3306/IntercomData?useUnicode=true&characterEncoding=UTF8, maxAdministrativeTaskTime -> 0, maxConnectionAge -> 0, maxIdleTime -> 20, maxIdleTimeExcessConnections -> 0, maxPoolSize -> 1000, maxStatements -> 8, maxStatementsPerConnection -> 5, minPoolSize -> 3, numHelperThreads -> 3, numThreadsAwaitingCheckoutDefaultUser -> 0, preferredTestQuery -> null, properties -> {user=******, password=******}, propertyCycle -> 0, testConnectionOnCheckin -> false, testConnectionOnCheckout -> false, unreturnedConnectionTimeout -> 0, usesTraditionalReflectiveProxies -> false ]] of Hibernate SessionFactory for HibernateTransactionManager
  2017-08-21 17:10:41 [ INFO] - sz.lzh.conversation.config.Configure : 读取了本地配置文件：F:\java-neon\workspace\IntercomServer\conf\config.properties
  2017-08-21 17:10:55 [ INFO] - net.easyits.tcp.connect.TcpAcceptor : 端口【6666】开始监听
  2017-08-21 17:10:55 [ INFO] - net.easyits.tcp.connect.TcpAcceptor : 端口【6000】开始监听
  2017-08-21 17:10:55 [ INFO] - net.easyits.tcp.connect.TcpAcceptor : 端口【6001】开始监听
  2017-08-21 17:10:55 [ INFO] - net.easyits.tcp.connect.TcpAcceptor : 端口【110】开始监听
  2017-08-21 17:13:22 [ INFO] - org.springframework.context.support.ClassPathXmlApplicationContext : Refreshing org.springframework.context.support.ClassPathXmlApplicationContext@c4d95c7: startup date [Mon Aug 21 17:13:22 CST 2017]; root of context hierarchy
  2017-08-21 17:13:22 [ INFO] - org.springframework.beans.factory.xml.XmlBeanDefinitionReader : Loading XML bean definitions from URL [file:/F:/java-neon/workspace/IntercomServer/target/classes/ApplicationContext.xml]
  2017-08-21 17:13:23 [ INFO] - org.springframework.context.support.PropertySourcesPlaceholderConfigurer : Loading properties file from class path resource [config.properties]
  2017-08-21 17:13:23 [ INFO] - com.mchange.v2.log.MLog : MLog clients using log4j logging.
  2017-08-21 17:13:23 [ INFO] - com.mchange.v2.c3p0.C3P0Registry : Initializing c3p0-0.9.1.2 [built 21-May-2007 15:04:56; debug? true; trace: 10]
  2017-08-21 17:13:23 [ INFO] - org.hibernate.annotations.common.Version : HCANN000001: Hibernate Commons Annotations {4.0.1.Final}
  2017-08-21 17:13:24 [ INFO] - org.hibernate.Version : HHH000412: Hibernate Core {4.1.0.Final}
  2017-08-21 17:13:24 [ INFO] - org.hibernate.cfg.Environment : HHH000206: hibernate.properties not found
  2017-08-21 17:13:24 [ INFO] - org.hibernate.cfg.Environment : HHH000021: Bytecode provider name : javassist
  2017-08-21 17:13:24 [ INFO] - org.hibernate.cfg.Configuration : HHH000044: Configuring from URL: file:/F:/java-neon/workspace/IntercomServer/target/classes/hibernate.cfg.xml
  2017-08-21 17:13:24 [ INFO] - org.hibernate.cfg.Configuration : HHH000041: Configured SessionFactory: null
  2017-08-21 17:13:24 [ INFO] - com.mchange.v2.c3p0.impl.AbstractPoolBackedDataSource : Initializing c3p0 pool... com.mchange.v2.c3p0.ComboPooledDataSource [ acquireIncrement -> 5, acquireRetryAttempts -> 30, acquireRetryDelay -> 1000, autoCommitOnClose -> false, automaticTestTable -> null, breakAfterAcquireFailure -> false, checkoutTimeout -> 0, connectionCustomizerClassName -> null, connectionTesterClassName -> com.mchange.v2.c3p0.impl.DefaultConnectionTester, dataSourceName -> 2sozv79q14mu5f355glr|3609075a, debugUnreturnedConnectionStackTraces -> false, description -> null, driverClass -> com.mysql.jdbc.Driver, factoryClassLocation -> null, forceIgnoreUnresolvedTransactions -> false, identityToken -> 2sozv79q14mu5f355glr|3609075a, idleConnectionTestPeriod -> 0, initialPoolSize -> 3, jdbcUrl -> jdbc:mysql://120.55.162.188:3306/IntercomData?useUnicode=true&characterEncoding=UTF8, maxAdministrativeTaskTime -> 0, maxConnectionAge -> 0, maxIdleTime -> 20, maxIdleTimeExcessConnections -> 0, maxPoolSize -> 1000, maxStatements -> 8, maxStatementsPerConnection -> 5, minPoolSize -> 3, numHelperThreads -> 3, numThreadsAwaitingCheckoutDefaultUser -> 0, preferredTestQuery -> null, properties -> {user=******, password=******}, propertyCycle -> 0, testConnectionOnCheckin -> false, testConnectionOnCheckout -> false, unreturnedConnectionTimeout -> 0, usesTraditionalReflectiveProxies -> false ]
  2017-08-21 17:13:25 [ INFO] - org.hibernate.dialect.Dialect : HHH000400: Using dialect: org.hibernate.dialect.MySQL5InnoDBDialect
  2017-08-21 17:13:25 [ INFO] - org.hibernate.engine.jdbc.internal.LobCreatorBuilder : HHH000423: Disabling contextual LOB creation as JDBC driver reported JDBC version [3] less than 4
  2017-08-21 17:13:25 [ INFO] - org.hibernate.engine.transaction.internal.TransactionFactoryInitiator : HHH000399: Using default transaction strategy (direct JDBC transactions)
  2017-08-21 17:13:25 [ INFO] - org.hibernate.hql.internal.ast.ASTQueryTranslatorFactory : HHH000397: Using ASTQueryTranslatorFactory
  2017-08-21 17:13:25 [ INFO] - org.hibernate.tool.hbm2ddl.SchemaUpdate : HHH000228: Running hbm2ddl schema update
  2017-08-21 17:13:25 [ INFO] - org.hibernate.tool.hbm2ddl.SchemaUpdate : HHH000102: Fetching database metadata
  2017-08-21 17:13:25 [ INFO] - org.hibernate.tool.hbm2ddl.SchemaUpdate : HHH000396: Updating schema
  2017-08-21 17:13:25 [ INFO] - org.hibernate.tool.hbm2ddl.TableMetadata : HHH000261: Table found: IntercomData.groupInfo
  2017-08-21 17:13:25 [ INFO] - org.hibernate.tool.hbm2ddl.TableMetadata : HHH000037: Columns: [id, name, owner]
  2017-08-21 17:13:25 [ INFO] - org.hibernate.tool.hbm2ddl.TableMetadata : HHH000108: Foreign keys: []
  2017-08-21 17:13:25 [ INFO] - org.hibernate.tool.hbm2ddl.TableMetadata : HHH000126: Indexes: [primary]
  2017-08-21 17:13:25 [ INFO] - org.hibernate.tool.hbm2ddl.TableMetadata : HHH000261: Table found: IntercomData.groupMember
  2017-08-21 17:13:25 [ INFO] - org.hibernate.tool.hbm2ddl.TableMetadata : HHH000037: Columns: [id, username, grade, groupid]
  2017-08-21 17:13:25 [ INFO] - org.hibernate.tool.hbm2ddl.TableMetadata : HHH000108: Foreign keys: [id, username]
  2017-08-21 17:13:25 [ INFO] - org.hibernate.tool.hbm2ddl.TableMetadata : HHH000126: Indexes: [username_idx, id_idx, primary]
  2017-08-21 17:13:25 [ INFO] - org.hibernate.tool.hbm2ddl.TableMetadata : HHH000261: Table found: IntercomData.user
  2017-08-21 17:13:25 [ INFO] - org.hibernate.tool.hbm2ddl.TableMetadata : HHH000037: Columns: [id, username, nickname, password]
  2017-08-21 17:13:25 [ INFO] - org.hibernate.tool.hbm2ddl.TableMetadata : HHH000108: Foreign keys: []
  2017-08-21 17:13:25 [ INFO] - org.hibernate.tool.hbm2ddl.TableMetadata : HHH000126: Indexes: [uid_unique, primary]
  2017-08-21 17:13:26 [ INFO] - org.hibernate.tool.hbm2ddl.SchemaUpdate : HHH000232: Schema update complete
  2017-08-21 17:13:26 [ INFO] - org.springframework.orm.hibernate4.HibernateTransactionManager : Using DataSource [com.mchange.v2.c3p0.ComboPooledDataSource [ acquireIncrement -> 5, acquireRetryAttempts -> 30, acquireRetryDelay -> 1000, autoCommitOnClose -> false, automaticTestTable -> null, breakAfterAcquireFailure -> false, checkoutTimeout -> 0, connectionCustomizerClassName -> null, connectionTesterClassName -> com.mchange.v2.c3p0.impl.DefaultConnectionTester, dataSourceName -> 2sozv79q14mu5f355glr|3609075a, debugUnreturnedConnectionStackTraces -> false, description -> null, driverClass -> com.mysql.jdbc.Driver, factoryClassLocation -> null, forceIgnoreUnresolvedTransactions -> false, identityToken -> 2sozv79q14mu5f355glr|3609075a, idleConnectionTestPeriod -> 0, initialPoolSize -> 3, jdbcUrl -> jdbc:mysql://120.55.162.188:3306/IntercomData?useUnicode=true&characterEncoding=UTF8, maxAdministrativeTaskTime -> 0, maxConnectionAge -> 0, maxIdleTime -> 20, maxIdleTimeExcessConnections -> 0, maxPoolSize -> 1000, maxStatements -> 8, maxStatementsPerConnection -> 5, minPoolSize -> 3, numHelperThreads -> 3, numThreadsAwaitingCheckoutDefaultUser -> 0, preferredTestQuery -> null, properties -> {user=******, password=******}, propertyCycle -> 0, testConnectionOnCheckin -> false, testConnectionOnCheckout -> false, unreturnedConnectionTimeout -> 0, usesTraditionalReflectiveProxies -> false ]] of Hibernate SessionFactory for HibernateTransactionManager
  2017-08-21 17:13:26 [ INFO] - sz.lzh.conversation.config.Configure : 读取了本地配置文件：F:\java-neon\workspace\IntercomServer\conf\config.properties
  2017-08-21 17:13:37 [ INFO] - net.easyits.tcp.connect.TcpAcceptor : 端口【6666】开始监听
  2017-08-21 17:13:37 [ INFO] - net.easyits.tcp.connect.TcpAcceptor : 端口【6000】开始监听
  2017-08-21 17:13:37 [ INFO] - net.easyits.tcp.connect.TcpAcceptor : 端口【6001】开始监听
  2017-08-21 17:13:37 [ INFO] - net.easyits.tcp.connect.TcpAcceptor : 端口【110】开始监听
  2017-08-21 17:25:50 [ INFO] - org.springframework.context.support.ClassPathXmlApplicationContext : Refreshing org.springframework.context.support.ClassPathXmlApplicationContext@39a44220: startup date [Mon Aug 21 17:25:50 CST 2017]; root of context hierarchy
  2017-08-21 17:25:51 [ INFO] - org.springframework.beans.factory.xml.XmlBeanDefinitionReader : Loading XML bean definitions from URL [file:/F:/java-neon/workspace/IntercomServer/target/classes/ApplicationContext.xml]
  2017-08-21 17:25:51 [ INFO] - org.springframework.context.support.PropertySourcesPlaceholderConfigurer : Loading properties file from class path resource [config.properties]
  2017-08-21 17:25:51 [ INFO] - com.mchange.v2.log.MLog : MLog clients using log4j logging.
  2017-08-21 17:25:51 [ INFO] - com.mchange.v2.c3p0.C3P0Registry : Initializing c3p0-0.9.1.2 [built 21-May-2007 15:04:56; debug? true; trace: 10]
  2017-08-21 17:25:52 [ INFO] - org.hibernate.annotations.common.Version : HCANN000001: Hibernate Commons Annotations {4.0.1.Final}
  2017-08-21 17:25:52 [ INFO] - org.hibernate.Version : HHH000412: Hibernate Core {4.1.0.Final}
  2017-08-21 17:25:52 [ INFO] - org.hibernate.cfg.Environment : HHH000206: hibernate.properties not found
  2017-08-21 17:25:52 [ INFO] - org.hibernate.cfg.Environment : HHH000021: Bytecode provider name : javassist
  2017-08-21 17:25:52 [ INFO] - org.hibernate.cfg.Configuration : HHH000044: Configuring from URL: file:/F:/java-neon/workspace/IntercomServer/target/classes/hibernate.cfg.xml
  2017-08-21 17:25:52 [ INFO] - org.hibernate.cfg.Configuration : HHH000041: Configured SessionFactory: null
  2017-08-21 17:25:52 [ INFO] - com.mchange.v2.c3p0.impl.AbstractPoolBackedDataSource : Initializing c3p0 pool... com.mchange.v2.c3p0.ComboPooledDataSource [ acquireIncrement -> 5, acquireRetryAttempts -> 30, acquireRetryDelay -> 1000, autoCommitOnClose -> false, automaticTestTable -> null, breakAfterAcquireFailure -> false, checkoutTimeout -> 0, connectionCustomizerClassName -> null, connectionTesterClassName -> com.mchange.v2.c3p0.impl.DefaultConnectionTester, dataSourceName -> 2sozv79q152vca12xv889|3681e09f, debugUnreturnedConnectionStackTraces -> false, description -> null, driverClass -> com.mysql.jdbc.Driver, factoryClassLocation -> null, forceIgnoreUnresolvedTransactions -> false, identityToken -> 2sozv79q152vca12xv889|3681e09f, idleConnectionTestPeriod -> 0, initialPoolSize -> 3, jdbcUrl -> jdbc:mysql://120.55.162.188:3306/IntercomData?useUnicode=true&characterEncoding=UTF8, maxAdministrativeTaskTime -> 0, maxConnectionAge -> 0, maxIdleTime -> 20, maxIdleTimeExcessConnections -> 0, maxPoolSize -> 1000, maxStatements -> 8, maxStatementsPerConnection -> 5, minPoolSize -> 3, numHelperThreads -> 3, numThreadsAwaitingCheckoutDefaultUser -> 0, preferredTestQuery -> null, properties -> {user=******, password=******}, propertyCycle -> 0, testConnectionOnCheckin -> false, testConnectionOnCheckout -> false, unreturnedConnectionTimeout -> 0, usesTraditionalReflectiveProxies -> false ]
  2017-08-21 17:25:52 [ INFO] - org.hibernate.dialect.Dialect : HHH000400: Using dialect: org.hibernate.dialect.MySQL5InnoDBDialect
  2017-08-21 17:25:52 [ INFO] - org.hibernate.engine.jdbc.internal.LobCreatorBuilder : HHH000423: Disabling contextual LOB creation as JDBC driver reported JDBC version [3] less than 4
  2017-08-21 17:25:52 [ INFO] - org.hibernate.engine.transaction.internal.TransactionFactoryInitiator : HHH000399: Using default transaction strategy (direct JDBC transactions)
  2017-08-21 17:25:52 [ INFO] - org.hibernate.hql.internal.ast.ASTQueryTranslatorFactory : HHH000397: Using ASTQueryTranslatorFactory
  2017-08-21 17:25:52 [ INFO] - org.hibernate.tool.hbm2ddl.SchemaUpdate : HHH000228: Running hbm2ddl schema update
  2017-08-21 17:25:52 [ INFO] - org.hibernate.tool.hbm2ddl.SchemaUpdate : HHH000102: Fetching database metadata
  2017-08-21 17:25:52 [ INFO] - org.hibernate.tool.hbm2ddl.SchemaUpdate : HHH000396: Updating schema
  2017-08-21 17:25:53 [ INFO] - org.hibernate.tool.hbm2ddl.TableMetadata : HHH000261: Table found: IntercomData.groupInfo
  2017-08-21 17:25:53 [ INFO] - org.hibernate.tool.hbm2ddl.TableMetadata : HHH000037: Columns: [id, name, owner]
  2017-08-21 17:25:53 [ INFO] - org.hibernate.tool.hbm2ddl.TableMetadata : HHH000108: Foreign keys: []
  2017-08-21 17:25:53 [ INFO] - org.hibernate.tool.hbm2ddl.TableMetadata : HHH000126: Indexes: [primary]
  2017-08-21 17:25:53 [ INFO] - org.hibernate.tool.hbm2ddl.TableMetadata : HHH000261: Table found: IntercomData.groupMember
  2017-08-21 17:25:53 [ INFO] - org.hibernate.tool.hbm2ddl.TableMetadata : HHH000037: Columns: [id, username, grade, groupid]
  2017-08-21 17:25:53 [ INFO] - org.hibernate.tool.hbm2ddl.TableMetadata : HHH000108: Foreign keys: [id, username]
  2017-08-21 17:25:53 [ INFO] - org.hibernate.tool.hbm2ddl.TableMetadata : HHH000126: Indexes: [username_idx, id_idx, primary]
  2017-08-21 17:25:53 [ INFO] - org.hibernate.tool.hbm2ddl.TableMetadata : HHH000261: Table found: IntercomData.user
  2017-08-21 17:25:53 [ INFO] - org.hibernate.tool.hbm2ddl.TableMetadata : HHH000037: Columns: [id, username, nickname, password]
  2017-08-21 17:25:53 [ INFO] - org.hibernate.tool.hbm2ddl.TableMetadata : HHH000108: Foreign keys: []
  2017-08-21 17:25:53 [ INFO] - org.hibernate.tool.hbm2ddl.TableMetadata : HHH000126: Indexes: [uid_unique, primary]
  2017-08-21 17:25:53 [ INFO] - org.hibernate.tool.hbm2ddl.SchemaUpdate : HHH000232: Schema update complete
  2017-08-21 17:25:53 [ INFO] - org.springframework.orm.hibernate4.HibernateTransactionManager : Using DataSource [com.mchange.v2.c3p0.ComboPooledDataSource [ acquireIncrement -> 5, acquireRetryAttempts -> 30, acquireRetryDelay -> 1000, autoCommitOnClose -> false, automaticTestTable -> null, breakAfterAcquireFailure -> false, checkoutTimeout -> 0, connectionCustomizerClassName -> null, connectionTesterClassName -> com.mchange.v2.c3p0.impl.DefaultConnectionTester, dataSourceName -> 2sozv79q152vca12xv889|3681e09f, debugUnreturnedConnectionStackTraces -> false, description -> null, driverClass -> com.mysql.jdbc.Driver, factoryClassLocation -> null, forceIgnoreUnresolvedTransactions -> false, identityToken -> 2sozv79q152vca12xv889|3681e09f, idleConnectionTestPeriod -> 0, initialPoolSize -> 3, jdbcUrl -> jdbc:mysql://120.55.162.188:3306/IntercomData?useUnicode=true&characterEncoding=UTF8, maxAdministrativeTaskTime -> 0, maxConnectionAge -> 0, maxIdleTime -> 20, maxIdleTimeExcessConnections -> 0, maxPoolSize -> 1000, maxStatements -> 8, maxStatementsPerConnection -> 5, minPoolSize -> 3, numHelperThreads -> 3, numThreadsAwaitingCheckoutDefaultUser -> 0, preferredTestQuery -> null, properties -> {user=******, password=******}, propertyCycle -> 0, testConnectionOnCheckin -> false, testConnectionOnCheckout -> false, unreturnedConnectionTimeout -> 0, usesTraditionalReflectiveProxies -> false ]] of Hibernate SessionFactory for HibernateTransactionManager
  2017-08-21 17:25:53 [ INFO] - sz.lzh.conversation.config.Configure : 读取了本地配置文件：F:\java-neon\workspace\IntercomServer\conf\config.properties
  2017-08-21 17:26:01 [ INFO] - net.easyits.tcp.connect.TcpAcceptor : 端口【6666】开始监听
  2017-08-21 17:26:01 [ INFO] - net.easyits.tcp.connect.TcpAcceptor : 端口【6000】开始监听
  2017-08-21 17:26:01 [ INFO] - net.easyits.tcp.connect.TcpAcceptor : 端口【6001】开始监听
  2017-08-21 17:26:01 [ INFO] - net.easyits.tcp.connect.TcpAcceptor : 端口【110】开始监听
  2017-08-21 17:36:43 [ INFO] - org.springframework.context.support.ClassPathXmlApplicationContext : Refreshing org.springframework.context.support.ClassPathXmlApplicationContext@4ef16070: startup date [Mon Aug 21 17:36:43 CST 2017]; root of context hierarchy
  2017-08-21 17:36:43 [ INFO] - org.springframework.beans.factory.xml.XmlBeanDefinitionReader : Loading XML bean definitions from URL [file:/F:/java-neon/workspace/IntercomServer/target/classes/ApplicationContext.xml]
  2017-08-21 17:36:43 [ INFO] - org.springframework.context.support.PropertySourcesPlaceholderConfigurer : Loading properties file from class path resource [config.properties]
  2017-08-21 17:36:44 [ INFO] - com.mchange.v2.log.MLog : MLog clients using log4j logging.
  2017-08-21 17:36:44 [ INFO] - com.mchange.v2.c3p0.C3P0Registry : Initializing c3p0-0.9.1.2 [built 21-May-2007 15:04:56; debug? true; trace: 10]
  2017-08-21 17:36:44 [ INFO] - org.hibernate.annotations.common.Version : HCANN000001: Hibernate Commons Annotations {4.0.1.Final}
  2017-08-21 17:36:44 [ INFO] - org.hibernate.Version : HHH000412: Hibernate Core {4.1.0.Final}
  2017-08-21 17:36:44 [ INFO] - org.hibernate.cfg.Environment : HHH000206: hibernate.properties not found
  2017-08-21 17:36:44 [ INFO] - org.hibernate.cfg.Environment : HHH000021: Bytecode provider name : javassist
  2017-08-21 17:36:44 [ INFO] - org.hibernate.cfg.Configuration : HHH000044: Configuring from URL: file:/F:/java-neon/workspace/IntercomServer/target/classes/hibernate.cfg.xml
  2017-08-21 17:36:44 [ INFO] - org.hibernate.cfg.Configuration : HHH000041: Configured SessionFactory: null
  2017-08-21 17:36:44 [ INFO] - com.mchange.v2.c3p0.impl.AbstractPoolBackedDataSource : Initializing c3p0 pool... com.mchange.v2.c3p0.ComboPooledDataSource [ acquireIncrement -> 5, acquireRetryAttempts -> 30, acquireRetryDelay -> 1000, autoCommitOnClose -> false, automaticTestTable -> null, breakAfterAcquireFailure -> false, checkoutTimeout -> 0, connectionCustomizerClassName -> null, connectionTesterClassName -> com.mchange.v2.c3p0.impl.DefaultConnectionTester, dataSourceName -> 2sozv79q15guqf1bg83ld|ac1c16d, debugUnreturnedConnectionStackTraces -> false, description -> null, driverClass -> com.mysql.jdbc.Driver, factoryClassLocation -> null, forceIgnoreUnresolvedTransactions -> false, identityToken -> 2sozv79q15guqf1bg83ld|ac1c16d, idleConnectionTestPeriod -> 0, initialPoolSize -> 3, jdbcUrl -> jdbc:mysql://120.55.162.188:3306/IntercomData?useUnicode=true&characterEncoding=UTF8, maxAdministrativeTaskTime -> 0, maxConnectionAge -> 0, maxIdleTime -> 20, maxIdleTimeExcessConnections -> 0, maxPoolSize -> 1000, maxStatements -> 8, maxStatementsPerConnection -> 5, minPoolSize -> 3, numHelperThreads -> 3, numThreadsAwaitingCheckoutDefaultUser -> 0, preferredTestQuery -> null, properties -> {user=******, password=******}, propertyCycle -> 0, testConnectionOnCheckin -> false, testConnectionOnCheckout -> false, unreturnedConnectionTimeout -> 0, usesTraditionalReflectiveProxies -> false ]
  2017-08-21 17:36:45 [ INFO] - org.hibernate.dialect.Dialect : HHH000400: Using dialect: org.hibernate.dialect.MySQL5InnoDBDialect
  2017-08-21 17:36:45 [ INFO] - org.hibernate.engine.jdbc.internal.LobCreatorBuilder : HHH000423: Disabling contextual LOB creation as JDBC driver reported JDBC version [3] less than 4
  2017-08-21 17:36:45 [ INFO] - org.hibernate.engine.transaction.internal.TransactionFactoryInitiator : HHH000399: Using default transaction strategy (direct JDBC transactions)
  2017-08-21 17:36:45 [ INFO] - org.hibernate.hql.internal.ast.ASTQueryTranslatorFactory : HHH000397: Using ASTQueryTranslatorFactory
  2017-08-21 17:36:45 [ INFO] - org.hibernate.tool.hbm2ddl.SchemaUpdate : HHH000228: Running hbm2ddl schema update
  2017-08-21 17:36:45 [ INFO] - org.hibernate.tool.hbm2ddl.SchemaUpdate : HHH000102: Fetching database metadata
  2017-08-21 17:36:45 [ INFO] - org.hibernate.tool.hbm2ddl.SchemaUpdate : HHH000396: Updating schema
  2017-08-21 17:36:45 [ INFO] - org.hibernate.tool.hbm2ddl.TableMetadata : HHH000261: Table found: IntercomData.groupInfo
  2017-08-21 17:36:45 [ INFO] - org.hibernate.tool.hbm2ddl.TableMetadata : HHH000037: Columns: [id, name, owner]
  2017-08-21 17:36:45 [ INFO] - org.hibernate.tool.hbm2ddl.TableMetadata : HHH000108: Foreign keys: []
  2017-08-21 17:36:45 [ INFO] - org.hibernate.tool.hbm2ddl.TableMetadata : HHH000126: Indexes: [primary]
  2017-08-21 17:36:45 [ INFO] - org.hibernate.tool.hbm2ddl.TableMetadata : HHH000261: Table found: IntercomData.groupMember
  2017-08-21 17:36:45 [ INFO] - org.hibernate.tool.hbm2ddl.TableMetadata : HHH000037: Columns: [id, username, grade, groupid]
  2017-08-21 17:36:45 [ INFO] - org.hibernate.tool.hbm2ddl.TableMetadata : HHH000108: Foreign keys: [id, username]
  2017-08-21 17:36:45 [ INFO] - org.hibernate.tool.hbm2ddl.TableMetadata : HHH000126: Indexes: [username_idx, id_idx, primary]
  2017-08-21 17:36:45 [ INFO] - org.hibernate.tool.hbm2ddl.TableMetadata : HHH000261: Table found: IntercomData.user
  2017-08-21 17:36:45 [ INFO] - org.hibernate.tool.hbm2ddl.TableMetadata : HHH000037: Columns: [id, username, nickname, password]
  2017-08-21 17:36:45 [ INFO] - org.hibernate.tool.hbm2ddl.TableMetadata : HHH000108: Foreign keys: []
  2017-08-21 17:36:45 [ INFO] - org.hibernate.tool.hbm2ddl.TableMetadata : HHH000126: Indexes: [uid_unique, primary]
  2017-08-21 17:36:45 [ INFO] - org.hibernate.tool.hbm2ddl.SchemaUpdate : HHH000232: Schema update complete
  2017-08-21 17:36:45 [ INFO] - org.springframework.orm.hibernate4.HibernateTransactionManager : Using DataSource [com.mchange.v2.c3p0.ComboPooledDataSource [ acquireIncrement -> 5, acquireRetryAttempts -> 30, acquireRetryDelay -> 1000, autoCommitOnClose -> false, automaticTestTable -> null, breakAfterAcquireFailure -> false, checkoutTimeout -> 0, connectionCustomizerClassName -> null, connectionTesterClassName -> com.mchange.v2.c3p0.impl.DefaultConnectionTester, dataSourceName -> 2sozv79q15guqf1bg83ld|ac1c16d, debugUnreturnedConnectionStackTraces -> false, description -> null, driverClass -> com.mysql.jdbc.Driver, factoryClassLocation -> null, forceIgnoreUnresolvedTransactions -> false, identityToken -> 2sozv79q15guqf1bg83ld|ac1c16d, idleConnectionTestPeriod -> 0, initialPoolSize -> 3, jdbcUrl -> jdbc:mysql://120.55.162.188:3306/IntercomData?useUnicode=true&characterEncoding=UTF8, maxAdministrativeTaskTime -> 0, maxConnectionAge -> 0, maxIdleTime -> 20, maxIdleTimeExcessConnections -> 0, maxPoolSize -> 1000, maxStatements -> 8, maxStatementsPerConnection -> 5, minPoolSize -> 3, numHelperThreads -> 3, numThreadsAwaitingCheckoutDefaultUser -> 0, preferredTestQuery -> null, properties -> {user=******, password=******}, propertyCycle -> 0, testConnectionOnCheckin -> false, testConnectionOnCheckout -> false, unreturnedConnectionTimeout -> 0, usesTraditionalReflectiveProxies -> false ]] of Hibernate SessionFactory for HibernateTransactionManager
  2017-08-21 17:36:45 [ INFO] - sz.lzh.conversation.config.Configure : 读取了本地配置文件：F:\java-neon\workspace\IntercomServer\conf\config.properties
  2017-08-21 17:36:53 [ INFO] - net.easyits.tcp.connect.TcpAcceptor : 端口【6666】开始监听
  2017-08-21 17:36:53 [ INFO] - net.easyits.tcp.connect.TcpAcceptor : 端口【6000】开始监听
  2017-08-21 17:36:53 [ INFO] - net.easyits.tcp.connect.TcpAcceptor : 端口【6001】开始监听
  2017-08-21 17:36:53 [ INFO] - net.easyits.tcp.connect.TcpAcceptor : 端口【110】开始监听
  2017-08-21 17:48:26 [ INFO] - org.springframework.context.support.ClassPathXmlApplicationContext : Refreshing org.springframework.context.support.ClassPathXmlApplicationContext@4ef16070: startup date [Mon Aug 21 17:48:26 CST 2017]; root of context hierarchy
  2017-08-21 17:48:26 [ INFO] - org.springframework.beans.factory.xml.XmlBeanDefinitionReader : Loading XML bean definitions from URL [file:/F:/java-neon/workspace/IntercomServer/target/classes/ApplicationContext.xml]
  2017-08-21 17:48:26 [ INFO] - org.springframework.context.support.PropertySourcesPlaceholderConfigurer : Loading properties file from class path resource [config.properties]
  2017-08-21 17:48:27 [ INFO] - com.mchange.v2.log.MLog : MLog clients using log4j logging.
  2017-08-21 17:48:27 [ INFO] - com.mchange.v2.c3p0.C3P0Registry : Initializing c3p0-0.9.1.2 [built 21-May-2007 15:04:56; debug? true; trace: 10]
  2017-08-21 17:48:27 [ INFO] - org.hibernate.annotations.common.Version : HCANN000001: Hibernate Commons Annotations {4.0.1.Final}
  2017-08-21 17:48:27 [ INFO] - org.hibernate.Version : HHH000412: Hibernate Core {4.1.0.Final}
  2017-08-21 17:48:27 [ INFO] - org.hibernate.cfg.Environment : HHH000206: hibernate.properties not found
  2017-08-21 17:48:27 [ INFO] - org.hibernate.cfg.Environment : HHH000021: Bytecode provider name : javassist
  2017-08-21 17:48:27 [ INFO] - org.hibernate.cfg.Configuration : HHH000044: Configuring from URL: file:/F:/java-neon/workspace/IntercomServer/target/classes/hibernate.cfg.xml
  2017-08-21 17:48:27 [ INFO] - org.hibernate.cfg.Configuration : HHH000041: Configured SessionFactory: null
  2017-08-21 17:48:27 [ INFO] - com.mchange.v2.c3p0.impl.AbstractPoolBackedDataSource : Initializing c3p0 pool... com.mchange.v2.c3p0.ComboPooledDataSource [ acquireIncrement -> 5, acquireRetryAttempts -> 30, acquireRetryDelay -> 1000, autoCommitOnClose -> false, automaticTestTable -> null, breakAfterAcquireFailure -> false, checkoutTimeout -> 0, connectionCustomizerClassName -> null, connectionTesterClassName -> com.mchange.v2.c3p0.impl.DefaultConnectionTester, dataSourceName -> 2sozv79q15vx5g1fjvcej|2b71b49e, debugUnreturnedConnectionStackTraces -> false, description -> null, driverClass -> com.mysql.jdbc.Driver, factoryClassLocation -> null, forceIgnoreUnresolvedTransactions -> false, identityToken -> 2sozv79q15vx5g1fjvcej|2b71b49e, idleConnectionTestPeriod -> 0, initialPoolSize -> 3, jdbcUrl -> jdbc:mysql://120.55.162.188:3306/IntercomData?useUnicode=true&characterEncoding=UTF8, maxAdministrativeTaskTime -> 0, maxConnectionAge -> 0, maxIdleTime -> 20, maxIdleTimeExcessConnections -> 0, maxPoolSize -> 1000, maxStatements -> 8, maxStatementsPerConnection -> 5, minPoolSize -> 3, numHelperThreads -> 3, numThreadsAwaitingCheckoutDefaultUser -> 0, preferredTestQuery -> null, properties -> {user=******, password=******}, propertyCycle -> 0, testConnectionOnCheckin -> false, testConnectionOnCheckout -> false, unreturnedConnectionTimeout -> 0, usesTraditionalReflectiveProxies -> false ]
  2017-08-21 17:48:28 [ INFO] - org.hibernate.dialect.Dialect : HHH000400: Using dialect: org.hibernate.dialect.MySQL5InnoDBDialect
  2017-08-21 17:48:28 [ INFO] - org.hibernate.engine.jdbc.internal.LobCreatorBuilder : HHH000423: Disabling contextual LOB creation as JDBC driver reported JDBC version [3] less than 4
  2017-08-21 17:48:28 [ INFO] - org.hibernate.engine.transaction.internal.TransactionFactoryInitiator : HHH000399: Using default transaction strategy (direct JDBC transactions)
  2017-08-21 17:48:28 [ INFO] - org.hibernate.hql.internal.ast.ASTQueryTranslatorFactory : HHH000397: Using ASTQueryTranslatorFactory
  2017-08-21 17:48:28 [ INFO] - org.hibernate.tool.hbm2ddl.SchemaUpdate : HHH000228: Running hbm2ddl schema update
  2017-08-21 17:48:28 [ INFO] - org.hibernate.tool.hbm2ddl.SchemaUpdate : HHH000102: Fetching database metadata
  2017-08-21 17:48:28 [ INFO] - org.hibernate.tool.hbm2ddl.SchemaUpdate : HHH000396: Updating schema
  2017-08-21 17:48:28 [ INFO] - org.hibernate.tool.hbm2ddl.TableMetadata : HHH000261: Table found: IntercomData.groupInfo
  2017-08-21 17:48:28 [ INFO] - org.hibernate.tool.hbm2ddl.TableMetadata : HHH000037: Columns: [id, name, owner]
  2017-08-21 17:48:28 [ INFO] - org.hibernate.tool.hbm2ddl.TableMetadata : HHH000108: Foreign keys: []
  2017-08-21 17:48:28 [ INFO] - org.hibernate.tool.hbm2ddl.TableMetadata : HHH000126: Indexes: [primary]
  2017-08-21 17:48:28 [ INFO] - org.hibernate.tool.hbm2ddl.TableMetadata : HHH000261: Table found: IntercomData.groupMember
  2017-08-21 17:48:28 [ INFO] - org.hibernate.tool.hbm2ddl.TableMetadata : HHH000037: Columns: [id, username, grade, groupid]
  2017-08-21 17:48:28 [ INFO] - org.hibernate.tool.hbm2ddl.TableMetadata : HHH000108: Foreign keys: [id, username]
  2017-08-21 17:48:28 [ INFO] - org.hibernate.tool.hbm2ddl.TableMetadata : HHH000126: Indexes: [username_idx, id_idx, primary]
  2017-08-21 17:48:28 [ INFO] - org.hibernate.tool.hbm2ddl.TableMetadata : HHH000261: Table found: IntercomData.user
  2017-08-21 17:48:28 [ INFO] - org.hibernate.tool.hbm2ddl.TableMetadata : HHH000037: Columns: [id, username, nickname, password]
  2017-08-21 17:48:28 [ INFO] - org.hibernate.tool.hbm2ddl.TableMetadata : HHH000108: Foreign keys: []
  2017-08-21 17:48:28 [ INFO] - org.hibernate.tool.hbm2ddl.TableMetadata : HHH000126: Indexes: [uid_unique, primary]
  2017-08-21 17:48:28 [ INFO] - org.hibernate.tool.hbm2ddl.SchemaUpdate : HHH000232: Schema update complete
  2017-08-21 17:48:28 [ INFO] - org.springframework.orm.hibernate4.HibernateTransactionManager : Using DataSource [com.mchange.v2.c3p0.ComboPooledDataSource [ acquireIncrement -> 5, acquireRetryAttempts -> 30, acquireRetryDelay -> 1000, autoCommitOnClose -> false, automaticTestTable -> null, breakAfterAcquireFailure -> false, checkoutTimeout -> 0, connectionCustomizerClassName -> null, connectionTesterClassName -> com.mchange.v2.c3p0.impl.DefaultConnectionTester, dataSourceName -> 2sozv79q15vx5g1fjvcej|2b71b49e, debugUnreturnedConnectionStackTraces -> false, description -> null, driverClass -> com.mysql.jdbc.Driver, factoryClassLocation -> null, forceIgnoreUnresolvedTransactions -> false, identityToken -> 2sozv79q15vx5g1fjvcej|2b71b49e, idleConnectionTestPeriod -> 0, initialPoolSize -> 3, jdbcUrl -> jdbc:mysql://120.55.162.188:3306/IntercomData?useUnicode=true&characterEncoding=UTF8, maxAdministrativeTaskTime -> 0, maxConnectionAge -> 0, maxIdleTime -> 20, maxIdleTimeExcessConnections -> 0, maxPoolSize -> 1000, maxStatements -> 8, maxStatementsPerConnection -> 5, minPoolSize -> 3, numHelperThreads -> 3, numThreadsAwaitingCheckoutDefaultUser -> 0, preferredTestQuery -> null, properties -> {user=******, password=******}, propertyCycle -> 0, testConnectionOnCheckin -> false, testConnectionOnCheckout -> false, unreturnedConnectionTimeout -> 0, usesTraditionalReflectiveProxies -> false ]] of Hibernate SessionFactory for HibernateTransactionManager
  2017-08-21 17:48:28 [ INFO] - sz.lzh.conversation.config.Configure : 读取了本地配置文件：F:\java-neon\workspace\IntercomServer\conf\config.properties
  2017-08-21 17:48:36 [ INFO] - net.easyits.tcp.connect.TcpAcceptor : 端口【6666】开始监听
  2017-08-21 17:48:36 [ INFO] - net.easyits.tcp.connect.TcpAcceptor : 端口【6000】开始监听
  2017-08-21 17:48:36 [ INFO] - net.easyits.tcp.connect.TcpAcceptor : 端口【6001】开始监听
  2017-08-21 17:48:36 [ INFO] - net.easyits.tcp.connect.TcpAcceptor : 端口【110】开始监听
  2017-08-21 17:50:53 [ INFO] - org.springframework.context.support.ClassPathXmlApplicationContext : Refreshing org.springframework.context.support.ClassPathXmlApplicationContext@c4d95c7: startup date [Mon Aug 21 17:50:53 CST 2017]; root of context hierarchy
  2017-08-21 17:50:53 [ INFO] - org.springframework.beans.factory.xml.XmlBeanDefinitionReader : Loading XML bean definitions from URL [file:/F:/java-neon/workspace/IntercomServer/target/classes/ApplicationContext.xml]
  2017-08-21 17:50:54 [ INFO] - org.springframework.context.support.PropertySourcesPlaceholderConfigurer : Loading properties file from class path resource [config.properties]
  2017-08-21 17:50:54 [ INFO] - com.mchange.v2.log.MLog : MLog clients using log4j logging.
  2017-08-21 17:50:54 [ INFO] - com.mchange.v2.c3p0.C3P0Registry : Initializing c3p0-0.9.1.2 [built 21-May-2007 15:04:56; debug? true; trace: 10]
  2017-08-21 17:50:54 [ INFO] - org.hibernate.annotations.common.Version : HCANN000001: Hibernate Commons Annotations {4.0.1.Final}
  2017-08-21 17:50:54 [ INFO] - org.hibernate.Version : HHH000412: Hibernate Core {4.1.0.Final}
  2017-08-21 17:50:54 [ INFO] - org.hibernate.cfg.Environment : HHH000206: hibernate.properties not found
  2017-08-21 17:50:54 [ INFO] - org.hibernate.cfg.Environment : HHH000021: Bytecode provider name : javassist
  2017-08-21 17:50:54 [ INFO] - org.hibernate.cfg.Configuration : HHH000044: Configuring from URL: file:/F:/java-neon/workspace/IntercomServer/target/classes/hibernate.cfg.xml
  2017-08-21 17:50:54 [ INFO] - org.hibernate.cfg.Configuration : HHH000041: Configured SessionFactory: null
  2017-08-21 17:50:54 [ INFO] - com.mchange.v2.c3p0.impl.AbstractPoolBackedDataSource : Initializing c3p0 pool... com.mchange.v2.c3p0.ComboPooledDataSource [ acquireIncrement -> 5, acquireRetryAttempts -> 30, acquireRetryDelay -> 1000, autoCommitOnClose -> false, automaticTestTable -> null, breakAfterAcquireFailure -> false, checkoutTimeout -> 0, connectionCustomizerClassName -> null, connectionTesterClassName -> com.mchange.v2.c3p0.impl.DefaultConnectionTester, dataSourceName -> 2sozv79q15z2vbebek7h|75dcb2b9, debugUnreturnedConnectionStackTraces -> false, description -> null, driverClass -> com.mysql.jdbc.Driver, factoryClassLocation -> null, forceIgnoreUnresolvedTransactions -> false, identityToken -> 2sozv79q15z2vbebek7h|75dcb2b9, idleConnectionTestPeriod -> 0, initialPoolSize -> 3, jdbcUrl -> jdbc:mysql://120.55.162.188:3306/IntercomData?useUnicode=true&characterEncoding=UTF8, maxAdministrativeTaskTime -> 0, maxConnectionAge -> 0, maxIdleTime -> 20, maxIdleTimeExcessConnections -> 0, maxPoolSize -> 1000, maxStatements -> 8, maxStatementsPerConnection -> 5, minPoolSize -> 3, numHelperThreads -> 3, numThreadsAwaitingCheckoutDefaultUser -> 0, preferredTestQuery -> null, properties -> {user=******, password=******}, propertyCycle -> 0, testConnectionOnCheckin -> false, testConnectionOnCheckout -> false, unreturnedConnectionTimeout -> 0, usesTraditionalReflectiveProxies -> false ]
  2017-08-21 17:50:55 [ INFO] - org.hibernate.dialect.Dialect : HHH000400: Using dialect: org.hibernate.dialect.MySQL5InnoDBDialect
  2017-08-21 17:50:55 [ INFO] - org.hibernate.engine.jdbc.internal.LobCreatorBuilder : HHH000423: Disabling contextual LOB creation as JDBC driver reported JDBC version [3] less than 4
  2017-08-21 17:50:55 [ INFO] - org.hibernate.engine.transaction.internal.TransactionFactoryInitiator : HHH000399: Using default transaction strategy (direct JDBC transactions)
  2017-08-21 17:50:55 [ INFO] - org.hibernate.hql.internal.ast.ASTQueryTranslatorFactory : HHH000397: Using ASTQueryTranslatorFactory
  2017-08-21 17:50:55 [ INFO] - org.hibernate.tool.hbm2ddl.SchemaUpdate : HHH000228: Running hbm2ddl schema update
  2017-08-21 17:50:55 [ INFO] - org.hibernate.tool.hbm2ddl.SchemaUpdate : HHH000102: Fetching database metadata
  2017-08-21 17:50:55 [ INFO] - org.hibernate.tool.hbm2ddl.SchemaUpdate : HHH000396: Updating schema
  2017-08-21 17:50:55 [ INFO] - org.hibernate.tool.hbm2ddl.TableMetadata : HHH000261: Table found: IntercomData.groupInfo
  2017-08-21 17:50:55 [ INFO] - org.hibernate.tool.hbm2ddl.TableMetadata : HHH000037: Columns: [id, name, owner]
  2017-08-21 17:50:55 [ INFO] - org.hibernate.tool.hbm2ddl.TableMetadata : HHH000108: Foreign keys: []
  2017-08-21 17:50:55 [ INFO] - org.hibernate.tool.hbm2ddl.TableMetadata : HHH000126: Indexes: [primary]
  2017-08-21 17:50:55 [ INFO] - org.hibernate.tool.hbm2ddl.TableMetadata : HHH000261: Table found: IntercomData.groupMember
  2017-08-21 17:50:55 [ INFO] - org.hibernate.tool.hbm2ddl.TableMetadata : HHH000037: Columns: [id, username, grade, groupid]
  2017-08-21 17:50:55 [ INFO] - org.hibernate.tool.hbm2ddl.TableMetadata : HHH000108: Foreign keys: [id, username]
  2017-08-21 17:50:55 [ INFO] - org.hibernate.tool.hbm2ddl.TableMetadata : HHH000126: Indexes: [username_idx, id_idx, primary]
  2017-08-21 17:50:56 [ INFO] - org.hibernate.tool.hbm2ddl.TableMetadata : HHH000261: Table found: IntercomData.user
  2017-08-21 17:50:56 [ INFO] - org.hibernate.tool.hbm2ddl.TableMetadata : HHH000037: Columns: [id, username, nickname, password]
  2017-08-21 17:50:56 [ INFO] - org.hibernate.tool.hbm2ddl.TableMetadata : HHH000108: Foreign keys: []
  2017-08-21 17:50:56 [ INFO] - org.hibernate.tool.hbm2ddl.TableMetadata : HHH000126: Indexes: [uid_unique, primary]
  2017-08-21 17:50:56 [ INFO] - org.hibernate.tool.hbm2ddl.SchemaUpdate : HHH000232: Schema update complete
  2017-08-21 17:50:56 [ INFO] - org.springframework.orm.hibernate4.HibernateTransactionManager : Using DataSource [com.mchange.v2.c3p0.ComboPooledDataSource [ acquireIncrement -> 5, acquireRetryAttempts -> 30, acquireRetryDelay -> 1000, autoCommitOnClose -> false, automaticTestTable -> null, breakAfterAcquireFailure -> false, checkoutTimeout -> 0, connectionCustomizerClassName -> null, connectionTesterClassName -> com.mchange.v2.c3p0.impl.DefaultConnectionTester, dataSourceName -> 2sozv79q15z2vbebek7h|75dcb2b9, debugUnreturnedConnectionStackTraces -> false, description -> null, driverClass -> com.mysql.jdbc.Driver, factoryClassLocation -> null, forceIgnoreUnresolvedTransactions -> false, identityToken -> 2sozv79q15z2vbebek7h|75dcb2b9, idleConnectionTestPeriod -> 0, initialPoolSize -> 3, jdbcUrl -> jdbc:mysql://120.55.162.188:3306/IntercomData?useUnicode=true&characterEncoding=UTF8, maxAdministrativeTaskTime -> 0, maxConnectionAge -> 0, maxIdleTime -> 20, maxIdleTimeExcessConnections -> 0, maxPoolSize -> 1000, maxStatements -> 8, maxStatementsPerConnection -> 5, minPoolSize -> 3, numHelperThreads -> 3, numThreadsAwaitingCheckoutDefaultUser -> 0, preferredTestQuery -> null, properties -> {user=******, password=******}, propertyCycle -> 0, testConnectionOnCheckin -> false, testConnectionOnCheckout -> false, unreturnedConnectionTimeout -> 0, usesTraditionalReflectiveProxies -> false ]] of Hibernate SessionFactory for HibernateTransactionManager
  2017-08-21 17:50:56 [ INFO] - sz.lzh.conversation.config.Configure : 读取了本地配置文件：F:\java-neon\workspace\IntercomServer\conf\config.properties
  2017-08-21 17:51:04 [ INFO] - net.easyits.tcp.connect.TcpAcceptor : 端口【6666】开始监听
  2017-08-21 17:51:04 [ INFO] - net.easyits.tcp.connect.TcpAcceptor : 端口【6000】开始监听
  2017-08-21 17:51:04 [ INFO] - net.easyits.tcp.connect.TcpAcceptor : 端口【6001】开始监听
  2017-08-21 17:51:04 [ INFO] - net.easyits.tcp.connect.TcpAcceptor : 端口【110】开始监听
  