2017-07-26 13:39:00 [ INFO] - org.springframework.context.support.ClassPathXmlApplicationContext : Refreshing org.springframework.context.support.ClassPathXmlApplicationContext@c4d95c7: startup date [Wed Jul 26 13:39:00 CST 2017]; root of context hierarchy
  2017-07-26 13:39:00 [ INFO] - org.springframework.beans.factory.xml.XmlBeanDefinitionReader : Loading XML bean definitions from URL [file:/F:/java-neon/workspace/IntercomServer/target/classes/ApplicationContext.xml]
  2017-07-26 13:39:01 [ INFO] - org.springframework.context.support.PropertySourcesPlaceholderConfigurer : Loading properties file from class path resource [config.properties]
  2017-07-26 13:39:01 [ INFO] - com.mchange.v2.log.MLog : MLog clients using log4j logging.
  2017-07-26 13:39:01 [ INFO] - com.mchange.v2.c3p0.C3P0Registry : Initializing c3p0-0.9.1.2 [built 21-May-2007 15:04:56; debug? true; trace: 10]
  2017-07-26 13:39:01 [ INFO] - org.hibernate.annotations.common.Version : HCANN000001: Hibernate Commons Annotations {4.0.1.Final}
  2017-07-26 13:39:01 [ INFO] - org.hibernate.Version : HHH000412: Hibernate Core {4.1.0.Final}
  2017-07-26 13:39:01 [ INFO] - org.hibernate.cfg.Environment : HHH000206: hibernate.properties not found
  2017-07-26 13:39:01 [ INFO] - org.hibernate.cfg.Environment : HHH000021: Bytecode provider name : javassist
  2017-07-26 13:39:01 [ INFO] - org.hibernate.cfg.Configuration : HHH000044: Configuring from URL: file:/F:/java-neon/workspace/IntercomServer/target/classes/hibernate.cfg.xml
  2017-07-26 13:39:01 [ INFO] - org.hibernate.cfg.Configuration : HHH000041: Configured SessionFactory: null
  2017-07-26 13:39:02 [ INFO] - com.mchange.v2.c3p0.impl.AbstractPoolBackedDataSource : Initializing c3p0 pool... com.mchange.v2.c3p0.ComboPooledDataSource [ acquireIncrement -> 5, acquireRetryAttempts -> 30, acquireRetryDelay -> 1000, autoCommitOnClose -> false, automaticTestTable -> null, breakAfterAcquireFailure -> false, checkoutTimeout -> 0, connectionCustomizerClassName -> null, connectionTesterClassName -> com.mchange.v2.c3p0.impl.DefaultConnectionTester, dataSourceName -> 2sozv79pysn2c812akku6|db363fa, debugUnreturnedConnectionStackTraces -> false, description -> null, driverClass -> com.mysql.jdbc.Driver, factoryClassLocation -> null, forceIgnoreUnresolvedTransactions -> false, identityToken -> 2sozv79pysn2c812akku6|db363fa, idleConnectionTestPeriod -> 0, initialPoolSize -> 3, jdbcUrl -> jdbc:mysql://120.55.162.188:3306/IntercomData?useUnicode=true&characterEncoding=UTF8, maxAdministrativeTaskTime -> 0, maxConnectionAge -> 0, maxIdleTime -> 20, maxIdleTimeExcessConnections -> 0, maxPoolSize -> 1000, maxStatements -> 8, maxStatementsPerConnection -> 5, minPoolSize -> 3, numHelperThreads -> 3, numThreadsAwaitingCheckoutDefaultUser -> 0, preferredTestQuery -> null, properties -> {user=******, password=******}, propertyCycle -> 0, testConnectionOnCheckin -> false, testConnectionOnCheckout -> false, unreturnedConnectionTimeout -> 0, usesTraditionalReflectiveProxies -> false ]
  2017-07-26 13:39:02 [ INFO] - org.hibernate.dialect.Dialect : HHH000400: Using dialect: org.hibernate.dialect.MySQL5InnoDBDialect
  2017-07-26 13:39:02 [ INFO] - org.hibernate.engine.jdbc.internal.LobCreatorBuilder : HHH000423: Disabling contextual LOB creation as JDBC driver reported JDBC version [3] less than 4
  2017-07-26 13:39:02 [ INFO] - org.hibernate.engine.transaction.internal.TransactionFactoryInitiator : HHH000399: Using default transaction strategy (direct JDBC transactions)
  2017-07-26 13:39:02 [ INFO] - org.hibernate.hql.internal.ast.ASTQueryTranslatorFactory : HHH000397: Using ASTQueryTranslatorFactory
  2017-07-26 13:39:02 [ INFO] - org.hibernate.tool.hbm2ddl.SchemaUpdate : HHH000228: Running hbm2ddl schema update
  2017-07-26 13:39:02 [ INFO] - org.hibernate.tool.hbm2ddl.SchemaUpdate : HHH000102: Fetching database metadata
  2017-07-26 13:39:02 [ INFO] - org.hibernate.tool.hbm2ddl.SchemaUpdate : HHH000396: Updating schema
  2017-07-26 13:39:02 [ INFO] - org.hibernate.tool.hbm2ddl.TableMetadata : HHH000261: Table found: IntercomData.groupInfo
  2017-07-26 13:39:02 [ INFO] - org.hibernate.tool.hbm2ddl.TableMetadata : HHH000037: Columns: [id, name, owner]
  2017-07-26 13:39:02 [ INFO] - org.hibernate.tool.hbm2ddl.TableMetadata : HHH000108: Foreign keys: []
  2017-07-26 13:39:02 [ INFO] - org.hibernate.tool.hbm2ddl.TableMetadata : HHH000126: Indexes: [primary]
  2017-07-26 13:39:03 [ INFO] - org.hibernate.tool.hbm2ddl.TableMetadata : HHH000261: Table found: IntercomData.groupMember
  2017-07-26 13:39:03 [ INFO] - org.hibernate.tool.hbm2ddl.TableMetadata : HHH000037: Columns: [id, username, grade, groupid]
  2017-07-26 13:39:03 [ INFO] - org.hibernate.tool.hbm2ddl.TableMetadata : HHH000108: Foreign keys: [id, username]
  2017-07-26 13:39:03 [ INFO] - org.hibernate.tool.hbm2ddl.TableMetadata : HHH000126: Indexes: [username_idx, id_idx, primary]
  2017-07-26 13:39:03 [ INFO] - org.hibernate.tool.hbm2ddl.TableMetadata : HHH000261: Table found: IntercomData.user
  2017-07-26 13:39:03 [ INFO] - org.hibernate.tool.hbm2ddl.TableMetadata : HHH000037: Columns: [id, username, nickname, password]
  2017-07-26 13:39:03 [ INFO] - org.hibernate.tool.hbm2ddl.TableMetadata : HHH000108: Foreign keys: []
  2017-07-26 13:39:03 [ INFO] - org.hibernate.tool.hbm2ddl.TableMetadata : HHH000126: Indexes: [uid_unique, primary]
  2017-07-26 13:39:03 [ INFO] - org.hibernate.tool.hbm2ddl.SchemaUpdate : HHH000232: Schema update complete
  2017-07-26 13:39:03 [ INFO] - org.springframework.orm.hibernate4.HibernateTransactionManager : Using DataSource [com.mchange.v2.c3p0.ComboPooledDataSource [ acquireIncrement -> 5, acquireRetryAttempts -> 30, acquireRetryDelay -> 1000, autoCommitOnClose -> false, automaticTestTable -> null, breakAfterAcquireFailure -> false, checkoutTimeout -> 0, connectionCustomizerClassName -> null, connectionTesterClassName -> com.mchange.v2.c3p0.impl.DefaultConnectionTester, dataSourceName -> 2sozv79pysn2c812akku6|db363fa, debugUnreturnedConnectionStackTraces -> false, description -> null, driverClass -> com.mysql.jdbc.Driver, factoryClassLocation -> null, forceIgnoreUnresolvedTransactions -> false, identityToken -> 2sozv79pysn2c812akku6|db363fa, idleConnectionTestPeriod -> 0, initialPoolSize -> 3, jdbcUrl -> jdbc:mysql://120.55.162.188:3306/IntercomData?useUnicode=true&characterEncoding=UTF8, maxAdministrativeTaskTime -> 0, maxConnectionAge -> 0, maxIdleTime -> 20, maxIdleTimeExcessConnections -> 0, maxPoolSize -> 1000, maxStatements -> 8, maxStatementsPerConnection -> 5, minPoolSize -> 3, numHelperThreads -> 3, numThreadsAwaitingCheckoutDefaultUser -> 0, preferredTestQuery -> null, properties -> {user=******, password=******}, propertyCycle -> 0, testConnectionOnCheckin -> false, testConnectionOnCheckout -> false, unreturnedConnectionTimeout -> 0, usesTraditionalReflectiveProxies -> false ]] of Hibernate SessionFactory for HibernateTransactionManager
  2017-07-26 13:39:03 [ INFO] - sz.lzh.conversation.config.Configure : 读取了本地配置文件：F:\java-neon\workspace\IntercomServer\conf\config.properties
  2017-07-26 13:39:06 [ INFO] - net.easyits.tcp.connect.TcpAcceptor : accepter:连接不正常关闭，无法打开端口【6666】,原因：Address already in use: bind
  2017-07-26 13:39:06 [ INFO] - net.easyits.tcp.connect.TcpAcceptor : 端口【6000】开始监听
  2017-07-26 13:39:06 [ INFO] - net.easyits.tcp.connect.TcpAcceptor : 端口【6001】开始监听
  2017-07-26 13:39:24 [ INFO] - org.springframework.context.support.ClassPathXmlApplicationContext : Refreshing org.springframework.context.support.ClassPathXmlApplicationContext@c4d95c7: startup date [Wed Jul 26 13:39:24 CST 2017]; root of context hierarchy
  2017-07-26 13:39:24 [ INFO] - org.springframework.beans.factory.xml.XmlBeanDefinitionReader : Loading XML bean definitions from URL [file:/F:/java-neon/workspace/IntercomServer/target/classes/ApplicationContext.xml]
  2017-07-26 13:39:25 [ INFO] - org.springframework.context.support.PropertySourcesPlaceholderConfigurer : Loading properties file from class path resource [config.properties]
  2017-07-26 13:39:25 [ INFO] - com.mchange.v2.log.MLog : MLog clients using log4j logging.
  2017-07-26 13:39:25 [ INFO] - com.mchange.v2.c3p0.C3P0Registry : Initializing c3p0-0.9.1.2 [built 21-May-2007 15:04:56; debug? true; trace: 10]
  2017-07-26 13:39:25 [ INFO] - org.hibernate.annotations.common.Version : HCANN000001: Hibernate Commons Annotations {4.0.1.Final}
  2017-07-26 13:39:25 [ INFO] - org.hibernate.Version : HHH000412: Hibernate Core {4.1.0.Final}
  2017-07-26 13:39:25 [ INFO] - org.hibernate.cfg.Environment : HHH000206: hibernate.properties not found
  2017-07-26 13:39:25 [ INFO] - org.hibernate.cfg.Environment : HHH000021: Bytecode provider name : javassist
  2017-07-26 13:39:25 [ INFO] - org.hibernate.cfg.Configuration : HHH000044: Configuring from URL: file:/F:/java-neon/workspace/IntercomServer/target/classes/hibernate.cfg.xml
  2017-07-26 13:39:25 [ INFO] - org.hibernate.cfg.Configuration : HHH000041: Configured SessionFactory: null
  2017-07-26 13:39:25 [ INFO] - com.mchange.v2.c3p0.impl.AbstractPoolBackedDataSource : Initializing c3p0 pool... com.mchange.v2.c3p0.ComboPooledDataSource [ acquireIncrement -> 5, acquireRetryAttempts -> 30, acquireRetryDelay -> 1000, autoCommitOnClose -> false, automaticTestTable -> null, breakAfterAcquireFailure -> false, checkoutTimeout -> 0, connectionCustomizerClassName -> null, connectionTesterClassName -> com.mchange.v2.c3p0.impl.DefaultConnectionTester, dataSourceName -> 2sozv79pysnkqfeborti|a8a8b1e, debugUnreturnedConnectionStackTraces -> false, description -> null, driverClass -> com.mysql.jdbc.Driver, factoryClassLocation -> null, forceIgnoreUnresolvedTransactions -> false, identityToken -> 2sozv79pysnkqfeborti|a8a8b1e, idleConnectionTestPeriod -> 0, initialPoolSize -> 3, jdbcUrl -> jdbc:mysql://120.55.162.188:3306/IntercomData?useUnicode=true&characterEncoding=UTF8, maxAdministrativeTaskTime -> 0, maxConnectionAge -> 0, maxIdleTime -> 20, maxIdleTimeExcessConnections -> 0, maxPoolSize -> 1000, maxStatements -> 8, maxStatementsPerConnection -> 5, minPoolSize -> 3, numHelperThreads -> 3, numThreadsAwaitingCheckoutDefaultUser -> 0, preferredTestQuery -> null, properties -> {user=******, password=******}, propertyCycle -> 0, testConnectionOnCheckin -> false, testConnectionOnCheckout -> false, unreturnedConnectionTimeout -> 0, usesTraditionalReflectiveProxies -> false ]
  2017-07-26 13:39:26 [ INFO] - org.hibernate.dialect.Dialect : HHH000400: Using dialect: org.hibernate.dialect.MySQL5InnoDBDialect
  2017-07-26 13:39:26 [ INFO] - org.hibernate.engine.jdbc.internal.LobCreatorBuilder : HHH000423: Disabling contextual LOB creation as JDBC driver reported JDBC version [3] less than 4
  2017-07-26 13:39:26 [ INFO] - org.hibernate.engine.transaction.internal.TransactionFactoryInitiator : HHH000399: Using default transaction strategy (direct JDBC transactions)
  2017-07-26 13:39:26 [ INFO] - org.hibernate.hql.internal.ast.ASTQueryTranslatorFactory : HHH000397: Using ASTQueryTranslatorFactory
  2017-07-26 13:39:26 [ INFO] - org.hibernate.tool.hbm2ddl.SchemaUpdate : HHH000228: Running hbm2ddl schema update
  2017-07-26 13:39:26 [ INFO] - org.hibernate.tool.hbm2ddl.SchemaUpdate : HHH000102: Fetching database metadata
  2017-07-26 13:39:26 [ INFO] - org.hibernate.tool.hbm2ddl.SchemaUpdate : HHH000396: Updating schema
  2017-07-26 13:39:26 [ INFO] - org.hibernate.tool.hbm2ddl.TableMetadata : HHH000261: Table found: IntercomData.groupInfo
  2017-07-26 13:39:26 [ INFO] - org.hibernate.tool.hbm2ddl.TableMetadata : HHH000037: Columns: [id, name, owner]
  2017-07-26 13:39:26 [ INFO] - org.hibernate.tool.hbm2ddl.TableMetadata : HHH000108: Foreign keys: []
  2017-07-26 13:39:26 [ INFO] - org.hibernate.tool.hbm2ddl.TableMetadata : HHH000126: Indexes: [primary]
  2017-07-26 13:39:26 [ INFO] - org.hibernate.tool.hbm2ddl.TableMetadata : HHH000261: Table found: IntercomData.groupMember
  2017-07-26 13:39:26 [ INFO] - org.hibernate.tool.hbm2ddl.TableMetadata : HHH000037: Columns: [id, username, grade, groupid]
  2017-07-26 13:39:26 [ INFO] - org.hibernate.tool.hbm2ddl.TableMetadata : HHH000108: Foreign keys: [id, username]
  2017-07-26 13:39:26 [ INFO] - org.hibernate.tool.hbm2ddl.TableMetadata : HHH000126: Indexes: [username_idx, id_idx, primary]
  2017-07-26 13:39:27 [ INFO] - org.hibernate.tool.hbm2ddl.TableMetadata : HHH000261: Table found: IntercomData.user
  2017-07-26 13:39:27 [ INFO] - org.hibernate.tool.hbm2ddl.TableMetadata : HHH000037: Columns: [id, username, nickname, password]
  2017-07-26 13:39:27 [ INFO] - org.hibernate.tool.hbm2ddl.TableMetadata : HHH000108: Foreign keys: []
  2017-07-26 13:39:27 [ INFO] - org.hibernate.tool.hbm2ddl.TableMetadata : HHH000126: Indexes: [uid_unique, primary]
  2017-07-26 13:39:27 [ INFO] - org.hibernate.tool.hbm2ddl.SchemaUpdate : HHH000232: Schema update complete
  2017-07-26 13:39:27 [ INFO] - org.springframework.orm.hibernate4.HibernateTransactionManager : Using DataSource [com.mchange.v2.c3p0.ComboPooledDataSource [ acquireIncrement -> 5, acquireRetryAttempts -> 30, acquireRetryDelay -> 1000, autoCommitOnClose -> false, automaticTestTable -> null, breakAfterAcquireFailure -> false, checkoutTimeout -> 0, connectionCustomizerClassName -> null, connectionTesterClassName -> com.mchange.v2.c3p0.impl.DefaultConnectionTester, dataSourceName -> 2sozv79pysnkqfeborti|a8a8b1e, debugUnreturnedConnectionStackTraces -> false, description -> null, driverClass -> com.mysql.jdbc.Driver, factoryClassLocation -> null, forceIgnoreUnresolvedTransactions -> false, identityToken -> 2sozv79pysnkqfeborti|a8a8b1e, idleConnectionTestPeriod -> 0, initialPoolSize -> 3, jdbcUrl -> jdbc:mysql://120.55.162.188:3306/IntercomData?useUnicode=true&characterEncoding=UTF8, maxAdministrativeTaskTime -> 0, maxConnectionAge -> 0, maxIdleTime -> 20, maxIdleTimeExcessConnections -> 0, maxPoolSize -> 1000, maxStatements -> 8, maxStatementsPerConnection -> 5, minPoolSize -> 3, numHelperThreads -> 3, numThreadsAwaitingCheckoutDefaultUser -> 0, preferredTestQuery -> null, properties -> {user=******, password=******}, propertyCycle -> 0, testConnectionOnCheckin -> false, testConnectionOnCheckout -> false, unreturnedConnectionTimeout -> 0, usesTraditionalReflectiveProxies -> false ]] of Hibernate SessionFactory for HibernateTransactionManager
  2017-07-26 13:39:27 [ INFO] - sz.lzh.conversation.config.Configure : 读取了本地配置文件：F:\java-neon\workspace\IntercomServer\conf\config.properties
  2017-07-26 13:39:29 [ INFO] - net.easyits.tcp.connect.TcpAcceptor : accepter:连接不正常关闭，无法打开端口【6666】,原因：Address already in use: bind
  2017-07-26 13:39:29 [ INFO] - net.easyits.tcp.connect.TcpAcceptor : 端口【6000】开始监听
  2017-07-26 13:39:29 [ INFO] - net.easyits.tcp.connect.TcpAcceptor : 端口【6001】开始监听
  2017-07-26 13:40:46 [ INFO] - org.springframework.context.support.ClassPathXmlApplicationContext : Refreshing org.springframework.context.support.ClassPathXmlApplicationContext@39a44220: startup date [Wed Jul 26 13:40:46 CST 2017]; root of context hierarchy
  2017-07-26 13:40:46 [ INFO] - org.springframework.beans.factory.xml.XmlBeanDefinitionReader : Loading XML bean definitions from URL [file:/F:/java-neon/workspace/IntercomServer/target/classes/ApplicationContext.xml]
  2017-07-26 13:40:46 [ INFO] - org.springframework.context.support.PropertySourcesPlaceholderConfigurer : Loading properties file from class path resource [config.properties]
  2017-07-26 13:40:46 [ INFO] - com.mchange.v2.log.MLog : MLog clients using log4j logging.
  2017-07-26 13:40:47 [ INFO] - com.mchange.v2.c3p0.C3P0Registry : Initializing c3p0-0.9.1.2 [built 21-May-2007 15:04:56; debug? true; trace: 10]
  2017-07-26 13:40:47 [ INFO] - org.hibernate.annotations.common.Version : HCANN000001: Hibernate Commons Annotations {4.0.1.Final}
  2017-07-26 13:40:47 [ INFO] - org.hibernate.Version : HHH000412: Hibernate Core {4.1.0.Final}
  2017-07-26 13:40:47 [ INFO] - org.hibernate.cfg.Environment : HHH000206: hibernate.properties not found
  2017-07-26 13:40:47 [ INFO] - org.hibernate.cfg.Environment : HHH000021: Bytecode provider name : javassist
  2017-07-26 13:40:47 [ INFO] - org.hibernate.cfg.Configuration : HHH000044: Configuring from URL: file:/F:/java-neon/workspace/IntercomServer/target/classes/hibernate.cfg.xml
  2017-07-26 13:40:47 [ INFO] - org.hibernate.cfg.Configuration : HHH000041: Configured SessionFactory: null
  2017-07-26 13:40:47 [ INFO] - com.mchange.v2.c3p0.impl.AbstractPoolBackedDataSource : Initializing c3p0 pool... com.mchange.v2.c3p0.ComboPooledDataSource [ acquireIncrement -> 5, acquireRetryAttempts -> 30, acquireRetryDelay -> 1000, autoCommitOnClose -> false, automaticTestTable -> null, breakAfterAcquireFailure -> false, checkoutTimeout -> 0, connectionCustomizerClassName -> null, connectionTesterClassName -> com.mchange.v2.c3p0.impl.DefaultConnectionTester, dataSourceName -> 2sozv79pyspbm31nzlicv|7c68b91c, debugUnreturnedConnectionStackTraces -> false, description -> null, driverClass -> com.mysql.jdbc.Driver, factoryClassLocation -> null, forceIgnoreUnresolvedTransactions -> false, identityToken -> 2sozv79pyspbm31nzlicv|7c68b91c, idleConnectionTestPeriod -> 0, initialPoolSize -> 3, jdbcUrl -> jdbc:mysql://120.55.162.188:3306/IntercomData?useUnicode=true&characterEncoding=UTF8, maxAdministrativeTaskTime -> 0, maxConnectionAge -> 0, maxIdleTime -> 20, maxIdleTimeExcessConnections -> 0, maxPoolSize -> 1000, maxStatements -> 8, maxStatementsPerConnection -> 5, minPoolSize -> 3, numHelperThreads -> 3, numThreadsAwaitingCheckoutDefaultUser -> 0, preferredTestQuery -> null, properties -> {user=******, password=******}, propertyCycle -> 0, testConnectionOnCheckin -> false, testConnectionOnCheckout -> false, unreturnedConnectionTimeout -> 0, usesTraditionalReflectiveProxies -> false ]
  2017-07-26 13:40:47 [ INFO] - org.hibernate.dialect.Dialect : HHH000400: Using dialect: org.hibernate.dialect.MySQL5InnoDBDialect
  2017-07-26 13:40:47 [ INFO] - org.hibernate.engine.jdbc.internal.LobCreatorBuilder : HHH000423: Disabling contextual LOB creation as JDBC driver reported JDBC version [3] less than 4
  2017-07-26 13:40:47 [ INFO] - org.hibernate.engine.transaction.internal.TransactionFactoryInitiator : HHH000399: Using default transaction strategy (direct JDBC transactions)
  2017-07-26 13:40:47 [ INFO] - org.hibernate.hql.internal.ast.ASTQueryTranslatorFactory : HHH000397: Using ASTQueryTranslatorFactory
  2017-07-26 13:40:48 [ INFO] - org.hibernate.tool.hbm2ddl.SchemaUpdate : HHH000228: Running hbm2ddl schema update
  2017-07-26 13:40:48 [ INFO] - org.hibernate.tool.hbm2ddl.SchemaUpdate : HHH000102: Fetching database metadata
  2017-07-26 13:40:48 [ INFO] - org.hibernate.tool.hbm2ddl.SchemaUpdate : HHH000396: Updating schema
  2017-07-26 13:40:48 [ INFO] - org.hibernate.tool.hbm2ddl.TableMetadata : HHH000261: Table found: IntercomData.groupInfo
  2017-07-26 13:40:48 [ INFO] - org.hibernate.tool.hbm2ddl.TableMetadata : HHH000037: Columns: [id, name, owner]
  2017-07-26 13:40:48 [ INFO] - org.hibernate.tool.hbm2ddl.TableMetadata : HHH000108: Foreign keys: []
  2017-07-26 13:40:48 [ INFO] - org.hibernate.tool.hbm2ddl.TableMetadata : HHH000126: Indexes: [primary]
  2017-07-26 13:40:48 [ INFO] - org.hibernate.tool.hbm2ddl.TableMetadata : HHH000261: Table found: IntercomData.groupMember
  2017-07-26 13:40:48 [ INFO] - org.hibernate.tool.hbm2ddl.TableMetadata : HHH000037: Columns: [id, username, grade, groupid]
  2017-07-26 13:40:48 [ INFO] - org.hibernate.tool.hbm2ddl.TableMetadata : HHH000108: Foreign keys: [id, username]
  2017-07-26 13:40:48 [ INFO] - org.hibernate.tool.hbm2ddl.TableMetadata : HHH000126: Indexes: [username_idx, id_idx, primary]
  2017-07-26 13:40:48 [ INFO] - org.hibernate.tool.hbm2ddl.TableMetadata : HHH000261: Table found: IntercomData.user
  2017-07-26 13:40:48 [ INFO] - org.hibernate.tool.hbm2ddl.TableMetadata : HHH000037: Columns: [id, username, nickname, password]
  2017-07-26 13:40:48 [ INFO] - org.hibernate.tool.hbm2ddl.TableMetadata : HHH000108: Foreign keys: []
  2017-07-26 13:40:48 [ INFO] - org.hibernate.tool.hbm2ddl.TableMetadata : HHH000126: Indexes: [uid_unique, primary]
  2017-07-26 13:40:48 [ INFO] - org.hibernate.tool.hbm2ddl.SchemaUpdate : HHH000232: Schema update complete
  2017-07-26 13:40:48 [ INFO] - org.springframework.orm.hibernate4.HibernateTransactionManager : Using DataSource [com.mchange.v2.c3p0.ComboPooledDataSource [ acquireIncrement -> 5, acquireRetryAttempts -> 30, acquireRetryDelay -> 1000, autoCommitOnClose -> false, automaticTestTable -> null, breakAfterAcquireFailure -> false, checkoutTimeout -> 0, connectionCustomizerClassName -> null, connectionTesterClassName -> com.mchange.v2.c3p0.impl.DefaultConnectionTester, dataSourceName -> 2sozv79pyspbm31nzlicv|7c68b91c, debugUnreturnedConnectionStackTraces -> false, description -> null, driverClass -> com.mysql.jdbc.Driver, factoryClassLocation -> null, forceIgnoreUnresolvedTransactions -> false, identityToken -> 2sozv79pyspbm31nzlicv|7c68b91c, idleConnectionTestPeriod -> 0, initialPoolSize -> 3, jdbcUrl -> jdbc:mysql://120.55.162.188:3306/IntercomData?useUnicode=true&characterEncoding=UTF8, maxAdministrativeTaskTime -> 0, maxConnectionAge -> 0, maxIdleTime -> 20, maxIdleTimeExcessConnections -> 0, maxPoolSize -> 1000, maxStatements -> 8, maxStatementsPerConnection -> 5, minPoolSize -> 3, numHelperThreads -> 3, numThreadsAwaitingCheckoutDefaultUser -> 0, preferredTestQuery -> null, properties -> {user=******, password=******}, propertyCycle -> 0, testConnectionOnCheckin -> false, testConnectionOnCheckout -> false, unreturnedConnectionTimeout -> 0, usesTraditionalReflectiveProxies -> false ]] of Hibernate SessionFactory for HibernateTransactionManager
  2017-07-26 13:40:48 [ INFO] - sz.lzh.conversation.config.Configure : 读取了本地配置文件：F:\java-neon\workspace\IntercomServer\conf\config.properties
  2017-07-26 13:40:51 [ INFO] - net.easyits.tcp.connect.TcpAcceptor : accepter:连接不正常关闭，无法打开端口【6666】,原因：Address already in use: bind
  2017-07-26 13:40:51 [ INFO] - net.easyits.tcp.connect.TcpAcceptor : 端口【6000】开始监听
  2017-07-26 13:40:51 [ INFO] - net.easyits.tcp.connect.TcpAcceptor : 端口【6001】开始监听
  2017-07-26 13:41:16 [ INFO] - org.springframework.context.support.ClassPathXmlApplicationContext : Refreshing org.springframework.context.support.ClassPathXmlApplicationContext@39a44220: startup date [Wed Jul 26 13:41:16 CST 2017]; root of context hierarchy
  2017-07-26 13:41:16 [ INFO] - org.springframework.beans.factory.xml.XmlBeanDefinitionReader : Loading XML bean definitions from URL [file:/F:/java-neon/workspace/IntercomServer/target/classes/ApplicationContext.xml]
  2017-07-26 13:41:17 [ INFO] - org.springframework.context.support.PropertySourcesPlaceholderConfigurer : Loading properties file from class path resource [config.properties]
  2017-07-26 13:41:17 [ INFO] - com.mchange.v2.log.MLog : MLog clients using log4j logging.
  2017-07-26 13:41:17 [ INFO] - com.mchange.v2.c3p0.C3P0Registry : Initializing c3p0-0.9.1.2 [built 21-May-2007 15:04:56; debug? true; trace: 10]
  2017-07-26 13:41:17 [ INFO] - org.hibernate.annotations.common.Version : HCANN000001: Hibernate Commons Annotations {4.0.1.Final}
  2017-07-26 13:41:17 [ INFO] - org.hibernate.Version : HHH000412: Hibernate Core {4.1.0.Final}
  2017-07-26 13:41:17 [ INFO] - org.hibernate.cfg.Environment : HHH000206: hibernate.properties not found
  2017-07-26 13:41:17 [ INFO] - org.hibernate.cfg.Environment : HHH000021: Bytecode provider name : javassist
  2017-07-26 13:41:17 [ INFO] - org.hibernate.cfg.Configuration : HHH000044: Configuring from URL: file:/F:/java-neon/workspace/IntercomServer/target/classes/hibernate.cfg.xml
  2017-07-26 13:41:17 [ INFO] - org.hibernate.cfg.Configuration : HHH000041: Configured SessionFactory: null
  2017-07-26 13:41:18 [ INFO] - com.mchange.v2.c3p0.impl.AbstractPoolBackedDataSource : Initializing c3p0 pool... com.mchange.v2.c3p0.ComboPooledDataSource [ acquireIncrement -> 5, acquireRetryAttempts -> 30, acquireRetryDelay -> 1000, autoCommitOnClose -> false, automaticTestTable -> null, breakAfterAcquireFailure -> false, checkoutTimeout -> 0, connectionCustomizerClassName -> null, connectionTesterClassName -> com.mchange.v2.c3p0.impl.DefaultConnectionTester, dataSourceName -> 2sozv79pyspz80af1pmr|43b71a61, debugUnreturnedConnectionStackTraces -> false, description -> null, driverClass -> com.mysql.jdbc.Driver, factoryClassLocation -> null, forceIgnoreUnresolvedTransactions -> false, identityToken -> 2sozv79pyspz80af1pmr|43b71a61, idleConnectionTestPeriod -> 0, initialPoolSize -> 3, jdbcUrl -> jdbc:mysql://120.55.162.188:3306/IntercomData?useUnicode=true&characterEncoding=UTF8, maxAdministrativeTaskTime -> 0, maxConnectionAge -> 0, maxIdleTime -> 20, maxIdleTimeExcessConnections -> 0, maxPoolSize -> 1000, maxStatements -> 8, maxStatementsPerConnection -> 5, minPoolSize -> 3, numHelperThreads -> 3, numThreadsAwaitingCheckoutDefaultUser -> 0, preferredTestQuery -> null, properties -> {user=******, password=******}, propertyCycle -> 0, testConnectionOnCheckin -> false, testConnectionOnCheckout -> false, unreturnedConnectionTimeout -> 0, usesTraditionalReflectiveProxies -> false ]
  2017-07-26 13:41:18 [ INFO] - org.hibernate.dialect.Dialect : HHH000400: Using dialect: org.hibernate.dialect.MySQL5InnoDBDialect
  2017-07-26 13:41:18 [ INFO] - org.hibernate.engine.jdbc.internal.LobCreatorBuilder : HHH000423: Disabling contextual LOB creation as JDBC driver reported JDBC version [3] less than 4
  2017-07-26 13:41:18 [ INFO] - org.hibernate.engine.transaction.internal.TransactionFactoryInitiator : HHH000399: Using default transaction strategy (direct JDBC transactions)
  2017-07-26 13:41:18 [ INFO] - org.hibernate.hql.internal.ast.ASTQueryTranslatorFactory : HHH000397: Using ASTQueryTranslatorFactory
  2017-07-26 13:41:18 [ INFO] - org.hibernate.tool.hbm2ddl.SchemaUpdate : HHH000228: Running hbm2ddl schema update
  2017-07-26 13:41:18 [ INFO] - org.hibernate.tool.hbm2ddl.SchemaUpdate : HHH000102: Fetching database metadata
  2017-07-26 13:41:18 [ INFO] - org.hibernate.tool.hbm2ddl.SchemaUpdate : HHH000396: Updating schema
  2017-07-26 13:41:18 [ INFO] - org.hibernate.tool.hbm2ddl.TableMetadata : HHH000261: Table found: IntercomData.groupInfo
  2017-07-26 13:41:18 [ INFO] - org.hibernate.tool.hbm2ddl.TableMetadata : HHH000037: Columns: [id, name, owner]
  2017-07-26 13:41:18 [ INFO] - org.hibernate.tool.hbm2ddl.TableMetadata : HHH000108: Foreign keys: []
  2017-07-26 13:41:18 [ INFO] - org.hibernate.tool.hbm2ddl.TableMetadata : HHH000126: Indexes: [primary]
  2017-07-26 13:41:19 [ INFO] - org.hibernate.tool.hbm2ddl.TableMetadata : HHH000261: Table found: IntercomData.groupMember
  2017-07-26 13:41:19 [ INFO] - org.hibernate.tool.hbm2ddl.TableMetadata : HHH000037: Columns: [id, username, grade, groupid]
  2017-07-26 13:41:19 [ INFO] - org.hibernate.tool.hbm2ddl.TableMetadata : HHH000108: Foreign keys: [id, username]
  2017-07-26 13:41:19 [ INFO] - org.hibernate.tool.hbm2ddl.TableMetadata : HHH000126: Indexes: [username_idx, id_idx, primary]
  2017-07-26 13:41:19 [ INFO] - org.hibernate.tool.hbm2ddl.TableMetadata : HHH000261: Table found: IntercomData.user
  2017-07-26 13:41:19 [ INFO] - org.hibernate.tool.hbm2ddl.TableMetadata : HHH000037: Columns: [id, username, nickname, password]
  2017-07-26 13:41:19 [ INFO] - org.hibernate.tool.hbm2ddl.TableMetadata : HHH000108: Foreign keys: []
  2017-07-26 13:41:19 [ INFO] - org.hibernate.tool.hbm2ddl.TableMetadata : HHH000126: Indexes: [uid_unique, primary]
  2017-07-26 13:41:19 [ INFO] - org.hibernate.tool.hbm2ddl.SchemaUpdate : HHH000232: Schema update complete
  2017-07-26 13:41:19 [ INFO] - org.springframework.orm.hibernate4.HibernateTransactionManager : Using DataSource [com.mchange.v2.c3p0.ComboPooledDataSource [ acquireIncrement -> 5, acquireRetryAttempts -> 30, acquireRetryDelay -> 1000, autoCommitOnClose -> false, automaticTestTable -> null, breakAfterAcquireFailure -> false, checkoutTimeout -> 0, connectionCustomizerClassName -> null, connectionTesterClassName -> com.mchange.v2.c3p0.impl.DefaultConnectionTester, dataSourceName -> 2sozv79pyspz80af1pmr|43b71a61, debugUnreturnedConnectionStackTraces -> false, description -> null, driverClass -> com.mysql.jdbc.Driver, factoryClassLocation -> null, forceIgnoreUnresolvedTransactions -> false, identityToken -> 2sozv79pyspz80af1pmr|43b71a61, idleConnectionTestPeriod -> 0, initialPoolSize -> 3, jdbcUrl -> jdbc:mysql://120.55.162.188:3306/IntercomData?useUnicode=true&characterEncoding=UTF8, maxAdministrativeTaskTime -> 0, maxConnectionAge -> 0, maxIdleTime -> 20, maxIdleTimeExcessConnections -> 0, maxPoolSize -> 1000, maxStatements -> 8, maxStatementsPerConnection -> 5, minPoolSize -> 3, numHelperThreads -> 3, numThreadsAwaitingCheckoutDefaultUser -> 0, preferredTestQuery -> null, properties -> {user=******, password=******}, propertyCycle -> 0, testConnectionOnCheckin -> false, testConnectionOnCheckout -> false, unreturnedConnectionTimeout -> 0, usesTraditionalReflectiveProxies -> false ]] of Hibernate SessionFactory for HibernateTransactionManager
  2017-07-26 13:41:19 [ INFO] - sz.lzh.conversation.config.Configure : 读取了本地配置文件：F:\java-neon\workspace\IntercomServer\conf\config.properties
  2017-07-26 13:41:22 [ INFO] - net.easyits.tcp.connect.TcpAcceptor : accepter:连接不正常关闭，无法打开端口【6666】,原因：Address already in use: bind
  2017-07-26 13:41:22 [ INFO] - net.easyits.tcp.connect.TcpAcceptor : 端口【6000】开始监听
  2017-07-26 13:41:22 [ INFO] - net.easyits.tcp.connect.TcpAcceptor : 端口【6001】开始监听
  2017-07-26 14:09:24 [ INFO] - org.springframework.context.support.ClassPathXmlApplicationContext : Refreshing org.springframework.context.support.ClassPathXmlApplicationContext@4ef16070: startup date [Wed Jul 26 14:09:24 CST 2017]; root of context hierarchy
  2017-07-26 14:09:24 [ INFO] - org.springframework.beans.factory.xml.XmlBeanDefinitionReader : Loading XML bean definitions from URL [file:/F:/java-neon/workspace/IntercomServer/target/classes/ApplicationContext.xml]
  2017-07-26 14:09:24 [ INFO] - org.springframework.context.support.PropertySourcesPlaceholderConfigurer : Loading properties file from class path resource [config.properties]
  2017-07-26 14:09:25 [ INFO] - com.mchange.v2.log.MLog : MLog clients using log4j logging.
  2017-07-26 14:09:25 [ INFO] - com.mchange.v2.c3p0.C3P0Registry : Initializing c3p0-0.9.1.2 [built 21-May-2007 15:04:56; debug? true; trace: 10]
  2017-07-26 14:09:25 [ INFO] - org.hibernate.annotations.common.Version : HCANN000001: Hibernate Commons Annotations {4.0.1.Final}
  2017-07-26 14:09:25 [ INFO] - org.hibernate.Version : HHH000412: Hibernate Core {4.1.0.Final}
  2017-07-26 14:09:25 [ INFO] - org.hibernate.cfg.Environment : HHH000206: hibernate.properties not found
  2017-07-26 14:09:25 [ INFO] - org.hibernate.cfg.Environment : HHH000021: Bytecode provider name : javassist
  2017-07-26 14:09:25 [ INFO] - org.hibernate.cfg.Configuration : HHH000044: Configuring from URL: file:/F:/java-neon/workspace/IntercomServer/target/classes/hibernate.cfg.xml
  2017-07-26 14:09:25 [ INFO] - org.hibernate.cfg.Configuration : HHH000041: Configured SessionFactory: null
  2017-07-26 14:09:25 [ INFO] - com.mchange.v2.c3p0.impl.AbstractPoolBackedDataSource : Initializing c3p0 pool... com.mchange.v2.c3p0.ComboPooledDataSource [ acquireIncrement -> 5, acquireRetryAttempts -> 30, acquireRetryDelay -> 1000, autoCommitOnClose -> false, automaticTestTable -> null, breakAfterAcquireFailure -> false, checkoutTimeout -> 0, connectionCustomizerClassName -> null, connectionTesterClassName -> com.mchange.v2.c3p0.impl.DefaultConnectionTester, dataSourceName -> 2sozv79pytq5evmcrdfc|3f511d13, debugUnreturnedConnectionStackTraces -> false, description -> null, driverClass -> com.mysql.jdbc.Driver, factoryClassLocation -> null, forceIgnoreUnresolvedTransactions -> false, identityToken -> 2sozv79pytq5evmcrdfc|3f511d13, idleConnectionTestPeriod -> 0, initialPoolSize -> 3, jdbcUrl -> jdbc:mysql://120.55.162.188:3306/IntercomData?useUnicode=true&characterEncoding=UTF8, maxAdministrativeTaskTime -> 0, maxConnectionAge -> 0, maxIdleTime -> 20, maxIdleTimeExcessConnections -> 0, maxPoolSize -> 1000, maxStatements -> 8, maxStatementsPerConnection -> 5, minPoolSize -> 3, numHelperThreads -> 3, numThreadsAwaitingCheckoutDefaultUser -> 0, preferredTestQuery -> null, properties -> {user=******, password=******}, propertyCycle -> 0, testConnectionOnCheckin -> false, testConnectionOnCheckout -> false, unreturnedConnectionTimeout -> 0, usesTraditionalReflectiveProxies -> false ]
  2017-07-26 14:09:26 [ INFO] - org.hibernate.dialect.Dialect : HHH000400: Using dialect: org.hibernate.dialect.MySQL5InnoDBDialect
  2017-07-26 14:09:26 [ INFO] - org.hibernate.engine.jdbc.internal.LobCreatorBuilder : HHH000423: Disabling contextual LOB creation as JDBC driver reported JDBC version [3] less than 4
  2017-07-26 14:09:26 [ INFO] - org.hibernate.engine.transaction.internal.TransactionFactoryInitiator : HHH000399: Using default transaction strategy (direct JDBC transactions)
  2017-07-26 14:09:26 [ INFO] - org.hibernate.hql.internal.ast.ASTQueryTranslatorFactory : HHH000397: Using ASTQueryTranslatorFactory
  2017-07-26 14:09:26 [ INFO] - org.hibernate.tool.hbm2ddl.SchemaUpdate : HHH000228: Running hbm2ddl schema update
  2017-07-26 14:09:26 [ INFO] - org.hibernate.tool.hbm2ddl.SchemaUpdate : HHH000102: Fetching database metadata
  2017-07-26 14:09:26 [ INFO] - org.hibernate.tool.hbm2ddl.SchemaUpdate : HHH000396: Updating schema
  2017-07-26 14:09:26 [ INFO] - org.hibernate.tool.hbm2ddl.TableMetadata : HHH000261: Table found: IntercomData.groupInfo
  2017-07-26 14:09:26 [ INFO] - org.hibernate.tool.hbm2ddl.TableMetadata : HHH000037: Columns: [id, name, owner]
  2017-07-26 14:09:26 [ INFO] - org.hibernate.tool.hbm2ddl.TableMetadata : HHH000108: Foreign keys: []
  2017-07-26 14:09:26 [ INFO] - org.hibernate.tool.hbm2ddl.TableMetadata : HHH000126: Indexes: [primary]
  2017-07-26 14:09:26 [ INFO] - org.hibernate.tool.hbm2ddl.TableMetadata : HHH000261: Table found: IntercomData.groupMember
  2017-07-26 14:09:26 [ INFO] - org.hibernate.tool.hbm2ddl.TableMetadata : HHH000037: Columns: [id, username, grade, groupid]
  2017-07-26 14:09:26 [ INFO] - org.hibernate.tool.hbm2ddl.TableMetadata : HHH000108: Foreign keys: [id, username]
  2017-07-26 14:09:26 [ INFO] - org.hibernate.tool.hbm2ddl.TableMetadata : HHH000126: Indexes: [username_idx, id_idx, primary]
  2017-07-26 14:09:26 [ INFO] - org.hibernate.tool.hbm2ddl.TableMetadata : HHH000261: Table found: IntercomData.user
  2017-07-26 14:09:26 [ INFO] - org.hibernate.tool.hbm2ddl.TableMetadata : HHH000037: Columns: [id, username, nickname, password]
  2017-07-26 14:09:26 [ INFO] - org.hibernate.tool.hbm2ddl.TableMetadata : HHH000108: Foreign keys: []
  2017-07-26 14:09:26 [ INFO] - org.hibernate.tool.hbm2ddl.TableMetadata : HHH000126: Indexes: [uid_unique, primary]
  2017-07-26 14:09:26 [ INFO] - org.hibernate.tool.hbm2ddl.SchemaUpdate : HHH000232: Schema update complete
  2017-07-26 14:09:26 [ INFO] - org.springframework.orm.hibernate4.HibernateTransactionManager : Using DataSource [com.mchange.v2.c3p0.ComboPooledDataSource [ acquireIncrement -> 5, acquireRetryAttempts -> 30, acquireRetryDelay -> 1000, autoCommitOnClose -> false, automaticTestTable -> null, breakAfterAcquireFailure -> false, checkoutTimeout -> 0, connectionCustomizerClassName -> null, connectionTesterClassName -> com.mchange.v2.c3p0.impl.DefaultConnectionTester, dataSourceName -> 2sozv79pytq5evmcrdfc|3f511d13, debugUnreturnedConnectionStackTraces -> false, description -> null, driverClass -> com.mysql.jdbc.Driver, factoryClassLocation -> null, forceIgnoreUnresolvedTransactions -> false, identityToken -> 2sozv79pytq5evmcrdfc|3f511d13, idleConnectionTestPeriod -> 0, initialPoolSize -> 3, jdbcUrl -> jdbc:mysql://120.55.162.188:3306/IntercomData?useUnicode=true&characterEncoding=UTF8, maxAdministrativeTaskTime -> 0, maxConnectionAge -> 0, maxIdleTime -> 20, maxIdleTimeExcessConnections -> 0, maxPoolSize -> 1000, maxStatements -> 8, maxStatementsPerConnection -> 5, minPoolSize -> 3, numHelperThreads -> 3, numThreadsAwaitingCheckoutDefaultUser -> 0, preferredTestQuery -> null, properties -> {user=******, password=******}, propertyCycle -> 0, testConnectionOnCheckin -> false, testConnectionOnCheckout -> false, unreturnedConnectionTimeout -> 0, usesTraditionalReflectiveProxies -> false ]] of Hibernate SessionFactory for HibernateTransactionManager
  2017-07-26 14:09:26 [ INFO] - sz.lzh.conversation.config.Configure : 读取了本地配置文件：F:\java-neon\workspace\IntercomServer\conf\config.properties
  2017-07-26 14:09:29 [ INFO] - net.easyits.tcp.connect.TcpAcceptor : accepter:连接不正常关闭，无法打开端口【6666】,原因：Address already in use: bind
  2017-07-26 14:09:29 [ INFO] - net.easyits.tcp.connect.TcpAcceptor : 端口【6000】开始监听
  2017-07-26 14:09:29 [ INFO] - net.easyits.tcp.connect.TcpAcceptor : 端口【6001】开始监听
  2017-07-26 14:12:34 [ INFO] - org.springframework.context.support.ClassPathXmlApplicationContext : Refreshing org.springframework.context.support.ClassPathXmlApplicationContext@c4d95c7: startup date [Wed Jul 26 14:12:34 CST 2017]; root of context hierarchy
  2017-07-26 14:12:34 [ INFO] - org.springframework.beans.factory.xml.XmlBeanDefinitionReader : Loading XML bean definitions from URL [file:/F:/java-neon/workspace/IntercomServer/target/classes/ApplicationContext.xml]
  2017-07-26 14:12:35 [ INFO] - org.springframework.context.support.PropertySourcesPlaceholderConfigurer : Loading properties file from class path resource [config.properties]
  2017-07-26 14:12:35 [ INFO] - com.mchange.v2.log.MLog : MLog clients using log4j logging.
  2017-07-26 14:12:35 [ INFO] - com.mchange.v2.c3p0.C3P0Registry : Initializing c3p0-0.9.1.2 [built 21-May-2007 15:04:56; debug? true; trace: 10]
  2017-07-26 14:12:35 [ INFO] - org.hibernate.annotations.common.Version : HCANN000001: Hibernate Commons Annotations {4.0.1.Final}
  2017-07-26 14:12:35 [ INFO] - org.hibernate.Version : HHH000412: Hibernate Core {4.1.0.Final}
  2017-07-26 14:12:35 [ INFO] - org.hibernate.cfg.Environment : HHH000206: hibernate.properties not found
  2017-07-26 14:12:35 [ INFO] - org.hibernate.cfg.Environment : HHH000021: Bytecode provider name : javassist
  2017-07-26 14:12:35 [ INFO] - org.hibernate.cfg.Configuration : HHH000044: Configuring from URL: file:/F:/java-neon/workspace/IntercomServer/target/classes/hibernate.cfg.xml
  2017-07-26 14:12:35 [ INFO] - org.hibernate.cfg.Configuration : HHH000041: Configured SessionFactory: null
  2017-07-26 14:12:35 [ INFO] - com.mchange.v2.c3p0.impl.AbstractPoolBackedDataSource : Initializing c3p0 pool... com.mchange.v2.c3p0.ComboPooledDataSource [ acquireIncrement -> 5, acquireRetryAttempts -> 30, acquireRetryDelay -> 1000, autoCommitOnClose -> false, automaticTestTable -> null, breakAfterAcquireFailure -> false, checkoutTimeout -> 0, connectionCustomizerClassName -> null, connectionTesterClassName -> com.mchange.v2.c3p0.impl.DefaultConnectionTester, dataSourceName -> 2sozv79pytu83p1itzow1|db363fa, debugUnreturnedConnectionStackTraces -> false, description -> null, driverClass -> com.mysql.jdbc.Driver, factoryClassLocation -> null, forceIgnoreUnresolvedTransactions -> false, identityToken -> 2sozv79pytu83p1itzow1|db363fa, idleConnectionTestPeriod -> 0, initialPoolSize -> 3, jdbcUrl -> jdbc:mysql://120.55.162.188:3306/IntercomData?useUnicode=true&characterEncoding=UTF8, maxAdministrativeTaskTime -> 0, maxConnectionAge -> 0, maxIdleTime -> 20, maxIdleTimeExcessConnections -> 0, maxPoolSize -> 1000, maxStatements -> 8, maxStatementsPerConnection -> 5, minPoolSize -> 3, numHelperThreads -> 3, numThreadsAwaitingCheckoutDefaultUser -> 0, preferredTestQuery -> null, properties -> {user=******, password=******}, propertyCycle -> 0, testConnectionOnCheckin -> false, testConnectionOnCheckout -> false, unreturnedConnectionTimeout -> 0, usesTraditionalReflectiveProxies -> false ]
  2017-07-26 14:12:36 [ INFO] - org.hibernate.dialect.Dialect : HHH000400: Using dialect: org.hibernate.dialect.MySQL5InnoDBDialect
  2017-07-26 14:12:36 [ INFO] - org.hibernate.engine.jdbc.internal.LobCreatorBuilder : HHH000423: Disabling contextual LOB creation as JDBC driver reported JDBC version [3] less than 4
  2017-07-26 14:12:36 [ INFO] - org.hibernate.engine.transaction.internal.TransactionFactoryInitiator : HHH000399: Using default transaction strategy (direct JDBC transactions)
  2017-07-26 14:12:36 [ INFO] - org.hibernate.hql.internal.ast.ASTQueryTranslatorFactory : HHH000397: Using ASTQueryTranslatorFactory
  2017-07-26 14:12:36 [ INFO] - org.hibernate.tool.hbm2ddl.SchemaUpdate : HHH000228: Running hbm2ddl schema update
  2017-07-26 14:12:36 [ INFO] - org.hibernate.tool.hbm2ddl.SchemaUpdate : HHH000102: Fetching database metadata
  2017-07-26 14:12:36 [ INFO] - org.hibernate.tool.hbm2ddl.SchemaUpdate : HHH000396: Updating schema
  2017-07-26 14:12:36 [ INFO] - org.hibernate.tool.hbm2ddl.TableMetadata : HHH000261: Table found: IntercomData.groupInfo
  2017-07-26 14:12:36 [ INFO] - org.hibernate.tool.hbm2ddl.TableMetadata : HHH000037: Columns: [id, name, owner]
  2017-07-26 14:12:36 [ INFO] - org.hibernate.tool.hbm2ddl.TableMetadata : HHH000108: Foreign keys: []
  2017-07-26 14:12:36 [ INFO] - org.hibernate.tool.hbm2ddl.TableMetadata : HHH000126: Indexes: [primary]
  2017-07-26 14:12:37 [ INFO] - org.hibernate.tool.hbm2ddl.TableMetadata : HHH000261: Table found: IntercomData.groupMember
  2017-07-26 14:12:37 [ INFO] - org.hibernate.tool.hbm2ddl.TableMetadata : HHH000037: Columns: [id, username, grade, groupid]
  2017-07-26 14:12:37 [ INFO] - org.hibernate.tool.hbm2ddl.TableMetadata : HHH000108: Foreign keys: [id, username]
  2017-07-26 14:12:37 [ INFO] - org.hibernate.tool.hbm2ddl.TableMetadata : HHH000126: Indexes: [username_idx, id_idx, primary]
  2017-07-26 14:12:37 [ INFO] - org.hibernate.tool.hbm2ddl.TableMetadata : HHH000261: Table found: IntercomData.user
  2017-07-26 14:12:37 [ INFO] - org.hibernate.tool.hbm2ddl.TableMetadata : HHH000037: Columns: [id, username, nickname, password]
  2017-07-26 14:12:37 [ INFO] - org.hibernate.tool.hbm2ddl.TableMetadata : HHH000108: Foreign keys: []
  2017-07-26 14:12:37 [ INFO] - org.hibernate.tool.hbm2ddl.TableMetadata : HHH000126: Indexes: [uid_unique, primary]
  2017-07-26 14:12:37 [ INFO] - org.hibernate.tool.hbm2ddl.SchemaUpdate : HHH000232: Schema update complete
  2017-07-26 14:12:37 [ INFO] - org.springframework.orm.hibernate4.HibernateTransactionManager : Using DataSource [com.mchange.v2.c3p0.ComboPooledDataSource [ acquireIncrement -> 5, acquireRetryAttempts -> 30, acquireRetryDelay -> 1000, autoCommitOnClose -> false, automaticTestTable -> null, breakAfterAcquireFailure -> false, checkoutTimeout -> 0, connectionCustomizerClassName -> null, connectionTesterClassName -> com.mchange.v2.c3p0.impl.DefaultConnectionTester, dataSourceName -> 2sozv79pytu83p1itzow1|db363fa, debugUnreturnedConnectionStackTraces -> false, description -> null, driverClass -> com.mysql.jdbc.Driver, factoryClassLocation -> null, forceIgnoreUnresolvedTransactions -> false, identityToken -> 2sozv79pytu83p1itzow1|db363fa, idleConnectionTestPeriod -> 0, initialPoolSize -> 3, jdbcUrl -> jdbc:mysql://120.55.162.188:3306/IntercomData?useUnicode=true&characterEncoding=UTF8, maxAdministrativeTaskTime -> 0, maxConnectionAge -> 0, maxIdleTime -> 20, maxIdleTimeExcessConnections -> 0, maxPoolSize -> 1000, maxStatements -> 8, maxStatementsPerConnection -> 5, minPoolSize -> 3, numHelperThreads -> 3, numThreadsAwaitingCheckoutDefaultUser -> 0, preferredTestQuery -> null, properties -> {user=******, password=******}, propertyCycle -> 0, testConnectionOnCheckin -> false, testConnectionOnCheckout -> false, unreturnedConnectionTimeout -> 0, usesTraditionalReflectiveProxies -> false ]] of Hibernate SessionFactory for HibernateTransactionManager
  2017-07-26 14:12:37 [ INFO] - sz.lzh.conversation.config.Configure : 读取了本地配置文件：F:\java-neon\workspace\IntercomServer\conf\config.properties
  2017-07-26 14:12:40 [ INFO] - net.easyits.tcp.connect.TcpAcceptor : accepter:连接不正常关闭，无法打开端口【6666】,原因：Address already in use: bind
  2017-07-26 14:12:40 [ INFO] - net.easyits.tcp.connect.TcpAcceptor : accepter:连接不正常关闭，无法打开端口【6000】,原因：Address already in use: bind
  2017-07-26 14:12:40 [ INFO] - net.easyits.tcp.connect.TcpAcceptor : accepter:连接不正常关闭，无法打开端口【6001】,原因：Address already in use: bind
  2017-07-26 14:12:42 [ INFO] - org.springframework.context.support.ClassPathXmlApplicationContext : Refreshing org.springframework.context.support.ClassPathXmlApplicationContext@4ef16070: startup date [Wed Jul 26 14:12:42 CST 2017]; root of context hierarchy
  2017-07-26 14:12:42 [ INFO] - org.springframework.beans.factory.xml.XmlBeanDefinitionReader : Loading XML bean definitions from URL [file:/F:/java-neon/workspace/IntercomServer/target/classes/ApplicationContext.xml]
  2017-07-26 14:12:43 [ INFO] - org.springframework.context.support.PropertySourcesPlaceholderConfigurer : Loading properties file from class path resource [config.properties]
  2017-07-26 14:12:43 [ INFO] - com.mchange.v2.log.MLog : MLog clients using log4j logging.
  2017-07-26 14:12:43 [ INFO] - com.mchange.v2.c3p0.C3P0Registry : Initializing c3p0-0.9.1.2 [built 21-May-2007 15:04:56; debug? true; trace: 10]
  2017-07-26 14:12:43 [ INFO] - org.hibernate.annotations.common.Version : HCANN000001: Hibernate Commons Annotations {4.0.1.Final}
  2017-07-26 14:12:43 [ INFO] - org.hibernate.Version : HHH000412: Hibernate Core {4.1.0.Final}
  2017-07-26 14:12:43 [ INFO] - org.hibernate.cfg.Environment : HHH000206: hibernate.properties not found
  2017-07-26 14:12:43 [ INFO] - org.hibernate.cfg.Environment : HHH000021: Bytecode provider name : javassist
  2017-07-26 14:12:43 [ INFO] - org.hibernate.cfg.Configuration : HHH000044: Configuring from URL: file:/F:/java-neon/workspace/IntercomServer/target/classes/hibernate.cfg.xml
  2017-07-26 14:12:43 [ INFO] - org.hibernate.cfg.Configuration : HHH000041: Configured SessionFactory: null
  2017-07-26 14:12:44 [ INFO] - com.mchange.v2.c3p0.impl.AbstractPoolBackedDataSource : Initializing c3p0 pool... com.mchange.v2.c3p0.ComboPooledDataSource [ acquireIncrement -> 5, acquireRetryAttempts -> 30, acquireRetryDelay -> 1000, autoCommitOnClose -> false, automaticTestTable -> null, breakAfterAcquireFailure -> false, checkoutTimeout -> 0, connectionCustomizerClassName -> null, connectionTesterClassName -> com.mchange.v2.c3p0.impl.DefaultConnectionTester, dataSourceName -> 2sozv79pytuegi1ygaptt|7c68b91c, debugUnreturnedConnectionStackTraces -> false, description -> null, driverClass -> com.mysql.jdbc.Driver, factoryClassLocation -> null, forceIgnoreUnresolvedTransactions -> false, identityToken -> 2sozv79pytuegi1ygaptt|7c68b91c, idleConnectionTestPeriod -> 0, initialPoolSize -> 3, jdbcUrl -> jdbc:mysql://120.55.162.188:3306/IntercomData?useUnicode=true&characterEncoding=UTF8, maxAdministrativeTaskTime -> 0, maxConnectionAge -> 0, maxIdleTime -> 20, maxIdleTimeExcessConnections -> 0, maxPoolSize -> 1000, maxStatements -> 8, maxStatementsPerConnection -> 5, minPoolSize -> 3, numHelperThreads -> 3, numThreadsAwaitingCheckoutDefaultUser -> 0, preferredTestQuery -> null, properties -> {user=******, password=******}, propertyCycle -> 0, testConnectionOnCheckin -> false, testConnectionOnCheckout -> false, unreturnedConnectionTimeout -> 0, usesTraditionalReflectiveProxies -> false ]
  2017-07-26 14:12:44 [ INFO] - org.hibernate.dialect.Dialect : HHH000400: Using dialect: org.hibernate.dialect.MySQL5InnoDBDialect
  2017-07-26 14:12:44 [ INFO] - org.hibernate.engine.jdbc.internal.LobCreatorBuilder : HHH000423: Disabling contextual LOB creation as JDBC driver reported JDBC version [3] less than 4
  2017-07-26 14:12:44 [ INFO] - org.hibernate.engine.transaction.internal.TransactionFactoryInitiator : HHH000399: Using default transaction strategy (direct JDBC transactions)
  2017-07-26 14:12:44 [ INFO] - org.hibernate.hql.internal.ast.ASTQueryTranslatorFactory : HHH000397: Using ASTQueryTranslatorFactory
  2017-07-26 14:12:45 [ INFO] - org.hibernate.tool.hbm2ddl.SchemaUpdate : HHH000228: Running hbm2ddl schema update
  2017-07-26 14:12:45 [ INFO] - org.hibernate.tool.hbm2ddl.SchemaUpdate : HHH000102: Fetching database metadata
  2017-07-26 14:12:45 [ INFO] - org.hibernate.tool.hbm2ddl.SchemaUpdate : HHH000396: Updating schema
  2017-07-26 14:12:45 [ INFO] - org.hibernate.tool.hbm2ddl.TableMetadata : HHH000261: Table found: IntercomData.groupInfo
  2017-07-26 14:12:45 [ INFO] - org.hibernate.tool.hbm2ddl.TableMetadata : HHH000037: Columns: [id, name, owner]
  2017-07-26 14:12:45 [ INFO] - org.hibernate.tool.hbm2ddl.TableMetadata : HHH000108: Foreign keys: []
  2017-07-26 14:12:45 [ INFO] - org.hibernate.tool.hbm2ddl.TableMetadata : HHH000126: Indexes: [primary]
  2017-07-26 14:12:45 [ INFO] - org.hibernate.tool.hbm2ddl.TableMetadata : HHH000261: Table found: IntercomData.groupMember
  2017-07-26 14:12:45 [ INFO] - org.hibernate.tool.hbm2ddl.TableMetadata : HHH000037: Columns: [id, username, grade, groupid]
  2017-07-26 14:12:45 [ INFO] - org.hibernate.tool.hbm2ddl.TableMetadata : HHH000108: Foreign keys: [id, username]
  2017-07-26 14:12:45 [ INFO] - org.hibernate.tool.hbm2ddl.TableMetadata : HHH000126: Indexes: [username_idx, id_idx, primary]
  2017-07-26 14:12:46 [ INFO] - org.hibernate.tool.hbm2ddl.TableMetadata : HHH000261: Table found: IntercomData.user
  2017-07-26 14:12:46 [ INFO] - org.hibernate.tool.hbm2ddl.TableMetadata : HHH000037: Columns: [id, username, nickname, password]
  2017-07-26 14:12:46 [ INFO] - org.hibernate.tool.hbm2ddl.TableMetadata : HHH000108: Foreign keys: []
  2017-07-26 14:12:46 [ INFO] - org.hibernate.tool.hbm2ddl.TableMetadata : HHH000126: Indexes: [uid_unique, primary]
  2017-07-26 14:12:46 [ INFO] - org.hibernate.tool.hbm2ddl.SchemaUpdate : HHH000232: Schema update complete
  2017-07-26 14:12:46 [ INFO] - org.springframework.orm.hibernate4.HibernateTransactionManager : Using DataSource [com.mchange.v2.c3p0.ComboPooledDataSource [ acquireIncrement -> 5, acquireRetryAttempts -> 30, acquireRetryDelay -> 1000, autoCommitOnClose -> false, automaticTestTable -> null, breakAfterAcquireFailure -> false, checkoutTimeout -> 0, connectionCustomizerClassName -> null, connectionTesterClassName -> com.mchange.v2.c3p0.impl.DefaultConnectionTester, dataSourceName -> 2sozv79pytuegi1ygaptt|7c68b91c, debugUnreturnedConnectionStackTraces -> false, description -> null, driverClass -> com.mysql.jdbc.Driver, factoryClassLocation -> null, forceIgnoreUnresolvedTransactions -> false, identityToken -> 2sozv79pytuegi1ygaptt|7c68b91c, idleConnectionTestPeriod -> 0, initialPoolSize -> 3, jdbcUrl -> jdbc:mysql://120.55.162.188:3306/IntercomData?useUnicode=true&characterEncoding=UTF8, maxAdministrativeTaskTime -> 0, maxConnectionAge -> 0, maxIdleTime -> 20, maxIdleTimeExcessConnections -> 0, maxPoolSize -> 1000, maxStatements -> 8, maxStatementsPerConnection -> 5, minPoolSize -> 3, numHelperThreads -> 3, numThreadsAwaitingCheckoutDefaultUser -> 0, preferredTestQuery -> null, properties -> {user=******, password=******}, propertyCycle -> 0, testConnectionOnCheckin -> false, testConnectionOnCheckout -> false, unreturnedConnectionTimeout -> 0, usesTraditionalReflectiveProxies -> false ]] of Hibernate SessionFactory for HibernateTransactionManager
  2017-07-26 14:12:46 [ INFO] - sz.lzh.conversation.config.Configure : 读取了本地配置文件：F:\java-neon\workspace\IntercomServer\conf\config.properties
  2017-07-26 14:12:48 [ INFO] - net.easyits.tcp.connect.TcpAcceptor : accepter:连接不正常关闭，无法打开端口【6666】,原因：Address already in use: bind
  2017-07-26 14:12:48 [ INFO] - net.easyits.tcp.connect.TcpAcceptor : accepter:连接不正常关闭，无法打开端口【6000】,原因：Address already in use: bind
  2017-07-26 14:12:48 [ INFO] - net.easyits.tcp.connect.TcpAcceptor : accepter:连接不正常关闭，无法打开端口【6001】,原因：Address already in use: bind
  2017-07-26 14:22:29 [ INFO] - org.springframework.context.support.ClassPathXmlApplicationContext : Refreshing org.springframework.context.support.ClassPathXmlApplicationContext@39a44220: startup date [Wed Jul 26 14:22:29 CST 2017]; root of context hierarchy
  2017-07-26 14:22:29 [ INFO] - org.springframework.beans.factory.xml.XmlBeanDefinitionReader : Loading XML bean definitions from URL [file:/F:/java-neon/workspace/IntercomServer/target/classes/ApplicationContext.xml]
  2017-07-26 14:22:30 [ INFO] - org.springframework.context.support.PropertySourcesPlaceholderConfigurer : Loading properties file from class path resource [config.properties]
  2017-07-26 14:22:30 [ INFO] - com.mchange.v2.log.MLog : MLog clients using log4j logging.
  2017-07-26 14:22:30 [ INFO] - com.mchange.v2.c3p0.C3P0Registry : Initializing c3p0-0.9.1.2 [built 21-May-2007 15:04:56; debug? true; trace: 10]
  2017-07-26 14:22:30 [ INFO] - org.hibernate.annotations.common.Version : HCANN000001: Hibernate Commons Annotations {4.0.1.Final}
  2017-07-26 14:22:30 [ INFO] - org.hibernate.Version : HHH000412: Hibernate Core {4.1.0.Final}
  2017-07-26 14:22:30 [ INFO] - org.hibernate.cfg.Environment : HHH000206: hibernate.properties not found
  2017-07-26 14:22:30 [ INFO] - org.hibernate.cfg.Environment : HHH000021: Bytecode provider name : javassist
  2017-07-26 14:22:30 [ INFO] - org.hibernate.cfg.Configuration : HHH000044: Configuring from URL: file:/F:/java-neon/workspace/IntercomServer/target/classes/hibernate.cfg.xml
  2017-07-26 14:22:30 [ INFO] - org.hibernate.cfg.Configuration : HHH000041: Configured SessionFactory: null
  2017-07-26 14:22:31 [ INFO] - com.mchange.v2.c3p0.impl.AbstractPoolBackedDataSource : Initializing c3p0 pool... com.mchange.v2.c3p0.ComboPooledDataSource [ acquireIncrement -> 5, acquireRetryAttempts -> 30, acquireRetryDelay -> 1000, autoCommitOnClose -> false, automaticTestTable -> null, breakAfterAcquireFailure -> false, checkoutTimeout -> 0, connectionCustomizerClassName -> null, connectionTesterClassName -> com.mchange.v2.c3p0.impl.DefaultConnectionTester, dataSourceName -> 2sozv79pyu6zg5ove67h|7c68b91c, debugUnreturnedConnectionStackTraces -> false, description -> null, driverClass -> com.mysql.jdbc.Driver, factoryClassLocation -> null, forceIgnoreUnresolvedTransactions -> false, identityToken -> 2sozv79pyu6zg5ove67h|7c68b91c, idleConnectionTestPeriod -> 0, initialPoolSize -> 3, jdbcUrl -> jdbc:mysql://120.55.162.188:3306/IntercomData?useUnicode=true&characterEncoding=UTF8, maxAdministrativeTaskTime -> 0, maxConnectionAge -> 0, maxIdleTime -> 20, maxIdleTimeExcessConnections -> 0, maxPoolSize -> 1000, maxStatements -> 8, maxStatementsPerConnection -> 5, minPoolSize -> 3, numHelperThreads -> 3, numThreadsAwaitingCheckoutDefaultUser -> 0, preferredTestQuery -> null, properties -> {user=******, password=******}, propertyCycle -> 0, testConnectionOnCheckin -> false, testConnectionOnCheckout -> false, unreturnedConnectionTimeout -> 0, usesTraditionalReflectiveProxies -> false ]
  2017-07-26 14:22:31 [ INFO] - org.hibernate.dialect.Dialect : HHH000400: Using dialect: org.hibernate.dialect.MySQL5InnoDBDialect
  2017-07-26 14:22:31 [ INFO] - org.hibernate.engine.jdbc.internal.LobCreatorBuilder : HHH000423: Disabling contextual LOB creation as JDBC driver reported JDBC version [3] less than 4
  2017-07-26 14:22:31 [ INFO] - org.hibernate.engine.transaction.internal.TransactionFactoryInitiator : HHH000399: Using default transaction strategy (direct JDBC transactions)
  2017-07-26 14:22:31 [ INFO] - org.hibernate.hql.internal.ast.ASTQueryTranslatorFactory : HHH000397: Using ASTQueryTranslatorFactory
  2017-07-26 14:22:31 [ INFO] - org.hibernate.tool.hbm2ddl.SchemaUpdate : HHH000228: Running hbm2ddl schema update
  2017-07-26 14:22:31 [ INFO] - org.hibernate.tool.hbm2ddl.SchemaUpdate : HHH000102: Fetching database metadata
  2017-07-26 14:22:31 [ INFO] - org.hibernate.tool.hbm2ddl.SchemaUpdate : HHH000396: Updating schema
  2017-07-26 14:22:31 [ INFO] - org.hibernate.tool.hbm2ddl.TableMetadata : HHH000261: Table found: IntercomData.groupInfo
  2017-07-26 14:22:31 [ INFO] - org.hibernate.tool.hbm2ddl.TableMetadata : HHH000037: Columns: [id, name, owner]
  2017-07-26 14:22:31 [ INFO] - org.hibernate.tool.hbm2ddl.TableMetadata : HHH000108: Foreign keys: []
  2017-07-26 14:22:31 [ INFO] - org.hibernate.tool.hbm2ddl.TableMetadata : HHH000126: Indexes: [primary]
  2017-07-26 14:22:32 [ INFO] - org.hibernate.tool.hbm2ddl.TableMetadata : HHH000261: Table found: IntercomData.groupMember
  2017-07-26 14:22:32 [ INFO] - org.hibernate.tool.hbm2ddl.TableMetadata : HHH000037: Columns: [id, username, grade, groupid]
  2017-07-26 14:22:32 [ INFO] - org.hibernate.tool.hbm2ddl.TableMetadata : HHH000108: Foreign keys: [id, username]
  2017-07-26 14:22:32 [ INFO] - org.hibernate.tool.hbm2ddl.TableMetadata : HHH000126: Indexes: [username_idx, id_idx, primary]
  2017-07-26 14:22:32 [ INFO] - org.hibernate.tool.hbm2ddl.TableMetadata : HHH000261: Table found: IntercomData.user
  2017-07-26 14:22:32 [ INFO] - org.hibernate.tool.hbm2ddl.TableMetadata : HHH000037: Columns: [id, username, nickname, password]
  2017-07-26 14:22:32 [ INFO] - org.hibernate.tool.hbm2ddl.TableMetadata : HHH000108: Foreign keys: []
  2017-07-26 14:22:32 [ INFO] - org.hibernate.tool.hbm2ddl.TableMetadata : HHH000126: Indexes: [uid_unique, primary]
  2017-07-26 14:22:32 [ INFO] - org.hibernate.tool.hbm2ddl.SchemaUpdate : HHH000232: Schema update complete
  2017-07-26 14:22:32 [ INFO] - org.springframework.orm.hibernate4.HibernateTransactionManager : Using DataSource [com.mchange.v2.c3p0.ComboPooledDataSource [ acquireIncrement -> 5, acquireRetryAttempts -> 30, acquireRetryDelay -> 1000, autoCommitOnClose -> false, automaticTestTable -> null, breakAfterAcquireFailure -> false, checkoutTimeout -> 0, connectionCustomizerClassName -> null, connectionTesterClassName -> com.mchange.v2.c3p0.impl.DefaultConnectionTester, dataSourceName -> 2sozv79pyu6zg5ove67h|7c68b91c, debugUnreturnedConnectionStackTraces -> false, description -> null, driverClass -> com.mysql.jdbc.Driver, factoryClassLocation -> null, forceIgnoreUnresolvedTransactions -> false, identityToken -> 2sozv79pyu6zg5ove67h|7c68b91c, idleConnectionTestPeriod -> 0, initialPoolSize -> 3, jdbcUrl -> jdbc:mysql://120.55.162.188:3306/IntercomData?useUnicode=true&characterEncoding=UTF8, maxAdministrativeTaskTime -> 0, maxConnectionAge -> 0, maxIdleTime -> 20, maxIdleTimeExcessConnections -> 0, maxPoolSize -> 1000, maxStatements -> 8, maxStatementsPerConnection -> 5, minPoolSize -> 3, numHelperThreads -> 3, numThreadsAwaitingCheckoutDefaultUser -> 0, preferredTestQuery -> null, properties -> {user=******, password=******}, propertyCycle -> 0, testConnectionOnCheckin -> false, testConnectionOnCheckout -> false, unreturnedConnectionTimeout -> 0, usesTraditionalReflectiveProxies -> false ]] of Hibernate SessionFactory for HibernateTransactionManager
  2017-07-26 14:22:32 [ INFO] - sz.lzh.conversation.config.Configure : 读取了本地配置文件：F:\java-neon\workspace\IntercomServer\conf\config.properties
  2017-07-26 14:22:38 [ INFO] - org.springframework.context.support.ClassPathXmlApplicationContext : Refreshing org.springframework.context.support.ClassPathXmlApplicationContext@4ef16070: startup date [Wed Jul 26 14:22:38 CST 2017]; root of context hierarchy
  2017-07-26 14:22:38 [ INFO] - org.springframework.beans.factory.xml.XmlBeanDefinitionReader : Loading XML bean definitions from URL [file:/F:/java-neon/workspace/IntercomServer/target/classes/ApplicationContext.xml]
  2017-07-26 14:22:38 [ INFO] - org.springframework.context.support.PropertySourcesPlaceholderConfigurer : Loading properties file from class path resource [config.properties]
  2017-07-26 14:22:38 [ INFO] - com.mchange.v2.log.MLog : MLog clients using log4j logging.
  2017-07-26 14:22:38 [ INFO] - com.mchange.v2.c3p0.C3P0Registry : Initializing c3p0-0.9.1.2 [built 21-May-2007 15:04:56; debug? true; trace: 10]
  2017-07-26 14:22:39 [ INFO] - org.hibernate.annotations.common.Version : HCANN000001: Hibernate Commons Annotations {4.0.1.Final}
  2017-07-26 14:22:39 [ INFO] - org.hibernate.Version : HHH000412: Hibernate Core {4.1.0.Final}
  2017-07-26 14:22:39 [ INFO] - org.hibernate.cfg.Environment : HHH000206: hibernate.properties not found
  2017-07-26 14:22:39 [ INFO] - org.hibernate.cfg.Environment : HHH000021: Bytecode provider name : javassist
  2017-07-26 14:22:39 [ INFO] - org.hibernate.cfg.Configuration : HHH000044: Configuring from URL: file:/F:/java-neon/workspace/IntercomServer/target/classes/hibernate.cfg.xml
  2017-07-26 14:22:39 [ INFO] - org.hibernate.cfg.Configuration : HHH000041: Configured SessionFactory: null
  2017-07-26 14:22:39 [ INFO] - com.mchange.v2.c3p0.impl.AbstractPoolBackedDataSource : Initializing c3p0 pool... com.mchange.v2.c3p0.ComboPooledDataSource [ acquireIncrement -> 5, acquireRetryAttempts -> 30, acquireRetryDelay -> 1000, autoCommitOnClose -> false, automaticTestTable -> null, breakAfterAcquireFailure -> false, checkoutTimeout -> 0, connectionCustomizerClassName -> null, connectionTesterClassName -> com.mchange.v2.c3p0.impl.DefaultConnectionTester, dataSourceName -> 2sozv79pyu75u3auvhc1|7c68b91c, debugUnreturnedConnectionStackTraces -> false, description -> null, driverClass -> com.mysql.jdbc.Driver, factoryClassLocation -> null, forceIgnoreUnresolvedTransactions -> false, identityToken -> 2sozv79pyu75u3auvhc1|7c68b91c, idleConnectionTestPeriod -> 0, initialPoolSize -> 3, jdbcUrl -> jdbc:mysql://120.55.162.188:3306/IntercomData?useUnicode=true&characterEncoding=UTF8, maxAdministrativeTaskTime -> 0, maxConnectionAge -> 0, maxIdleTime -> 20, maxIdleTimeExcessConnections -> 0, maxPoolSize -> 1000, maxStatements -> 8, maxStatementsPerConnection -> 5, minPoolSize -> 3, numHelperThreads -> 3, numThreadsAwaitingCheckoutDefaultUser -> 0, preferredTestQuery -> null, properties -> {user=******, password=******}, propertyCycle -> 0, testConnectionOnCheckin -> false, testConnectionOnCheckout -> false, unreturnedConnectionTimeout -> 0, usesTraditionalReflectiveProxies -> false ]
  2017-07-26 14:22:39 [ INFO] - org.hibernate.dialect.Dialect : HHH000400: Using dialect: org.hibernate.dialect.MySQL5InnoDBDialect
  2017-07-26 14:22:39 [ INFO] - org.hibernate.engine.jdbc.internal.LobCreatorBuilder : HHH000423: Disabling contextual LOB creation as JDBC driver reported JDBC version [3] less than 4
  2017-07-26 14:22:39 [ INFO] - org.hibernate.engine.transaction.internal.TransactionFactoryInitiator : HHH000399: Using default transaction strategy (direct JDBC transactions)
  2017-07-26 14:22:39 [ INFO] - org.hibernate.hql.internal.ast.ASTQueryTranslatorFactory : HHH000397: Using ASTQueryTranslatorFactory
  2017-07-26 14:22:39 [ INFO] - org.hibernate.tool.hbm2ddl.SchemaUpdate : HHH000228: Running hbm2ddl schema update
  2017-07-26 14:22:39 [ INFO] - org.hibernate.tool.hbm2ddl.SchemaUpdate : HHH000102: Fetching database metadata
  2017-07-26 14:22:39 [ INFO] - org.hibernate.tool.hbm2ddl.SchemaUpdate : HHH000396: Updating schema
  2017-07-26 14:22:40 [ INFO] - org.hibernate.tool.hbm2ddl.TableMetadata : HHH000261: Table found: IntercomData.groupInfo
  2017-07-26 14:22:40 [ INFO] - org.hibernate.tool.hbm2ddl.TableMetadata : HHH000037: Columns: [id, name, owner]
  2017-07-26 14:22:40 [ INFO] - org.hibernate.tool.hbm2ddl.TableMetadata : HHH000108: Foreign keys: []
  2017-07-26 14:22:40 [ INFO] - org.hibernate.tool.hbm2ddl.TableMetadata : HHH000126: Indexes: [primary]
  2017-07-26 14:22:40 [ INFO] - org.hibernate.tool.hbm2ddl.TableMetadata : HHH000261: Table found: IntercomData.groupMember
  2017-07-26 14:22:40 [ INFO] - org.hibernate.tool.hbm2ddl.TableMetadata : HHH000037: Columns: [id, username, grade, groupid]
  2017-07-26 14:22:40 [ INFO] - org.hibernate.tool.hbm2ddl.TableMetadata : HHH000108: Foreign keys: [id, username]
  2017-07-26 14:22:40 [ INFO] - org.hibernate.tool.hbm2ddl.TableMetadata : HHH000126: Indexes: [username_idx, id_idx, primary]
  2017-07-26 14:22:40 [ INFO] - org.hibernate.tool.hbm2ddl.TableMetadata : HHH000261: Table found: IntercomData.user
  2017-07-26 14:22:40 [ INFO] - org.hibernate.tool.hbm2ddl.TableMetadata : HHH000037: Columns: [id, username, nickname, password]
  2017-07-26 14:22:40 [ INFO] - org.hibernate.tool.hbm2ddl.TableMetadata : HHH000108: Foreign keys: []
  2017-07-26 14:22:40 [ INFO] - org.hibernate.tool.hbm2ddl.TableMetadata : HHH000126: Indexes: [uid_unique, primary]
  2017-07-26 14:22:40 [ INFO] - org.hibernate.tool.hbm2ddl.SchemaUpdate : HHH000232: Schema update complete
  2017-07-26 14:22:40 [ INFO] - org.springframework.orm.hibernate4.HibernateTransactionManager : Using DataSource [com.mchange.v2.c3p0.ComboPooledDataSource [ acquireIncrement -> 5, acquireRetryAttempts -> 30, acquireRetryDelay -> 1000, autoCommitOnClose -> false, automaticTestTable -> null, breakAfterAcquireFailure -> false, checkoutTimeout -> 0, connectionCustomizerClassName -> null, connectionTesterClassName -> com.mchange.v2.c3p0.impl.DefaultConnectionTester, dataSourceName -> 2sozv79pyu75u3auvhc1|7c68b91c, debugUnreturnedConnectionStackTraces -> false, description -> null, driverClass -> com.mysql.jdbc.Driver, factoryClassLocation -> null, forceIgnoreUnresolvedTransactions -> false, identityToken -> 2sozv79pyu75u3auvhc1|7c68b91c, idleConnectionTestPeriod -> 0, initialPoolSize -> 3, jdbcUrl -> jdbc:mysql://120.55.162.188:3306/IntercomData?useUnicode=true&characterEncoding=UTF8, maxAdministrativeTaskTime -> 0, maxConnectionAge -> 0, maxIdleTime -> 20, maxIdleTimeExcessConnections -> 0, maxPoolSize -> 1000, maxStatements -> 8, maxStatementsPerConnection -> 5, minPoolSize -> 3, numHelperThreads -> 3, numThreadsAwaitingCheckoutDefaultUser -> 0, preferredTestQuery -> null, properties -> {user=******, password=******}, propertyCycle -> 0, testConnectionOnCheckin -> false, testConnectionOnCheckout -> false, unreturnedConnectionTimeout -> 0, usesTraditionalReflectiveProxies -> false ]] of Hibernate SessionFactory for HibernateTransactionManager
  2017-07-26 14:22:40 [ INFO] - sz.lzh.conversation.config.Configure : 读取了本地配置文件：F:\java-neon\workspace\IntercomServer\conf\config.properties
  2017-07-26 14:22:43 [ INFO] - net.easyits.tcp.connect.TcpAcceptor : accepter:连接不正常关闭，无法打开端口【6666】,原因：Address already in use: bind
  2017-07-26 14:22:43 [ INFO] - net.easyits.tcp.connect.TcpAcceptor : 端口【6000】开始监听
  2017-07-26 14:22:43 [ INFO] - net.easyits.tcp.connect.TcpAcceptor : 端口【6001】开始监听
  